<html>
<head>
<title>TestNG:  Login Regression Test</title>
<link href="../testng.css" rel="stylesheet" type="text/css" />
<link href="../my-testng.css" rel="stylesheet" type="text/css" />

<style type="text/css">
.log { display: none;} 
.stack-trace { display: none;} 
</style>
<script type="text/javascript">
<!--
function flip(e) {
  current = e.style.display;
  if (current == 'block') {
    e.style.display = 'none';
    return 0;
  }
  else {
    e.style.display = 'block';
    return 1;
  }
}

function toggleBox(szDivId, elem, msg1, msg2)
{
  var res = -1;  if (document.getElementById) {
    res = flip(document.getElementById(szDivId));
  }
  else if (document.all) {
    // this is the way old msie versions work
    res = flip(document.all[szDivId]);
  }
  if(elem) {
    if(res == 0) elem.innerHTML = msg1; else elem.innerHTML = msg2;
  }

}

function toggleAllBoxes() {
  if (document.getElementsByTagName) {
    d = document.getElementsByTagName('div');
    for (i = 0; i < d.length; i++) {
      if (d[i].className == 'log') {
        flip(d[i]);
      }
    }
  }
}

// -->
</script>

</head>
<body>
<h2 align='center'>Login Regression Test</h2><table border='1' align="center">
<tr>
<td>Tests passed/Failed/Skipped:</td><td>2/0/4</td>
</tr><tr>
<td>Started on:</td><td>Wed Jul 26 10:00:53 IST 2017</td>
</tr>
<tr><td>Total time:</td><td>66 seconds (66674 ms)</td>
</tr><tr>
<td>Included groups:</td><td></td>
</tr><tr>
<td>Excluded groups:</td><td></td>
</tr>
</table><p/>
<small><i>(Hover the method name to see the test class name)</i></small><p/>
<table width='100%' border='1' class='invocation-passed'>
<tr><td colspan='4' align='center'><b>PASSED TESTS</b></td></tr>
<tr><td><b>Test method</b></td>
<td width="30%"><b>Exception</b></td>
<td width="10%"><b>Time (seconds)</b></td>
<td><b>Instance</b></td>
</tr>
<tr>
<td title='com.hybridframework_Selenium.testcases.TC001_LoginPageTestcase.loginTestwithDifferentscenarios()'><b>loginTestwithDifferentscenarios</b><br>Test class: com.hybridframework_Selenium.testcases.TC001_LoginPageTestcase<br>Parameters: {Status=, Password=hjkhjhdjd^7, Runmode=Y, Expected_Result=, Email=test@yopmail.com}<br/>
<a href="#Output-93199773" onClick='toggleBox("Output-93199773", this, "Show output", "Hide output");'>Show output</a>

<a href="#Output-93199773" onClick="toggleAllBoxes();">Show all outputs</a>
<div class='log' id="Output-93199773">
Executable test cases is :loginTestwithDifferentscenarios<br/>
openBrowser--browserName--<br/>
Opening the firefoxBrowser in Windows 7System<br/>
navigateURL--URL--<br/>
Navigating the URL. The Domain Name is https://www.makemytrip.com/<br/>
verifyLink--login_link--<br/>
click--login_link--<br/>
Clicking the given object. and the element is =>>[[FirefoxDriver: firefox on WINDOWS (84c8fb26-441d-4770-99b4-3e40ee388d7c)] -> xpath: //*[@id='ch_login_icon']/span[2]]<br/>
input--loginemailtxtbox--Email<br/>
Entering the values in given webelement. The element name is =>>[[FirefoxDriver: firefox on WINDOWS (84c8fb26-441d-4770-99b4-3e40ee388d7c)] -> id: ch_login_email]<br/>
input--loginpasswdtxtbox--Password<br/>
Entering the values in given webelement. The element name is =>>[[FirefoxDriver: firefox on WINDOWS (84c8fb26-441d-4770-99b4-3e40ee388d7c)] -> id: ch_login_password]<br/>
click--loginlinkbtn--<br/>
Clicking the given object. and the element is =>>[[FirefoxDriver: firefox on WINDOWS (84c8fb26-441d-4770-99b4-3e40ee388d7c)] -> id: ch_login_btn]<br/>
verifySuccessMsg--loginemailtxtboxerrmsg|loginpasswdtxtboxerrmsg|afterloginusername|loginerrmsg--<br/>
close----<br/>
</div>
</td>
<td></td>
<td>42</td>
<td>com.hybridframework_Selenium.testcases.TC001_LoginPageTestcase@731f8236</td></tr>
<tr>
<td title='com.hybridframework_Selenium.testcases.TC001_LoginPageTestcase.loginTestwithDifferentscenarios()'><b>loginTestwithDifferentscenarios</b><br>Test class: com.hybridframework_Selenium.testcases.TC001_LoginPageTestcase<br>Parameters: {Status=, Password=545, Runmode=Y, Expected_Result=, Email=}<br/>
<a href="#Output-1187410086" onClick='toggleBox("Output-1187410086", this, "Show output", "Hide output");'>Show output</a>

<a href="#Output-1187410086" onClick="toggleAllBoxes();">Show all outputs</a>
<div class='log' id="Output-1187410086">
Executable test cases is :loginTestwithDifferentscenarios<br/>
openBrowser--browserName--<br/>
Opening the firefoxBrowser in Windows 7System<br/>
navigateURL--URL--<br/>
Navigating the URL. The Domain Name is https://www.makemytrip.com/<br/>
verifyLink--login_link--<br/>
click--login_link--<br/>
Clicking the given object. and the element is =>>[[FirefoxDriver: firefox on WINDOWS (a86ae3de-1e62-4089-abef-5b6f4d7e67e9)] -> xpath: //*[@id='ch_login_icon']/span[2]]<br/>
input--loginemailtxtbox--Email<br/>
Entering the values in given webelement. The element name is =>>[[FirefoxDriver: firefox on WINDOWS (a86ae3de-1e62-4089-abef-5b6f4d7e67e9)] -> id: ch_login_email]<br/>
input--loginpasswdtxtbox--Password<br/>
Entering the values in given webelement. The element name is =>>[[FirefoxDriver: firefox on WINDOWS (a86ae3de-1e62-4089-abef-5b6f4d7e67e9)] -> id: ch_login_password]<br/>
click--loginlinkbtn--<br/>
Clicking the given object. and the element is =>>[[FirefoxDriver: firefox on WINDOWS (a86ae3de-1e62-4089-abef-5b6f4d7e67e9)] -> id: ch_login_btn]<br/>
verifySuccessMsg--loginemailtxtboxerrmsg|loginpasswdtxtboxerrmsg|afterloginusername|loginerrmsg--<br/>
close----<br/>
</div>
</td>
<td></td>
<td>20</td>
<td>com.hybridframework_Selenium.testcases.TC001_LoginPageTestcase@731f8236</td></tr>
</table><p>
<table width='100%' border='1' class='invocation-skipped'>
<tr><td colspan='4' align='center'><b>SKIPPED TESTS</b></td></tr>
<tr><td><b>Test method</b></td>
<td width="30%"><b>Exception</b></td>
<td width="10%"><b>Time (seconds)</b></td>
<td><b>Instance</b></td>
</tr>
<tr>
<td title='com.hybridframework_Selenium.testcases.TC001_LoginPageTestcase.loginTestwithDifferentscenarios()'><b>loginTestwithDifferentscenarios</b><br>Test class: com.hybridframework_Selenium.testcases.TC001_LoginPageTestcase<br>Parameters: {Status=SKIP, Password=, Runmode=N, Expected_Result=-, Email=}</td>
<td><div><pre>org.testng.SkipException: User is set this test case data runmode is No
	at com.hybridframework_Selenium.testcases.TC001_LoginPageTestcase.loginTestwithDifferentscenarios(TC001_LoginPageTestcase.java:31)
... Removed 25 stack frames</pre></div><a href='#' onClick='toggleBox("stack-trace1721246982", this, "Click to show all stack frames", "Click to hide stack frames")'>Click to show all stack frames</a>
<div class='stack-trace' id='stack-trace1721246982'><pre>org.testng.SkipException: User is set this test case data runmode is No
	at com.hybridframework_Selenium.testcases.TC001_LoginPageTestcase.loginTestwithDifferentscenarios(TC001_LoginPageTestcase.java:31)
	at sun.reflect.NativeMethodAccessorImpl.invoke0(Native Method)
	at sun.reflect.NativeMethodAccessorImpl.invoke(NativeMethodAccessorImpl.java:62)
	at sun.reflect.DelegatingMethodAccessorImpl.invoke(DelegatingMethodAccessorImpl.java:43)
	at java.lang.reflect.Method.invoke(Method.java:497)
	at org.testng.internal.MethodInvocationHelper.invokeMethod(MethodInvocationHelper.java:104)
	at org.testng.internal.Invoker.invokeMethod(Invoker.java:645)
	at org.testng.internal.Invoker.invokeTestMethod(Invoker.java:851)
	at org.testng.internal.Invoker.invokeTestMethods(Invoker.java:1177)
	at org.testng.internal.TestMethodWorker.invokeTestMethods(TestMethodWorker.java:129)
	at org.testng.internal.TestMethodWorker.run(TestMethodWorker.java:112)
	at org.testng.TestRunner.privateRun(TestRunner.java:756)
	at org.testng.TestRunner.run(TestRunner.java:610)
	at org.testng.SuiteRunner.runTest(SuiteRunner.java:387)
	at org.testng.SuiteRunner.runSequentially(SuiteRunner.java:382)
	at org.testng.SuiteRunner.privateRun(SuiteRunner.java:340)
	at org.testng.SuiteRunner.run(SuiteRunner.java:289)
	at org.testng.SuiteRunnerWorker.runSuite(SuiteRunnerWorker.java:52)
	at org.testng.SuiteRunnerWorker.run(SuiteRunnerWorker.java:86)
	at org.testng.TestNG.runSuitesSequentially(TestNG.java:1293)
	at org.testng.TestNG.runSuitesLocally(TestNG.java:1218)
	at org.testng.TestNG.runSuites(TestNG.java:1133)
	at org.testng.TestNG.run(TestNG.java:1104)
	at org.testng.remote.AbstractRemoteTestNG.run(AbstractRemoteTestNG.java:132)
	at org.testng.remote.RemoteTestNG.initAndRun(RemoteTestNG.java:230)
	at org.testng.remote.RemoteTestNG.main(RemoteTestNG.java:76)
</pre></div></td>
<td>0</td>
<td>com.hybridframework_Selenium.testcases.TC001_LoginPageTestcase@731f8236</td></tr>
<tr>
<td title='com.hybridframework_Selenium.testcases.TC001_LoginPageTestcase.loginTestwithDifferentscenarios()'><b>loginTestwithDifferentscenarios</b><br>Test class: com.hybridframework_Selenium.testcases.TC001_LoginPageTestcase<br>Parameters: {Status=, Password=jakay07@, Runmode=N, Expected_Result=, Email=jakay507@gmail.com}</td>
<td><div><pre>org.testng.SkipException: User is set this test case data runmode is No
	at com.hybridframework_Selenium.testcases.TC001_LoginPageTestcase.loginTestwithDifferentscenarios(TC001_LoginPageTestcase.java:31)
... Removed 25 stack frames</pre></div><a href='#' onClick='toggleBox("stack-trace217470033", this, "Click to show all stack frames", "Click to hide stack frames")'>Click to show all stack frames</a>
<div class='stack-trace' id='stack-trace217470033'><pre>org.testng.SkipException: User is set this test case data runmode is No
	at com.hybridframework_Selenium.testcases.TC001_LoginPageTestcase.loginTestwithDifferentscenarios(TC001_LoginPageTestcase.java:31)
	at sun.reflect.NativeMethodAccessorImpl.invoke0(Native Method)
	at sun.reflect.NativeMethodAccessorImpl.invoke(NativeMethodAccessorImpl.java:62)
	at sun.reflect.DelegatingMethodAccessorImpl.invoke(DelegatingMethodAccessorImpl.java:43)
	at java.lang.reflect.Method.invoke(Method.java:497)
	at org.testng.internal.MethodInvocationHelper.invokeMethod(MethodInvocationHelper.java:104)
	at org.testng.internal.Invoker.invokeMethod(Invoker.java:645)
	at org.testng.internal.Invoker.invokeTestMethod(Invoker.java:851)
	at org.testng.internal.Invoker.invokeTestMethods(Invoker.java:1177)
	at org.testng.internal.TestMethodWorker.invokeTestMethods(TestMethodWorker.java:129)
	at org.testng.internal.TestMethodWorker.run(TestMethodWorker.java:112)
	at org.testng.TestRunner.privateRun(TestRunner.java:756)
	at org.testng.TestRunner.run(TestRunner.java:610)
	at org.testng.SuiteRunner.runTest(SuiteRunner.java:387)
	at org.testng.SuiteRunner.runSequentially(SuiteRunner.java:382)
	at org.testng.SuiteRunner.privateRun(SuiteRunner.java:340)
	at org.testng.SuiteRunner.run(SuiteRunner.java:289)
	at org.testng.SuiteRunnerWorker.runSuite(SuiteRunnerWorker.java:52)
	at org.testng.SuiteRunnerWorker.run(SuiteRunnerWorker.java:86)
	at org.testng.TestNG.runSuitesSequentially(TestNG.java:1293)
	at org.testng.TestNG.runSuitesLocally(TestNG.java:1218)
	at org.testng.TestNG.runSuites(TestNG.java:1133)
	at org.testng.TestNG.run(TestNG.java:1104)
	at org.testng.remote.AbstractRemoteTestNG.run(AbstractRemoteTestNG.java:132)
	at org.testng.remote.RemoteTestNG.initAndRun(RemoteTestNG.java:230)
	at org.testng.remote.RemoteTestNG.main(RemoteTestNG.java:76)
</pre></div></td>
<td>0</td>
<td>com.hybridframework_Selenium.testcases.TC001_LoginPageTestcase@731f8236</td></tr>
<tr>
<td title='com.hybridframework_Selenium.testcases.TC001_LoginPageTestcase.loginTestwithDifferentscenarios()'><b>loginTestwithDifferentscenarios</b><br>Test class: com.hybridframework_Selenium.testcases.TC001_LoginPageTestcase<br>Parameters: {Status=, Password=545, Runmode=N, Expected_Result=, Email=}</td>
<td><div><pre>org.testng.SkipException: User is set this test case data runmode is No
	at com.hybridframework_Selenium.testcases.TC001_LoginPageTestcase.loginTestwithDifferentscenarios(TC001_LoginPageTestcase.java:31)
... Removed 25 stack frames</pre></div><a href='#' onClick='toggleBox("stack-trace32393008", this, "Click to show all stack frames", "Click to hide stack frames")'>Click to show all stack frames</a>
<div class='stack-trace' id='stack-trace32393008'><pre>org.testng.SkipException: User is set this test case data runmode is No
	at com.hybridframework_Selenium.testcases.TC001_LoginPageTestcase.loginTestwithDifferentscenarios(TC001_LoginPageTestcase.java:31)
	at sun.reflect.NativeMethodAccessorImpl.invoke0(Native Method)
	at sun.reflect.NativeMethodAccessorImpl.invoke(NativeMethodAccessorImpl.java:62)
	at sun.reflect.DelegatingMethodAccessorImpl.invoke(DelegatingMethodAccessorImpl.java:43)
	at java.lang.reflect.Method.invoke(Method.java:497)
	at org.testng.internal.MethodInvocationHelper.invokeMethod(MethodInvocationHelper.java:104)
	at org.testng.internal.Invoker.invokeMethod(Invoker.java:645)
	at org.testng.internal.Invoker.invokeTestMethod(Invoker.java:851)
	at org.testng.internal.Invoker.invokeTestMethods(Invoker.java:1177)
	at org.testng.internal.TestMethodWorker.invokeTestMethods(TestMethodWorker.java:129)
	at org.testng.internal.TestMethodWorker.run(TestMethodWorker.java:112)
	at org.testng.TestRunner.privateRun(TestRunner.java:756)
	at org.testng.TestRunner.run(TestRunner.java:610)
	at org.testng.SuiteRunner.runTest(SuiteRunner.java:387)
	at org.testng.SuiteRunner.runSequentially(SuiteRunner.java:382)
	at org.testng.SuiteRunner.privateRun(SuiteRunner.java:340)
	at org.testng.SuiteRunner.run(SuiteRunner.java:289)
	at org.testng.SuiteRunnerWorker.runSuite(SuiteRunnerWorker.java:52)
	at org.testng.SuiteRunnerWorker.run(SuiteRunnerWorker.java:86)
	at org.testng.TestNG.runSuitesSequentially(TestNG.java:1293)
	at org.testng.TestNG.runSuitesLocally(TestNG.java:1218)
	at org.testng.TestNG.runSuites(TestNG.java:1133)
	at org.testng.TestNG.run(TestNG.java:1104)
	at org.testng.remote.AbstractRemoteTestNG.run(AbstractRemoteTestNG.java:132)
	at org.testng.remote.RemoteTestNG.initAndRun(RemoteTestNG.java:230)
	at org.testng.remote.RemoteTestNG.main(RemoteTestNG.java:76)
</pre></div></td>
<td>0</td>
<td>com.hybridframework_Selenium.testcases.TC001_LoginPageTestcase@731f8236</td></tr>
<tr>
<td title='com.hybridframework_Selenium.testcases.TC001_LoginPageTestcase.loginTestwithDifferentscenarios()'><b>loginTestwithDifferentscenarios</b><br>Test class: com.hybridframework_Selenium.testcases.TC001_LoginPageTestcase<br>Parameters: {Status=, Password=12345678, Runmode=N, Expected_Result=, Email=jakay34@gmail.com}</td>
<td><div><pre>org.testng.SkipException: User is set this test case data runmode is No
	at com.hybridframework_Selenium.testcases.TC001_LoginPageTestcase.loginTestwithDifferentscenarios(TC001_LoginPageTestcase.java:31)
... Removed 25 stack frames</pre></div><a href='#' onClick='toggleBox("stack-trace473073770", this, "Click to show all stack frames", "Click to hide stack frames")'>Click to show all stack frames</a>
<div class='stack-trace' id='stack-trace473073770'><pre>org.testng.SkipException: User is set this test case data runmode is No
	at com.hybridframework_Selenium.testcases.TC001_LoginPageTestcase.loginTestwithDifferentscenarios(TC001_LoginPageTestcase.java:31)
	at sun.reflect.NativeMethodAccessorImpl.invoke0(Native Method)
	at sun.reflect.NativeMethodAccessorImpl.invoke(NativeMethodAccessorImpl.java:62)
	at sun.reflect.DelegatingMethodAccessorImpl.invoke(DelegatingMethodAccessorImpl.java:43)
	at java.lang.reflect.Method.invoke(Method.java:497)
	at org.testng.internal.MethodInvocationHelper.invokeMethod(MethodInvocationHelper.java:104)
	at org.testng.internal.Invoker.invokeMethod(Invoker.java:645)
	at org.testng.internal.Invoker.invokeTestMethod(Invoker.java:851)
	at org.testng.internal.Invoker.invokeTestMethods(Invoker.java:1177)
	at org.testng.internal.TestMethodWorker.invokeTestMethods(TestMethodWorker.java:129)
	at org.testng.internal.TestMethodWorker.run(TestMethodWorker.java:112)
	at org.testng.TestRunner.privateRun(TestRunner.java:756)
	at org.testng.TestRunner.run(TestRunner.java:610)
	at org.testng.SuiteRunner.runTest(SuiteRunner.java:387)
	at org.testng.SuiteRunner.runSequentially(SuiteRunner.java:382)
	at org.testng.SuiteRunner.privateRun(SuiteRunner.java:340)
	at org.testng.SuiteRunner.run(SuiteRunner.java:289)
	at org.testng.SuiteRunnerWorker.runSuite(SuiteRunnerWorker.java:52)
	at org.testng.SuiteRunnerWorker.run(SuiteRunnerWorker.java:86)
	at org.testng.TestNG.runSuitesSequentially(TestNG.java:1293)
	at org.testng.TestNG.runSuitesLocally(TestNG.java:1218)
	at org.testng.TestNG.runSuites(TestNG.java:1133)
	at org.testng.TestNG.run(TestNG.java:1104)
	at org.testng.remote.AbstractRemoteTestNG.run(AbstractRemoteTestNG.java:132)
	at org.testng.remote.RemoteTestNG.initAndRun(RemoteTestNG.java:230)
	at org.testng.remote.RemoteTestNG.main(RemoteTestNG.java:76)
</pre></div></td>
<td>0</td>
<td>com.hybridframework_Selenium.testcases.TC001_LoginPageTestcase@731f8236</td></tr>
</table><p>
</body>
</html>