<html>
<head>
<title>TestNG:  Sign Up Regression Test</title>
<link href="../testng.css" rel="stylesheet" type="text/css" />
<link href="../my-testng.css" rel="stylesheet" type="text/css" />

<style type="text/css">
.log { display: none;} 
.stack-trace { display: none;} 
</style>
<script type="text/javascript">
<!--
function flip(e) {
  current = e.style.display;
  if (current == 'block') {
    e.style.display = 'none';
    return 0;
  }
  else {
    e.style.display = 'block';
    return 1;
  }
}

function toggleBox(szDivId, elem, msg1, msg2)
{
  var res = -1;  if (document.getElementById) {
    res = flip(document.getElementById(szDivId));
  }
  else if (document.all) {
    // this is the way old msie versions work
    res = flip(document.all[szDivId]);
  }
  if(elem) {
    if(res == 0) elem.innerHTML = msg1; else elem.innerHTML = msg2;
  }

}

function toggleAllBoxes() {
  if (document.getElementsByTagName) {
    d = document.getElementsByTagName('div');
    for (i = 0; i < d.length; i++) {
      if (d[i].className == 'log') {
        flip(d[i]);
      }
    }
  }
}

// -->
</script>

</head>
<body>
<h2 align='center'>Sign Up Regression Test</h2><table border='1' align="center">
<tr>
<td>Tests passed/Failed/Skipped:</td><td>1/0/3</td>
</tr><tr>
<td>Started on:</td><td>Sun Sep 10 22:15:48 IST 2017</td>
</tr>
<tr><td>Total time:</td><td>37 seconds (37126 ms)</td>
</tr><tr>
<td>Included groups:</td><td></td>
</tr><tr>
<td>Excluded groups:</td><td></td>
</tr>
</table><p/>
<small><i>(Hover the method name to see the test class name)</i></small><p/>
<table width='100%' border='1' class='invocation-passed'>
<tr><td colspan='4' align='center'><b>PASSED TESTS</b></td></tr>
<tr><td><b>Test method</b></td>
<td width="30%"><b>Exception</b></td>
<td width="10%"><b>Time (seconds)</b></td>
<td><b>Instance</b></td>
</tr>
<tr>
<td title='com.hybridframework_Selenium.testcases.TC002_SignUpPageTestcases.signUpPageTestcases()'><b>signUpPageTestcases</b><br>Test class: com.hybridframework_Selenium.testcases.TC002_SignUpPageTestcases<br>Parameters: {Status=PASS, Mobile=9985652000, Password=1.2345678E7, Runmode=Y, Expected_Result=Please enter an Email Address, Email=}<br/>
<a href="#Output-138959721" onClick='toggleBox("Output-138959721", this, "Show output", "Hide output");'>Show output</a>

<a href="#Output-138959721" onClick="toggleAllBoxes();">Show all outputs</a>
<div class='log' id="Output-138959721">
Executable test cases name is :signUpPageTestcases<br/>
openBrowser--browserName--<br/>
navigateURL--URL--<br/>
Navigating the URL. The Domain Name is https://www.makemytrip.com/<br/>
verifyTitle----MakeMyTrip - #1 Travel Website 50% OFF on Hotels, Flights & Holiday<br/>
Verifing the given domain Url title.And the Title is =>>MakeMyTrip - #1 Travel Website 50% OFF on Hotels, Flights & HolidayExpected Title is: MakeMyTrip - #1 Travel Website 50% OFF on Hotels, Flights & Holiday<br/>
verifyLink--signuplink--<br/>
click--signuplink--<br/>
Clicking the given object. and the element is =>>[[FirefoxDriver: firefox on WINDOWS (b1d1c382-0005-4be0-88ba-99f43c7ac6f3)] -> id: ch_signup_icon]<br/>
input--signupemailtxtbox--Email<br/>
Entering the values in given webelement. The element name is =>>[[FirefoxDriver: firefox on WINDOWS (b1d1c382-0005-4be0-88ba-99f43c7ac6f3)] -> id: ch_signup_email]<br/>
input--signupmobiletxtbox--Mobile<br/>
Entering the values in given webelement. The element name is =>>[[FirefoxDriver: firefox on WINDOWS (b1d1c382-0005-4be0-88ba-99f43c7ac6f3)] -> id: ch_signup_phone]<br/>
input--signuppasswdtxtbox--Password<br/>
Entering the values in given webelement. The element name is =>>[[FirefoxDriver: firefox on WINDOWS (b1d1c382-0005-4be0-88ba-99f43c7ac6f3)] -> id: ch_signup_password]<br/>
click--signupbtn--<br/>
Clicking the given object. and the element is =>>[[FirefoxDriver: firefox on WINDOWS (b1d1c382-0005-4be0-88ba-99f43c7ac6f3)] -> id: ch_signup_btn]<br/>
verifySuccessMsg--signupemailtxtboxerrmsg|signupmobiletxtboxerrmsg|signuppasswdtxtboxerrmsg|afterloginusername|signuperrmsg--Expected_Result<br/>
</div>
</td>
<td></td>
<td>25</td>
<td>com.hybridframework_Selenium.testcases.TC002_SignUpPageTestcases@4f9a3314</td></tr>
</table><p>
<table width='100%' border='1' class='invocation-skipped'>
<tr><td colspan='4' align='center'><b>SKIPPED TESTS</b></td></tr>
<tr><td><b>Test method</b></td>
<td width="30%"><b>Exception</b></td>
<td width="10%"><b>Time (seconds)</b></td>
<td><b>Instance</b></td>
</tr>
<tr>
<td title='com.hybridframework_Selenium.testcases.TC002_SignUpPageTestcases.signUpPageTestcases()'><b>signUpPageTestcases</b><br>Test class: com.hybridframework_Selenium.testcases.TC002_SignUpPageTestcases<br>Parameters: {Status=SKIP, Mobile=, Password=1.2345678E7, Runmode=N, Expected_Result=Please enter a valid Phone Number, Email=jakay507@gmail.com}</td>
<td><div><pre>org.testng.SkipException: user set this test case data runmode is no
	at com.hybridframework_Selenium.testcases.TC002_SignUpPageTestcases.signUpPageTestcases(TC002_SignUpPageTestcases.java:29)
	at sun.reflect.NativeMethodAccessorImpl.invoke0(Native Method)
	at sun.reflect.NativeMethodAccessorImpl.invoke(NativeMethodAccessorImpl.java:62)
	at sun.reflect.DelegatingMethodAccessorImpl.invoke(DelegatingMethodAccessorImpl.java:43)
	at java.lang.reflect.Method.invoke(Method.java:497)
	at org.testng.internal.MethodInvocationHelper.invokeMethod(MethodInvocationHelper.java:104)
	at org.testng.internal.Invoker.invokeMethod(Invoker.java:645)
	at org.testng.internal.Invoker.invokeTestMethod(Invoker.java:851)
	at org.testng.internal.Invoker.invokeTestMethods(Invoker.java:1177)
	at org.testng.internal.TestMethodWorker.invokeTestMethods(TestMethodWorker.java:129)
	at org.testng.internal.TestMethodWorker.run(TestMethodWorker.java:112)
	at java.util.concurrent.ThreadPoolExecutor.runWorker(ThreadPoolExecutor.java:1142)
	at java.util.concurrent.ThreadPoolExecutor$Worker.run(ThreadPoolExecutor.java:617)
	at java.lang.Thread.run(Thread.java:745)
</pre></div><a href='#' onClick='toggleBox("stack-trace1236613081", this, "Click to show all stack frames", "Click to hide stack frames")'>Click to show all stack frames</a>
<div class='stack-trace' id='stack-trace1236613081'><pre>org.testng.SkipException: user set this test case data runmode is no
	at com.hybridframework_Selenium.testcases.TC002_SignUpPageTestcases.signUpPageTestcases(TC002_SignUpPageTestcases.java:29)
	at sun.reflect.NativeMethodAccessorImpl.invoke0(Native Method)
	at sun.reflect.NativeMethodAccessorImpl.invoke(NativeMethodAccessorImpl.java:62)
	at sun.reflect.DelegatingMethodAccessorImpl.invoke(DelegatingMethodAccessorImpl.java:43)
	at java.lang.reflect.Method.invoke(Method.java:497)
	at org.testng.internal.MethodInvocationHelper.invokeMethod(MethodInvocationHelper.java:104)
	at org.testng.internal.Invoker.invokeMethod(Invoker.java:645)
	at org.testng.internal.Invoker.invokeTestMethod(Invoker.java:851)
	at org.testng.internal.Invoker.invokeTestMethods(Invoker.java:1177)
	at org.testng.internal.TestMethodWorker.invokeTestMethods(TestMethodWorker.java:129)
	at org.testng.internal.TestMethodWorker.run(TestMethodWorker.java:112)
	at java.util.concurrent.ThreadPoolExecutor.runWorker(ThreadPoolExecutor.java:1142)
	at java.util.concurrent.ThreadPoolExecutor$Worker.run(ThreadPoolExecutor.java:617)
	at java.lang.Thread.run(Thread.java:745)
</pre></div></td>
<td>0</td>
<td>com.hybridframework_Selenium.testcases.TC002_SignUpPageTestcases@4f9a3314</td></tr>
<tr>
<td title='com.hybridframework_Selenium.testcases.TC002_SignUpPageTestcases.signUpPageTestcases()'><b>signUpPageTestcases</b><br>Test class: com.hybridframework_Selenium.testcases.TC002_SignUpPageTestcases<br>Parameters: {Status=SKIP, Mobile=9985652007, Password=, Runmode=N, Expected_Result=Please enter a password, Email=jakay507@gmail.com}</td>
<td><div><pre>org.testng.SkipException: user set this test case data runmode is no
	at com.hybridframework_Selenium.testcases.TC002_SignUpPageTestcases.signUpPageTestcases(TC002_SignUpPageTestcases.java:29)
	at sun.reflect.NativeMethodAccessorImpl.invoke0(Native Method)
	at sun.reflect.NativeMethodAccessorImpl.invoke(NativeMethodAccessorImpl.java:62)
	at sun.reflect.DelegatingMethodAccessorImpl.invoke(DelegatingMethodAccessorImpl.java:43)
	at java.lang.reflect.Method.invoke(Method.java:497)
	at org.testng.internal.MethodInvocationHelper.invokeMethod(MethodInvocationHelper.java:104)
	at org.testng.internal.Invoker.invokeMethod(Invoker.java:645)
	at org.testng.internal.Invoker.invokeTestMethod(Invoker.java:851)
	at org.testng.internal.Invoker.invokeTestMethods(Invoker.java:1177)
	at org.testng.internal.TestMethodWorker.invokeTestMethods(TestMethodWorker.java:129)
	at org.testng.internal.TestMethodWorker.run(TestMethodWorker.java:112)
	at java.util.concurrent.ThreadPoolExecutor.runWorker(ThreadPoolExecutor.java:1142)
	at java.util.concurrent.ThreadPoolExecutor$Worker.run(ThreadPoolExecutor.java:617)
	at java.lang.Thread.run(Thread.java:745)
</pre></div><a href='#' onClick='toggleBox("stack-trace287691344", this, "Click to show all stack frames", "Click to hide stack frames")'>Click to show all stack frames</a>
<div class='stack-trace' id='stack-trace287691344'><pre>org.testng.SkipException: user set this test case data runmode is no
	at com.hybridframework_Selenium.testcases.TC002_SignUpPageTestcases.signUpPageTestcases(TC002_SignUpPageTestcases.java:29)
	at sun.reflect.NativeMethodAccessorImpl.invoke0(Native Method)
	at sun.reflect.NativeMethodAccessorImpl.invoke(NativeMethodAccessorImpl.java:62)
	at sun.reflect.DelegatingMethodAccessorImpl.invoke(DelegatingMethodAccessorImpl.java:43)
	at java.lang.reflect.Method.invoke(Method.java:497)
	at org.testng.internal.MethodInvocationHelper.invokeMethod(MethodInvocationHelper.java:104)
	at org.testng.internal.Invoker.invokeMethod(Invoker.java:645)
	at org.testng.internal.Invoker.invokeTestMethod(Invoker.java:851)
	at org.testng.internal.Invoker.invokeTestMethods(Invoker.java:1177)
	at org.testng.internal.TestMethodWorker.invokeTestMethods(TestMethodWorker.java:129)
	at org.testng.internal.TestMethodWorker.run(TestMethodWorker.java:112)
	at java.util.concurrent.ThreadPoolExecutor.runWorker(ThreadPoolExecutor.java:1142)
	at java.util.concurrent.ThreadPoolExecutor$Worker.run(ThreadPoolExecutor.java:617)
	at java.lang.Thread.run(Thread.java:745)
</pre></div></td>
<td>0</td>
<td>com.hybridframework_Selenium.testcases.TC002_SignUpPageTestcases@4f9a3314</td></tr>
<tr>
<td title='com.hybridframework_Selenium.testcases.TC002_SignUpPageTestcases.signUpPageTestcases()'><b>signUpPageTestcases</b><br>Test class: com.hybridframework_Selenium.testcases.TC002_SignUpPageTestcases<br>Parameters: {Status=SKIP, Mobile=9985652007, Password=7654qwert, Runmode=N, Expected_Result=Email already registered !, Email=jakay507@gmail.com}</td>
<td><div><pre>org.testng.SkipException: user set this test case data runmode is no
	at com.hybridframework_Selenium.testcases.TC002_SignUpPageTestcases.signUpPageTestcases(TC002_SignUpPageTestcases.java:29)
	at sun.reflect.NativeMethodAccessorImpl.invoke0(Native Method)
	at sun.reflect.NativeMethodAccessorImpl.invoke(NativeMethodAccessorImpl.java:62)
	at sun.reflect.DelegatingMethodAccessorImpl.invoke(DelegatingMethodAccessorImpl.java:43)
	at java.lang.reflect.Method.invoke(Method.java:497)
	at org.testng.internal.MethodInvocationHelper.invokeMethod(MethodInvocationHelper.java:104)
	at org.testng.internal.Invoker.invokeMethod(Invoker.java:645)
	at org.testng.internal.Invoker.invokeTestMethod(Invoker.java:851)
	at org.testng.internal.Invoker.invokeTestMethods(Invoker.java:1177)
	at org.testng.internal.TestMethodWorker.invokeTestMethods(TestMethodWorker.java:129)
	at org.testng.internal.TestMethodWorker.run(TestMethodWorker.java:112)
	at java.util.concurrent.ThreadPoolExecutor.runWorker(ThreadPoolExecutor.java:1142)
	at java.util.concurrent.ThreadPoolExecutor$Worker.run(ThreadPoolExecutor.java:617)
	at java.lang.Thread.run(Thread.java:745)
</pre></div><a href='#' onClick='toggleBox("stack-trace2064928337", this, "Click to show all stack frames", "Click to hide stack frames")'>Click to show all stack frames</a>
<div class='stack-trace' id='stack-trace2064928337'><pre>org.testng.SkipException: user set this test case data runmode is no
	at com.hybridframework_Selenium.testcases.TC002_SignUpPageTestcases.signUpPageTestcases(TC002_SignUpPageTestcases.java:29)
	at sun.reflect.NativeMethodAccessorImpl.invoke0(Native Method)
	at sun.reflect.NativeMethodAccessorImpl.invoke(NativeMethodAccessorImpl.java:62)
	at sun.reflect.DelegatingMethodAccessorImpl.invoke(DelegatingMethodAccessorImpl.java:43)
	at java.lang.reflect.Method.invoke(Method.java:497)
	at org.testng.internal.MethodInvocationHelper.invokeMethod(MethodInvocationHelper.java:104)
	at org.testng.internal.Invoker.invokeMethod(Invoker.java:645)
	at org.testng.internal.Invoker.invokeTestMethod(Invoker.java:851)
	at org.testng.internal.Invoker.invokeTestMethods(Invoker.java:1177)
	at org.testng.internal.TestMethodWorker.invokeTestMethods(TestMethodWorker.java:129)
	at org.testng.internal.TestMethodWorker.run(TestMethodWorker.java:112)
	at java.util.concurrent.ThreadPoolExecutor.runWorker(ThreadPoolExecutor.java:1142)
	at java.util.concurrent.ThreadPoolExecutor$Worker.run(ThreadPoolExecutor.java:617)
	at java.lang.Thread.run(Thread.java:745)
</pre></div></td>
<td>0</td>
<td>com.hybridframework_Selenium.testcases.TC002_SignUpPageTestcases@4f9a3314</td></tr>
</table><p>
</body>
</html>