<?xml version="1.0" encoding="UTF-8"?>
<!-- Generated by org.testng.reporters.JUnitXMLReporter -->
<testsuite hostname="admin-PC" ignored="0" name="Default test" tests="1" failures="0" timestamp="10 Sep 2017 16:32:40 GMT" time="0.037" errors="0">
  <testcase name="@BeforeClass selectBrowser" time="0.0" classname="com.hybridframework_Selenium.testBase.TestBase">
    <failure type="org.testng.TestNGException" message="
Parameter &amp;apos;browser&amp;apos; is required by BeforeClass on method selectBrowser but has not been marked @Optional or defined
in C:\Users\admin\AppData\Local\Temp\testng-eclipse--770410319\testng-customsuite.xml">
      <![CDATA[org.testng.TestNGException: 
Parameter 'browser' is required by BeforeClass on method selectBrowser but has not been marked @Optional or defined
in C:\Users\admin\AppData\Local\Temp\testng-eclipse--770410319\testng-customsuite.xml
	at org.testng.internal.Parameters.createParameters(Parameters.java:199)
	at org.testng.internal.Parameters.createParameters(Parameters.java:443)
	at org.testng.internal.Parameters.createConfigurationParameters(Parameters.java:118)
	at org.testng.internal.Invoker.invokeConfigurations(Invoker.java:203)
	at org.testng.internal.Invoker.invokeConfigurations(Invoker.java:144)
	at org.testng.internal.TestMethodWorker.invokeBeforeClassMethods(TestMethodWorker.java:169)
	at org.testng.internal.TestMethodWorker.run(TestMethodWorker.java:108)
	at org.testng.TestRunner.privateRun(TestRunner.java:756)
	at org.testng.TestRunner.run(TestRunner.java:610)
	at org.testng.SuiteRunner.runTest(SuiteRunner.java:387)
	at org.testng.SuiteRunner.runSequentially(SuiteRunner.java:382)
	at org.testng.SuiteRunner.privateRun(SuiteRunner.java:340)
	at org.testng.SuiteRunner.run(SuiteRunner.java:289)
	at org.testng.SuiteRunnerWorker.runSuite(SuiteRunnerWorker.java:52)
	at org.testng.SuiteRunnerWorker.run(SuiteRunnerWorker.java:86)
	at org.testng.TestNG.runSuitesSequentially(TestNG.java:1293)
	at org.testng.TestNG.runSuitesLocally(TestNG.java:1218)
	at org.testng.TestNG.runSuites(TestNG.java:1133)
	at org.testng.TestNG.run(TestNG.java:1104)
	at org.testng.remote.AbstractRemoteTestNG.run(AbstractRemoteTestNG.java:114)
	at org.testng.remote.RemoteTestNG.initAndRun(RemoteTestNG.java:251)
	at org.testng.remote.RemoteTestNG.main(RemoteTestNG.java:77)
]]>
    </failure>
  </testcase> <!-- @BeforeClass selectBrowser -->
  <testcase name="@BeforeMethod beforeExecution" time="0.0" classname="com.hybridframework_Selenium.testBase.TestBase">
    <skipped/>
  </testcase> <!-- @BeforeMethod beforeExecution -->
  <testcase name="@AfterMethod afterExecution" time="0.0" classname="com.hybridframework_Selenium.testBase.TestBase">
    <skipped/>
  </testcase> <!-- @AfterMethod afterExecution -->
  <testcase name="@AfterClass endingTest" time="0.0" classname="com.hybridframework_Selenium.testBase.TestBase">
    <skipped/>
  </testcase> <!-- @AfterClass endingTest -->
  <testcase name="hotelSearchlistTestCase" time="0.005" classname="com.hybridframework_Selenium.testcases.TC006_HotelSearchlistTestCase">
    <skipped/>
  </testcase> <!-- hotelSearchlistTestCase -->
</testsuite> <!-- Default test -->
