<!DOCTYPE html PUBLIC "-//W3C//DTD XHTML 1.1//EN" "http://www.w3.org/TR/xhtml11/DTD/xhtml11.dtd">
<html xmlns="http://www.w3.org/1999/xhtml"><head><title>TestNG Report</title><style type="text/css">table {margin-bottom:10px;border-collapse:collapse;empty-cells:show}th,td {border:1px solid #009;padding:.25em .5em}th {vertical-align:bottom}td {vertical-align:top}table a {font-weight:bold}.stripe td {background-color: #E6EBF9}.num {text-align:right}.passedodd td {background-color: #3F3}.passedeven td {background-color: #0A0}.skippedodd td {background-color: #DDD}.skippedeven td {background-color: #CCC}.failedodd td,.attn {background-color: #F33}.failedeven td,.stripe .attn {background-color: #D00}.stacktrace {white-space:pre;font-family:monospace}.totop {font-size:85%;text-align:center;border-bottom:2px solid #000}</style></head><body><table><tr><th>Test</th><th># Passed</th><th># Skipped</th><th># Failed</th><th>Time (ms)</th><th>Included Groups</th><th>Excluded Groups</th></tr><tr><th colspan="7">Make My trip Regression Test cases</th></tr><tr><td><a href="#t0">Login Regression Test</a></td><td class="num">2</td><td class="num attn">4</td><td class="num">0</td><td class="num">67,505</td><td></td><td></td></tr><tr class="stripe"><td><a href="#t1">Sign Up Regression Test</a></td><td class="num">1</td><td class="num attn">3</td><td class="num">0</td><td class="num">27,077</td><td></td><td></td></tr><tr><td><a href="#t2">Normal Login Flow Regression Test</a></td><td class="num">1</td><td class="num">0</td><td class="num">0</td><td class="num">20,578</td><td></td><td></td></tr><tr class="stripe"><td><a href="#t3">Normal Sign up flow Regression Test</a></td><td class="num">1</td><td class="num">0</td><td class="num">0</td><td class="num">67,877</td><td></td><td></td></tr><tr><td><a href="#t4">Flight Search Listing page Regression Test</a></td><td class="num">1</td><td class="num">0</td><td class="num">0</td><td class="num">59,119</td><td></td><td></td></tr><tr class="stripe"><td><a href="#t5">Hotel Search listing page Regression Test</a></td><td class="num">0</td><td class="num">0</td><td class="num attn">1</td><td class="num">205,362</td><td></td><td></td></tr><tr><th>Total</th><th class="num">6</th><th class="num attn">7</th><th class="num attn">1</th><th class="num">447,518</th><th colspan="2"></th></tr></table><table><thead><tr><th>Class</th><th>Method</th><th>Start</th><th>Time (ms)</th></tr></thead><tbody><tr><th colspan="4">Make My trip Regression Test cases</th></tr></tbody><tbody id="t0"><tr><th colspan="4">Login Regression Test &#8212; skipped</th></tr><tr class="skippedeven"><td rowspan="4">com.hybridframework_Selenium.testcases.TC001_LoginPageTestcase</td><td><a href="#m0">loginTestwithDifferentscenarios</a></td><td rowspan="4">1505063816322</td><td rowspan="4">0</td></tr><tr class="skippedeven"><td><a href="#m1">loginTestwithDifferentscenarios</a></td></tr><tr class="skippedeven"><td><a href="#m2">loginTestwithDifferentscenarios</a></td></tr><tr class="skippedeven"><td><a href="#m3">loginTestwithDifferentscenarios</a></td></tr><tr><th colspan="4">Login Regression Test &#8212; passed</th></tr><tr class="passedeven"><td rowspan="2">com.hybridframework_Selenium.testcases.TC001_LoginPageTestcase</td><td><a href="#m4">loginTestwithDifferentscenarios</a></td><td rowspan="2">1505063761469</td><td rowspan="2">35613</td></tr><tr class="passedeven"><td><a href="#m5">loginTestwithDifferentscenarios</a></td></tr></tbody><tbody id="t1"><tr><th colspan="4">Sign Up Regression Test &#8212; skipped</th></tr><tr class="skippedeven"><td rowspan="3">com.hybridframework_Selenium.testcases.TC002_SignUpPageTestcases</td><td><a href="#m6">signUpPageTestcases</a></td><td rowspan="3">1505063843710</td><td rowspan="3">0</td></tr><tr class="skippedeven"><td><a href="#m7">signUpPageTestcases</a></td></tr><tr class="skippedeven"><td><a href="#m8">signUpPageTestcases</a></td></tr><tr><th colspan="4">Sign Up Regression Test &#8212; passed</th></tr><tr class="passedeven"><td rowspan="1">com.hybridframework_Selenium.testcases.TC002_SignUpPageTestcases</td><td><a href="#m9">signUpPageTestcases</a></td><td rowspan="1">1505063823111</td><td rowspan="1">19730</td></tr></tbody><tbody id="t2"><tr><th colspan="4">Normal Login Flow Regression Test &#8212; passed</th></tr><tr class="passedeven"><td rowspan="1">com.hybridframework_Selenium.testcases.TC003_NormalFlowLoginTest</td><td><a href="#m10">normalFlowLoginTestcase</a></td><td rowspan="1">1505063846989</td><td rowspan="1">15505</td></tr></tbody><tbody id="t3"><tr><th colspan="4">Normal Sign up flow Regression Test &#8212; passed</th></tr><tr class="passedeven"><td rowspan="1">com.hybridframework_Selenium.testcases.TC004_NormalSignUpFlowTest</td><td><a href="#m11">normalSignUpTestcase</a></td><td rowspan="1">1505063867677</td><td rowspan="1">63055</td></tr></tbody><tbody id="t4"><tr><th colspan="4">Flight Search Listing page Regression Test &#8212; passed</th></tr><tr class="passedeven"><td rowspan="1">com.hybridframework_Selenium.testcases.TC005_Flight_SearchListingTestCase</td><td><a href="#m12">flight_SearchListingTestCase</a></td><td rowspan="1">1505063936339</td><td rowspan="1">53459</td></tr></tbody><tbody id="t5"><tr><th colspan="4">Hotel Search listing page Regression Test &#8212; failed</th></tr><tr class="failedeven"><td rowspan="1">com.hybridframework_Selenium.testcases.TC006_HotelSearchlistTestCase</td><td><a href="#m13">hotelSearchlistTestCase</a></td><td rowspan="1">1505063999448</td><td rowspan="1">196517</td></tr></tbody></table><h2>Login Regression Test</h2><h3 id="m0">com.hybridframework_Selenium.testcases.TC001_LoginPageTestcase#loginTestwithDifferentscenarios</h3><table class="result"><tr class="param"><th>Parameter #1</th></tr><tr class="param stripe"><td>{Status=SKIP, Password=12345678, Runmode=N, Expected_Result=User is not registered, Email=jakay34@gmail.com}</td></tr><tr><th>Exception</th></tr><tr><td><div class="stacktrace">org.testng.SkipException: User is set this test case data runmode is No
	at com.hybridframework_Selenium.testcases.TC001_LoginPageTestcase.loginTestwithDifferentscenarios(TC001_LoginPageTestcase.java:35)
	at java.util.concurrent.ThreadPoolExecutor.runWorker(ThreadPoolExecutor.java:1142)
	at java.util.concurrent.ThreadPoolExecutor$Worker.run(ThreadPoolExecutor.java:617)
	at java.lang.Thread.run(Thread.java:745)
... Removed 10 stack frames</div></td></tr></table><p class="totop"><a href="#summary">back to summary</a></p><h3 id="m1">com.hybridframework_Selenium.testcases.TC001_LoginPageTestcase#loginTestwithDifferentscenarios</h3><table class="result"><tr class="param"><th>Parameter #1</th></tr><tr class="param stripe"><td>{Status=SKIP, Password=hjkhjhdjd^7, Runmode=N, Expected_Result=Username and password doesn&apos;t match, Email=test@yopmail.com}</td></tr><tr><th>Exception</th></tr><tr><td><div class="stacktrace">org.testng.SkipException: User is set this test case data runmode is No
	at com.hybridframework_Selenium.testcases.TC001_LoginPageTestcase.loginTestwithDifferentscenarios(TC001_LoginPageTestcase.java:35)
	at java.util.concurrent.ThreadPoolExecutor.runWorker(ThreadPoolExecutor.java:1142)
	at java.util.concurrent.ThreadPoolExecutor$Worker.run(ThreadPoolExecutor.java:617)
	at java.lang.Thread.run(Thread.java:745)
... Removed 10 stack frames</div></td></tr></table><p class="totop"><a href="#summary">back to summary</a></p><h3 id="m2">com.hybridframework_Selenium.testcases.TC001_LoginPageTestcase#loginTestwithDifferentscenarios</h3><table class="result"><tr class="param"><th>Parameter #1</th></tr><tr class="param stripe"><td>{Status=SKIP, Password=, Runmode=N, Expected_Result=Please enter an Email Address, Email=}</td></tr><tr><th>Exception</th></tr><tr><td><div class="stacktrace">org.testng.SkipException: User is set this test case data runmode is No
	at com.hybridframework_Selenium.testcases.TC001_LoginPageTestcase.loginTestwithDifferentscenarios(TC001_LoginPageTestcase.java:35)
	at java.util.concurrent.ThreadPoolExecutor.runWorker(ThreadPoolExecutor.java:1142)
	at java.util.concurrent.ThreadPoolExecutor$Worker.run(ThreadPoolExecutor.java:617)
	at java.lang.Thread.run(Thread.java:745)
... Removed 10 stack frames</div></td></tr></table><p class="totop"><a href="#summary">back to summary</a></p><h3 id="m3">com.hybridframework_Selenium.testcases.TC001_LoginPageTestcase#loginTestwithDifferentscenarios</h3><table class="result"><tr class="param"><th>Parameter #1</th></tr><tr class="param stripe"><td>{Status=SKIP, Password=jakay07@, Runmode=N, Expected_Result=Hey , Email=jakay507@gmail.com}</td></tr><tr><th>Exception</th></tr><tr><td><div class="stacktrace">org.testng.SkipException: User is set this test case data runmode is No
	at com.hybridframework_Selenium.testcases.TC001_LoginPageTestcase.loginTestwithDifferentscenarios(TC001_LoginPageTestcase.java:35)
	at java.util.concurrent.ThreadPoolExecutor.runWorker(ThreadPoolExecutor.java:1142)
	at java.util.concurrent.ThreadPoolExecutor$Worker.run(ThreadPoolExecutor.java:617)
	at java.lang.Thread.run(Thread.java:745)
... Removed 10 stack frames</div></td></tr></table><p class="totop"><a href="#summary">back to summary</a></p><h3 id="m4">com.hybridframework_Selenium.testcases.TC001_LoginPageTestcase#loginTestwithDifferentscenarios</h3><table class="result"><tr class="param"><th>Parameter #1</th></tr><tr class="param stripe"><td>{Status=PASS, Password=545, Runmode=Y, Expected_Result=Please enter an Email Address, Email=}</td></tr><tr><th>Messages</th></tr><tr><td><div class="messages">Executable test cases name is :loginTestwithDifferentscenarios<br/>openBrowser--browserName--<br/>navigateURL--URL--<br/>Navigating the URL. The Domain Name is https://www.makemytrip.com/<br/>verifyLink--login_link--<br/>click--login_link--<br/>Clicking the given object. and the element is =>>[[FirefoxDriver: firefox on WINDOWS (502218bc-d95b-49ae-bd08-40bf5ca75505)] -> xpath: //*[@id='ch_login_icon']/span[2]]<br/>input--loginemailtxtbox--Email<br/>Entering the values in given webelement. The element name is =>>[[FirefoxDriver: firefox on WINDOWS (502218bc-d95b-49ae-bd08-40bf5ca75505)] -> id: ch_login_email]<br/>input--loginpasswdtxtbox--Password<br/>Entering the values in given webelement. The element name is =>>[[FirefoxDriver: firefox on WINDOWS (502218bc-d95b-49ae-bd08-40bf5ca75505)] -> id: ch_login_password]<br/>click--loginlinkbtn--<br/>Clicking the given object. and the element is =>>[[FirefoxDriver: firefox on WINDOWS (502218bc-d95b-49ae-bd08-40bf5ca75505)] -> id: ch_login_btn]<br/>verifySuccessMsg--loginemailtxtboxerrmsg|loginpasswdtxtboxerrmsg|afterloginusername|loginerrmsg--Expected_Result</div></td></tr></table><p class="totop"><a href="#summary">back to summary</a></p><h3 id="m5">com.hybridframework_Selenium.testcases.TC001_LoginPageTestcase#loginTestwithDifferentscenarios</h3><table class="result"><tr class="param"><th>Parameter #1</th></tr><tr class="param stripe"><td>{Status=PASS, Password=, Runmode=Y, Expected_Result=Please enter a password, Email=Jkay@yopmail.com}</td></tr><tr><th>Messages</th></tr><tr><td><div class="messages">Executable test cases name is :loginTestwithDifferentscenarios<br/>openBrowser--browserName--<br/>navigateURL--URL--<br/>Navigating the URL. The Domain Name is https://www.makemytrip.com/<br/>verifyLink--login_link--<br/>click--login_link--<br/>Clicking the given object. and the element is =>>[[FirefoxDriver: firefox on WINDOWS (502218bc-d95b-49ae-bd08-40bf5ca75505)] -> xpath: //*[@id='ch_login_icon']/span[2]]<br/>input--loginemailtxtbox--Email<br/>Entering the values in given webelement. The element name is =>>[[FirefoxDriver: firefox on WINDOWS (502218bc-d95b-49ae-bd08-40bf5ca75505)] -> id: ch_login_email]<br/>input--loginpasswdtxtbox--Password<br/>Entering the values in given webelement. The element name is =>>[[FirefoxDriver: firefox on WINDOWS (502218bc-d95b-49ae-bd08-40bf5ca75505)] -> id: ch_login_password]<br/>click--loginlinkbtn--<br/>Clicking the given object. and the element is =>>[[FirefoxDriver: firefox on WINDOWS (502218bc-d95b-49ae-bd08-40bf5ca75505)] -> id: ch_login_btn]<br/>verifySuccessMsg--loginemailtxtboxerrmsg|loginpasswdtxtboxerrmsg|afterloginusername|loginerrmsg--Expected_Result</div></td></tr></table><p class="totop"><a href="#summary">back to summary</a></p><h2>Sign Up Regression Test</h2><h3 id="m6">com.hybridframework_Selenium.testcases.TC002_SignUpPageTestcases#signUpPageTestcases</h3><table class="result"><tr class="param"><th>Parameter #1</th></tr><tr class="param stripe"><td>{Status=SKIP, Mobile=, Password=1.2345678E7, Runmode=N, Expected_Result=Please enter a valid Phone Number, Email=jakay507@gmail.com}</td></tr><tr><th>Exception</th></tr><tr><td><div class="stacktrace">org.testng.SkipException: user set this test case data runmode is no
	at com.hybridframework_Selenium.testcases.TC002_SignUpPageTestcases.signUpPageTestcases(TC002_SignUpPageTestcases.java:29)
	at java.util.concurrent.ThreadPoolExecutor.runWorker(ThreadPoolExecutor.java:1142)
	at java.util.concurrent.ThreadPoolExecutor$Worker.run(ThreadPoolExecutor.java:617)
	at java.lang.Thread.run(Thread.java:745)
... Removed 10 stack frames</div></td></tr></table><p class="totop"><a href="#summary">back to summary</a></p><h3 id="m7">com.hybridframework_Selenium.testcases.TC002_SignUpPageTestcases#signUpPageTestcases</h3><table class="result"><tr class="param"><th>Parameter #1</th></tr><tr class="param stripe"><td>{Status=SKIP, Mobile=9985652007, Password=, Runmode=N, Expected_Result=Please enter a password, Email=jakay507@gmail.com}</td></tr><tr><th>Exception</th></tr><tr><td><div class="stacktrace">org.testng.SkipException: user set this test case data runmode is no
	at com.hybridframework_Selenium.testcases.TC002_SignUpPageTestcases.signUpPageTestcases(TC002_SignUpPageTestcases.java:29)
	at java.util.concurrent.ThreadPoolExecutor.runWorker(ThreadPoolExecutor.java:1142)
	at java.util.concurrent.ThreadPoolExecutor$Worker.run(ThreadPoolExecutor.java:617)
	at java.lang.Thread.run(Thread.java:745)
... Removed 10 stack frames</div></td></tr></table><p class="totop"><a href="#summary">back to summary</a></p><h3 id="m8">com.hybridframework_Selenium.testcases.TC002_SignUpPageTestcases#signUpPageTestcases</h3><table class="result"><tr class="param"><th>Parameter #1</th></tr><tr class="param stripe"><td>{Status=SKIP, Mobile=9985652007, Password=7654qwert, Runmode=N, Expected_Result=Email already registered !, Email=jakay507@gmail.com}</td></tr><tr><th>Exception</th></tr><tr><td><div class="stacktrace">org.testng.SkipException: user set this test case data runmode is no
	at com.hybridframework_Selenium.testcases.TC002_SignUpPageTestcases.signUpPageTestcases(TC002_SignUpPageTestcases.java:29)
	at java.util.concurrent.ThreadPoolExecutor.runWorker(ThreadPoolExecutor.java:1142)
	at java.util.concurrent.ThreadPoolExecutor$Worker.run(ThreadPoolExecutor.java:617)
	at java.lang.Thread.run(Thread.java:745)
... Removed 10 stack frames</div></td></tr></table><p class="totop"><a href="#summary">back to summary</a></p><h3 id="m9">com.hybridframework_Selenium.testcases.TC002_SignUpPageTestcases#signUpPageTestcases</h3><table class="result"><tr class="param"><th>Parameter #1</th></tr><tr class="param stripe"><td>{Status=PASS, Mobile=9985652000, Password=1.2345678E7, Runmode=Y, Expected_Result=Please enter an Email Address, Email=}</td></tr><tr><th>Messages</th></tr><tr><td><div class="messages">Executable test cases name is :signUpPageTestcases<br/>openBrowser--browserName--<br/>navigateURL--URL--<br/>Navigating the URL. The Domain Name is https://www.makemytrip.com/<br/>verifyTitle----MakeMyTrip - #1 Travel Website 50% OFF on Hotels, Flights & Holiday<br/>Verifing the given domain Url title.And the Title is =>>MakeMyTrip - #1 Travel Website 50% OFF on Hotels, Flights & HolidayExpected Title is: MakeMyTrip - #1 Travel Website 50% OFF on Hotels, Flights & Holiday<br/>verifyLink--signuplink--<br/>click--signuplink--<br/>Clicking the given object. and the element is =>>[[FirefoxDriver: firefox on WINDOWS (fc61b268-dd79-4ed6-9453-03a37d56f37b)] -> id: ch_signup_icon]<br/>input--signupemailtxtbox--Email<br/>Entering the values in given webelement. The element name is =>>[[FirefoxDriver: firefox on WINDOWS (fc61b268-dd79-4ed6-9453-03a37d56f37b)] -> id: ch_signup_email]<br/>input--signupmobiletxtbox--Mobile<br/>Entering the values in given webelement. The element name is =>>[[FirefoxDriver: firefox on WINDOWS (fc61b268-dd79-4ed6-9453-03a37d56f37b)] -> id: ch_signup_phone]<br/>input--signuppasswdtxtbox--Password<br/>Entering the values in given webelement. The element name is =>>[[FirefoxDriver: firefox on WINDOWS (fc61b268-dd79-4ed6-9453-03a37d56f37b)] -> id: ch_signup_password]<br/>click--signupbtn--<br/>Clicking the given object. and the element is =>>[[FirefoxDriver: firefox on WINDOWS (fc61b268-dd79-4ed6-9453-03a37d56f37b)] -> id: ch_signup_btn]<br/>verifySuccessMsg--signupemailtxtboxerrmsg|signupmobiletxtboxerrmsg|signuppasswdtxtboxerrmsg|afterloginusername|signuperrmsg--Expected_Result</div></td></tr></table><p class="totop"><a href="#summary">back to summary</a></p><h2>Normal Login Flow Regression Test</h2><h3 id="m10">com.hybridframework_Selenium.testcases.TC003_NormalFlowLoginTest#normalFlowLoginTestcase</h3><table class="result"><tr><th>Messages</th></tr><tr><td><div class="messages">Executable test cases name is :normalFlowLoginTestcase<br/>openBrowser--browserName--<br/>navigateURL--URL--<br/>Navigating the URL. The Domain Name is https://www.makemytrip.com/<br/>verifyLink--login_link--<br/>click--login_link--<br/>Clicking the given object. and the element is =>>[[ChromeDriver: chrome on XP (1e3d1efa38fb5fdd72fdf9b5db49d300)] -> xpath: //*[@id='ch_login_icon']/span[2]]<br/>input--loginemailtxtbox--jakay507@gmail.com<br/>Entering the values in given webelement. The element name is =>>[[ChromeDriver: chrome on XP (1e3d1efa38fb5fdd72fdf9b5db49d300)] -> id: ch_login_email]<br/>input--loginpasswdtxtbox--jakay07@<br/>Entering the values in given webelement. The element name is =>>[[ChromeDriver: chrome on XP (1e3d1efa38fb5fdd72fdf9b5db49d300)] -> id: ch_login_password]<br/>click--loginlinkbtn--<br/>Clicking the given object. and the element is =>>[[ChromeDriver: chrome on XP (1e3d1efa38fb5fdd72fdf9b5db49d300)] -> id: ch_login_btn]<br/>waitForTextPresent--afterloginusername--HEY<br/>verifySuccessMsg--afterloginusername--HEY</div></td></tr></table><p class="totop"><a href="#summary">back to summary</a></p><h2>Normal Sign up flow Regression Test</h2><h3 id="m11">com.hybridframework_Selenium.testcases.TC004_NormalSignUpFlowTest#normalSignUpTestcase</h3><table class="result"><tr><th>Messages</th></tr><tr><td><div class="messages">Executable test cases name is :normalSignUpTestcase<br/>openBrowser--browserName--<br/>navigateURL--URL--<br/>Navigating the URL. The Domain Name is https://www.makemytrip.com/<br/>closeAnyadverdisement--homepage.screenadd.framename|homepage.screenadd.close--<br/>verifyLink--signuplink--<br/>click--signuplink--<br/>Clicking the given object. and the element is =>>[[ChromeDriver: chrome on XP (92b9302580391f72df037a815b64ab87)] -> id: ch_signup_icon]<br/>randomMailgenerator--signupemailtxtbox--priyanka@gmail.com<br/>Generated Email Address is :priyanka7130@gmail.com<br/>randomPhonenoGenerator--signupmobiletxtbox--<br/>input--signuppasswdtxtbox--priyanka8911<br/>Entering the values in given webelement. The element name is =>>[[ChromeDriver: chrome on XP (92b9302580391f72df037a815b64ab87)] -> id: ch_signup_password]<br/>click--signupbtn--<br/>Clicking the given object. and the element is =>>[[ChromeDriver: chrome on XP (92b9302580391f72df037a815b64ab87)] -> id: ch_signup_btn]<br/>verifySuccessMsg--signupemailtxtboxerrmsg|signupmobiletxtboxerrmsg|signuppasswdtxtboxerrmsg|afterloginusername|signuperrmsg--HEY</div></td></tr></table><p class="totop"><a href="#summary">back to summary</a></p><h2>Flight Search Listing page Regression Test</h2><h3 id="m12">com.hybridframework_Selenium.testcases.TC005_Flight_SearchListingTestCase#flight_SearchListingTestCase</h3><table class="result"><tr><th>Messages</th></tr><tr><td><div class="messages">Executable test cases name is :flightSearchlistTestCase<br/>openBrowser--browserName--<br/>navigateURL--URL--<br/>Navigating the URL. The Domain Name is https://www.makemytrip.com/<br/>click--homepage.from.box--<br/>Clicking the given object. and the element is =>>[[ChromeDriver: chrome on XP (4ea8886a8789fc10874c786ef1ec77a6)] -> id: hp-widget__sfrom]<br/>selectdivOptions--homepage.from.options--Delhi<br/>click--homepage.to.box--<br/>Clicking the given object. and the element is =>>[[ChromeDriver: chrome on XP (4ea8886a8789fc10874c786ef1ec77a6)] -> id: hp-widget__sTo]<br/>selectdivOptions--homepage.to.options--Mumbai<br/>click--homepage.go.date--<br/>Clicking the given object. and the element is =>>[[ChromeDriver: chrome on XP (4ea8886a8789fc10874c786ef1ec77a6)] -> id: hp-widget__depart]<br/>chooseDate----12-October 2017<br/>click--homepage.passenger--<br/>Clicking the given object. and the element is =>>[[ChromeDriver: chrome on XP (4ea8886a8789fc10874c786ef1ec77a6)] -> id: hp-widget__paxCounter]<br/>chooseAdults----2<br/>chooseChildrans----0<br/>chooseInfants----0<br/>click--homepage.passenger.done--<br/>Clicking the given object. and the element is =>>[[ChromeDriver: chrome on XP (4ea8886a8789fc10874c786ef1ec77a6)] -> xpath: //*[@id='js-filterOptins']/div/div[9]/div/p/a]<br/>verifyHiddenValue--homepage.passenger--<br/>click--homepage.class--<br/>Clicking the given object. and the element is =>>[[ChromeDriver: chrome on XP (4ea8886a8789fc10874c786ef1ec77a6)] -> id: hp-widget__class]<br/>chooseClass----Economy<br/>click--homepage.searchbtn--<br/>Clicking the given object. and the element is =>>[[ChromeDriver: chrome on XP (4ea8886a8789fc10874c786ef1ec77a6)] -> id: searchBtn]<br/>verifyTotalinSplit--listingpage.total--<br/>scrollDownVerifyCount--listingpage.nameslist|listingpage.total--<br/>printAllprojectnames--listingpage.nameslist--<br/>chooseOnBook--listingpage.nameslist|listingpage.flightprice|flightreviewpage.finalprice--6E-957<br/>verifyReviewPageGrandTotal--flightreviewpage.basefire|flightreviewpage.feesurcharges|flightreviewpage.grandtotal|flightreviewpage.total--</div></td></tr></table><p class="totop"><a href="#summary">back to summary</a></p><h2>Hotel Search listing page Regression Test</h2><h3 id="m13">com.hybridframework_Selenium.testcases.TC006_HotelSearchlistTestCase#hotelSearchlistTestCase</h3><table class="result"><tr><th>Messages</th></tr><tr><td><div class="messages">Executable test cases name is :hotelSearchlistTestCase<br/>openBrowser--browserName--<br/>navigateURL--URL--<br/>Navigating the URL. The Domain Name is https://www.makemytrip.com/<br/>click--homepage.header.hotellink--<br/>Clicking the given object. and the element is =>>[[FirefoxDriver: firefox on WINDOWS (412b4cad-61d9-4c3b-a6ed-38855449aebe)] -> id: header_tab_hotels]<br/>verifyTitle----Online Hotel Booking for Cheap, Budget & Luxury Hotels in India | MakeMyTrip.com<br/>Verifing the given domain Url title.And the Title is =>>Online Hotel Booking for Cheap, Budget & Luxury Hotels in India | MakeMyTrip.comExpected Title is: Online Hotel Booking for Cheap, Budget & Luxury Hotels in India | MakeMyTrip.com<br/>click--homepage.hotel.city.hoteltxt--<br/>Clicking the given object. and the element is =>>[[FirefoxDriver: firefox on WINDOWS (412b4cad-61d9-4c3b-a6ed-38855449aebe)] -> id: hp-widget__sDest]<br/>waitForElementPresent--homepage.citylist.optionheader--<br/>selectdivOptions--homepage.hotel.city.hoteloptions--Mumbai<br/>waitForElementPresent--homepage.datepicker.leftside.monthyear--<br/>chooseDate----12-November 2017<br/>chooseDateReturn----20-November 2017<br/>waitForInvisibility--homepage.datepicker.leftside.monthyear--<br/>click--homepage.hotel.roomguests--<br/>Clicking the given object. and the element is =>>[[FirefoxDriver: firefox on WINDOWS (412b4cad-61d9-4c3b-a6ed-38855449aebe)] -> id: hp-widget__paxCounter]<br/>waitForElementPresent--homepage.passenger.room--<br/>chooseAdults----2<br/>chooseChildrenswiththeirAge----2|1|1<br/>waitForInvisibility--homepage.hotel.roomguests.done--<br/>verifyHiddenValue--homepage.passenger--<br/>click--homepage.searchbtn--<br/>Clicking the given object. and the element is =>>[[FirefoxDriver: firefox on WINDOWS (412b4cad-61d9-4c3b-a6ed-38855449aebe)] -> id: searchBtn]<br/>waitForTextPresent--listingpage.hotelpageheading--Hotels in Mumbai<br/>clickOnFirstHotel--listingpage.hotelnamelist--<br/>switchtoWindow----<br/>waitForVisibilityOfElement--hotel.viewpage.hotelname--20<br/>click--hotel.viewpage.roomtype.header.taboption--<br/>Clicking the given object. and the element is =>>[[FirefoxDriver: firefox on WINDOWS (412b4cad-61d9-4c3b-a6ed-38855449aebe)] -> xpath: //*[@id='details-nav-roomtype']]<br/>moveCusoronElement--hotel.viewpage.roomonly.bookbtn|hotel.viewpage.roomonly.bookbtn1--<br/>clickWhichElementPresent--hotel.viewpage.roomonly.bookbtn|hotel.viewpage.roomonly.bookbtn1--<br/>waitForTextPresent--booking.confirmationpage.totaltxt--Total<br/>click--booking.confirmationpage.breakingup.arrow--<br/>Clicking the given object. and the element is =>>[[FirefoxDriver: firefox on WINDOWS (412b4cad-61d9-4c3b-a6ed-38855449aebe)] -> xpath: //*[@id='begin_review']/div[2]/div/div[1]/p]<br/>verify_BookingConfirmationDetailsprice--booking.confirmationpage.roomandnights|booking.confirmationpage.servicecharge|booking.confirmationpage.coupon|booking.confirmationpage.promodiscount|booking.confirmationpage.extracost|booking.confirmationpage.totalprice--<br/>selectDropdown--booking.confirmationpage.titledropdown--Ms.<br/>input--booking.confirmationpage.firstnametxtbox--test<br/>Entering the values in given webelement. The element name is =>>[[FirefoxDriver: firefox on WINDOWS (412b4cad-61d9-4c3b-a6ed-38855449aebe)] -> xpath: //*[@id='htR-trvlr-guestName']]<br/>input--booking.confirmationpage.lastnametxtbox--test<br/>Entering the values in given webelement. The element name is =>>[[FirefoxDriver: firefox on WINDOWS (412b4cad-61d9-4c3b-a6ed-38855449aebe)] -> xpath: //*[@id='htR-trvlr-guestLastName']]<br/>input--booking.confirmationpage.emailtxtbox--text<br/>Entering the values in given webelement. The element name is =>>[[FirefoxDriver: firefox on WINDOWS (412b4cad-61d9-4c3b-a6ed-38855449aebe)] -> xpath: //*[@id='htR-trvlr-guestEmail']]<br/>input--booking.confirmationpage.contactnotxtbox--text<br/>Entering the values in given webelement. The element name is =>>[[FirefoxDriver: firefox on WINDOWS (412b4cad-61d9-4c3b-a6ed-38855449aebe)] -> xpath: //*[@id='htR-trvlr-guestNum']]<br/>click--booking.confirmationpage.paynowbtn--<br/>Clicking the given object. and the element is =>>[[FirefoxDriver: firefox on WINDOWS (412b4cad-61d9-4c3b-a6ed-38855449aebe)] -> xpath: //a[@id='makePaymentId']]</div></td></tr><tr><th>Exception</th></tr><tr><td><div class="stacktrace">org.openqa.selenium.WebDriverException: Element &lt;a href=&quot;javascript:void(0);&quot; class=&quot;btn htR-paymnt-btn text-uppercase append_bottom10&quot; id=&quot;makePaymentId&quot; onclick=&quot;makePayment(this);&quot;&gt;&lt;/a&gt; is not clickable at point (1091.5, 30). Other element would receive the click: &lt;span&gt;&lt;/span&gt;
Command duration or timeout: 104 milliseconds
Build info: version: &apos;3.1.0&apos;, revision: &apos;b94c902&apos;, time: &apos;2017-02-16 12:21:31 -0800&apos;
System info: host: &apos;ADMIN-PC&apos;, ip: &apos;169.254.230.1&apos;, os.name: &apos;Windows 7&apos;, os.arch: &apos;amd64&apos;, os.version: &apos;6.1&apos;, java.version: &apos;1.8.0_71&apos;
Driver info: org.openqa.selenium.firefox.FirefoxDriver
Capabilities [{applicationCacheEnabled=true, rotatable=false, handlesAlerts=true, databaseEnabled=true, version=43.0.1, platform=WINDOWS, nativeEvents=false, acceptSslCerts=true, webStorageEnabled=true, locationContextEnabled=true, browserName=firefox, takesScreenshot=true, javascriptEnabled=true, cssSelectorsEnabled=true}]
Session ID: 412b4cad-61d9-4c3b-a6ed-38855449aebe
	at org.openqa.selenium.remote.ErrorHandler.createThrowable(ErrorHandler.java:216)
	at org.openqa.selenium.remote.ErrorHandler.throwIfResponseFailed(ErrorHandler.java:168)
	at org.openqa.selenium.remote.RemoteWebDriver.execute(RemoteWebDriver.java:635)
	at org.openqa.selenium.remote.RemoteWebElement.execute(RemoteWebElement.java:274)
	at org.openqa.selenium.remote.RemoteWebElement.click(RemoteWebElement.java:84)
	at com.hybridframework_Selenium.testScripts.Keywords.click(Keywords.java:304)
	at com.hybridframework_Selenium.testScripts.Keywords.executeKeywords(Keywords.java:85)
	at com.hybridframework_Selenium.testcases.TC006_HotelSearchlistTestCase.hotelSearchlistTestCase(TC006_HotelSearchlistTestCase.java:24)
	at java.util.concurrent.ThreadPoolExecutor.runWorker(ThreadPoolExecutor.java:1142)
	at java.util.concurrent.ThreadPoolExecutor$Worker.run(ThreadPoolExecutor.java:617)
	at java.lang.Thread.run(Thread.java:745)
... Removed 14 stack frames</div></td></tr></table><p class="totop"><a href="#summary">back to summary</a></p></body></html>