<!DOCTYPE html>

<html>
  <head>
  <meta charset='utf-8'>
  <title>TestNG reports</title>

    <link type="text/css" href="testng-reports.css" rel="stylesheet" />  
    <script type="text/javascript" src="jquery-1.7.1.min.js"></script>
    <script type="text/javascript" src="testng-reports.js"></script>
    <script type="text/javascript" src="https://www.google.com/jsapi"></script>
    <script type='text/javascript'>
      google.load('visualization', '1', {packages:['table']});
      google.setOnLoadCallback(drawTable);
      var suiteTableInitFunctions = new Array();
      var suiteTableData = new Array();
    </script>
    <!--
      <script type="text/javascript" src="jquery-ui/js/jquery-ui-1.8.16.custom.min.js"></script>
     -->
  </head>

  <body>
    <div class="top-banner-root">
      <span class="top-banner-title-font">Test results</span>
      <br/>
      <span class="top-banner-font-1">1 suite, 1 failed test</span>
    </div> <!-- top-banner-root -->
    <div class="navigator-root">
      <div class="navigator-suite-header">
        <span>All suites</span>
        <a href="#" class="collapse-all-link" title="Collapse/expand all the suites">
          <img class="collapse-all-icon" src="collapseall.gif">
          </img> <!-- collapse-all-icon -->
        </a> <!-- collapse-all-link -->
      </div> <!-- navigator-suite-header -->
      <div class="suite">
        <div class="rounded-window">
          <div class="suite-header light-rounded-window-top">
            <a href="#" class="navigator-link" panel-name="suite-Make_My_trip_Regression_Test_cases">
              <span class="suite-name border-failed">Make My trip Regression Test cases</span>
            </a> <!-- navigator-link -->
          </div> <!-- suite-header light-rounded-window-top -->
          <div class="navigator-suite-content">
            <div class="suite-section-title">
              <span>Info</span>
            </div> <!-- suite-section-title -->
            <div class="suite-section-content">
              <ul>
                <li>
                  <a href="#" class="navigator-link " panel-name="test-xml-Make_My_trip_Regression_Test_cases">
                    <span>C:\Users\admin\housingman\workspace\hybridframework_Selenium\loginTestNg.xml</span>
                  </a> <!-- navigator-link  -->
                </li>
                <li>
                  <a href="#" class="navigator-link " panel-name="testlist-Make_My_trip_Regression_Test_cases">
                    <span class="test-stats">6 tests</span>
                  </a> <!-- navigator-link  -->
                </li>
                <li>
                  <a href="#" class="navigator-link " panel-name="group-Make_My_trip_Regression_Test_cases">
                    <span>0 groups</span>
                  </a> <!-- navigator-link  -->
                </li>
                <li>
                  <a href="#" class="navigator-link " panel-name="times-Make_My_trip_Regression_Test_cases">
                    <span>Times</span>
                  </a> <!-- navigator-link  -->
                </li>
                <li>
                  <a href="#" class="navigator-link " panel-name="reporter-Make_My_trip_Regression_Test_cases">
                    <span>Reporter output</span>
                  </a> <!-- navigator-link  -->
                </li>
                <li>
                  <a href="#" class="navigator-link " panel-name="ignored-methods-Make_My_trip_Regression_Test_cases">
                    <span>Ignored methods</span>
                  </a> <!-- navigator-link  -->
                </li>
                <li>
                  <a href="#" class="navigator-link " panel-name="chronological-Make_My_trip_Regression_Test_cases">
                    <span>Chronological view</span>
                  </a> <!-- navigator-link  -->
                </li>
              </ul>
            </div> <!-- suite-section-content -->
            <div class="result-section">
              <div class="suite-section-title">
                <span>Results</span>
              </div> <!-- suite-section-title -->
              <div class="suite-section-content">
                <ul>
                  <li>
                    <span class="method-stats">14 methods, 1 failed,  7 skipped,  6 passed</span>
                  </li>
                  <li>
                    <span class="method-list-title failed">Failed methods</span>
                    <span class="show-or-hide-methods failed">
                      <a href="#" panel-name="suite-Make_My_trip_Regression_Test_cases" class="hide-methods failed suite-Make_My_trip_Regression_Test_cases"> (hide)</a> <!-- hide-methods failed suite-Make_My_trip_Regression_Test_cases -->
                      <a href="#" panel-name="suite-Make_My_trip_Regression_Test_cases" class="show-methods failed suite-Make_My_trip_Regression_Test_cases"> (show)</a> <!-- show-methods failed suite-Make_My_trip_Regression_Test_cases -->
                    </span>
                    <div class="method-list-content failed suite-Make_My_trip_Regression_Test_cases">
                      <span>
                        <img width="3%" src="failed.png"/>
                        <a href="#" class="method navigator-link" panel-name="suite-Make_My_trip_Regression_Test_cases" title="com.hybridframework_Selenium.testcases.TC006_HotelSearchlistTestCase" hash-for-method="hotelSearchlistTestCase">hotelSearchlistTestCase</a> <!-- method navigator-link -->
                      </span>
                      <br/>
                    </div> <!-- method-list-content failed suite-Make_My_trip_Regression_Test_cases -->
                  </li>
                  <li>
                    <span class="method-list-title skipped">Skipped methods</span>
                    <span class="show-or-hide-methods skipped">
                      <a href="#" panel-name="suite-Make_My_trip_Regression_Test_cases" class="hide-methods skipped suite-Make_My_trip_Regression_Test_cases"> (hide)</a> <!-- hide-methods skipped suite-Make_My_trip_Regression_Test_cases -->
                      <a href="#" panel-name="suite-Make_My_trip_Regression_Test_cases" class="show-methods skipped suite-Make_My_trip_Regression_Test_cases"> (show)</a> <!-- show-methods skipped suite-Make_My_trip_Regression_Test_cases -->
                    </span>
                    <div class="method-list-content skipped suite-Make_My_trip_Regression_Test_cases">
                      <span>
                        <img width="3%" src="skipped.png"/>
                        <a href="#" class="method navigator-link" panel-name="suite-Make_My_trip_Regression_Test_cases" title="com.hybridframework_Selenium.testcases.TC001_LoginPageTestcase" hash-for-method="loginTestwithDifferentscenarios({Status=SKIP, Password=12345678, Runmode=N, Expected_Result=User is not registered, Email=jakay34@gm...)">loginTestwithDifferentscenarios({Status=SKIP, Password=12345678, Runmode=N, Expected_Result=User is not registered, Email=jakay34@gm...)</a> <!-- method navigator-link -->
                      </span>
                      <br/>
                      <span>
                        <img width="3%" src="skipped.png"/>
                        <a href="#" class="method navigator-link" panel-name="suite-Make_My_trip_Regression_Test_cases" title="com.hybridframework_Selenium.testcases.TC001_LoginPageTestcase" hash-for-method="loginTestwithDifferentscenarios({Status=SKIP, Password=hjkhjhdjd^7, Runmode=N, Expected_Result=Username and password doesn&#039;t match, ...)">loginTestwithDifferentscenarios({Status=SKIP, Password=hjkhjhdjd^7, Runmode=N, Expected_Result=Username and password doesn't match, ...)</a> <!-- method navigator-link -->
                      </span>
                      <br/>
                      <span>
                        <img width="3%" src="skipped.png"/>
                        <a href="#" class="method navigator-link" panel-name="suite-Make_My_trip_Regression_Test_cases" title="com.hybridframework_Selenium.testcases.TC001_LoginPageTestcase" hash-for-method="loginTestwithDifferentscenarios({Status=SKIP, Password=, Runmode=N, Expected_Result=Please enter an Email Address, Email=})">loginTestwithDifferentscenarios({Status=SKIP, Password=, Runmode=N, Expected_Result=Please enter an Email Address, Email=})</a> <!-- method navigator-link -->
                      </span>
                      <br/>
                      <span>
                        <img width="3%" src="skipped.png"/>
                        <a href="#" class="method navigator-link" panel-name="suite-Make_My_trip_Regression_Test_cases" title="com.hybridframework_Selenium.testcases.TC001_LoginPageTestcase" hash-for-method="loginTestwithDifferentscenarios({Status=SKIP, Password=jakay07@, Runmode=N, Expected_Result=Hey , Email=jakay507@gmail.com})">loginTestwithDifferentscenarios({Status=SKIP, Password=jakay07@, Runmode=N, Expected_Result=Hey , Email=jakay507@gmail.com})</a> <!-- method navigator-link -->
                      </span>
                      <br/>
                      <span>
                        <img width="3%" src="skipped.png"/>
                        <a href="#" class="method navigator-link" panel-name="suite-Make_My_trip_Regression_Test_cases" title="com.hybridframework_Selenium.testcases.TC002_SignUpPageTestcases" hash-for-method="signUpPageTestcases({Status=SKIP, Mobile=, Password=1.2345678E7, Runmode=N, Expected_Result=Please enter a valid Phone N...)">signUpPageTestcases({Status=SKIP, Mobile=, Password=1.2345678E7, Runmode=N, Expected_Result=Please enter a valid Phone N...)</a> <!-- method navigator-link -->
                      </span>
                      <br/>
                      <span>
                        <img width="3%" src="skipped.png"/>
                        <a href="#" class="method navigator-link" panel-name="suite-Make_My_trip_Regression_Test_cases" title="com.hybridframework_Selenium.testcases.TC002_SignUpPageTestcases" hash-for-method="signUpPageTestcases({Status=SKIP, Mobile=9985652007, Password=, Runmode=N, Expected_Result=Please enter a password, Emai...)">signUpPageTestcases({Status=SKIP, Mobile=9985652007, Password=, Runmode=N, Expected_Result=Please enter a password, Emai...)</a> <!-- method navigator-link -->
                      </span>
                      <br/>
                      <span>
                        <img width="3%" src="skipped.png"/>
                        <a href="#" class="method navigator-link" panel-name="suite-Make_My_trip_Regression_Test_cases" title="com.hybridframework_Selenium.testcases.TC002_SignUpPageTestcases" hash-for-method="signUpPageTestcases({Status=SKIP, Mobile=9985652007, Password=7654qwert, Runmode=N, Expected_Result=Email already regist...)">signUpPageTestcases({Status=SKIP, Mobile=9985652007, Password=7654qwert, Runmode=N, Expected_Result=Email already regist...)</a> <!-- method navigator-link -->
                      </span>
                      <br/>
                    </div> <!-- method-list-content skipped suite-Make_My_trip_Regression_Test_cases -->
                  </li>
                  <li>
                    <span class="method-list-title passed">Passed methods</span>
                    <span class="show-or-hide-methods passed">
                      <a href="#" panel-name="suite-Make_My_trip_Regression_Test_cases" class="hide-methods passed suite-Make_My_trip_Regression_Test_cases"> (hide)</a> <!-- hide-methods passed suite-Make_My_trip_Regression_Test_cases -->
                      <a href="#" panel-name="suite-Make_My_trip_Regression_Test_cases" class="show-methods passed suite-Make_My_trip_Regression_Test_cases"> (show)</a> <!-- show-methods passed suite-Make_My_trip_Regression_Test_cases -->
                    </span>
                    <div class="method-list-content passed suite-Make_My_trip_Regression_Test_cases">
                      <span>
                        <img width="3%" src="passed.png"/>
                        <a href="#" class="method navigator-link" panel-name="suite-Make_My_trip_Regression_Test_cases" title="com.hybridframework_Selenium.testcases.TC005_Flight_SearchListingTestCase" hash-for-method="flight_SearchListingTestCase">flight_SearchListingTestCase</a> <!-- method navigator-link -->
                      </span>
                      <br/>
                      <span>
                        <img width="3%" src="passed.png"/>
                        <a href="#" class="method navigator-link" panel-name="suite-Make_My_trip_Regression_Test_cases" title="com.hybridframework_Selenium.testcases.TC001_LoginPageTestcase" hash-for-method="loginTestwithDifferentscenarios({Status=PASS, Password=545, Runmode=Y, Expected_Result=Please enter an Email Address, Email=})">loginTestwithDifferentscenarios({Status=PASS, Password=545, Runmode=Y, Expected_Result=Please enter an Email Address, Email=})</a> <!-- method navigator-link -->
                      </span>
                      <br/>
                      <span>
                        <img width="3%" src="passed.png"/>
                        <a href="#" class="method navigator-link" panel-name="suite-Make_My_trip_Regression_Test_cases" title="com.hybridframework_Selenium.testcases.TC001_LoginPageTestcase" hash-for-method="loginTestwithDifferentscenarios({Status=PASS, Password=, Runmode=Y, Expected_Result=Please enter a password, Email=Jkay@yopmail.com})">loginTestwithDifferentscenarios({Status=PASS, Password=, Runmode=Y, Expected_Result=Please enter a password, Email=Jkay@yopmail.com})</a> <!-- method navigator-link -->
                      </span>
                      <br/>
                      <span>
                        <img width="3%" src="passed.png"/>
                        <a href="#" class="method navigator-link" panel-name="suite-Make_My_trip_Regression_Test_cases" title="com.hybridframework_Selenium.testcases.TC003_NormalFlowLoginTest" hash-for-method="normalFlowLoginTestcase">normalFlowLoginTestcase</a> <!-- method navigator-link -->
                      </span>
                      <br/>
                      <span>
                        <img width="3%" src="passed.png"/>
                        <a href="#" class="method navigator-link" panel-name="suite-Make_My_trip_Regression_Test_cases" title="com.hybridframework_Selenium.testcases.TC004_NormalSignUpFlowTest" hash-for-method="normalSignUpTestcase">normalSignUpTestcase</a> <!-- method navigator-link -->
                      </span>
                      <br/>
                      <span>
                        <img width="3%" src="passed.png"/>
                        <a href="#" class="method navigator-link" panel-name="suite-Make_My_trip_Regression_Test_cases" title="com.hybridframework_Selenium.testcases.TC002_SignUpPageTestcases" hash-for-method="signUpPageTestcases({Status=PASS, Mobile=9985652000, Password=1.2345678E7, Runmode=Y, Expected_Result=Please enter an Em...)">signUpPageTestcases({Status=PASS, Mobile=9985652000, Password=1.2345678E7, Runmode=Y, Expected_Result=Please enter an Em...)</a> <!-- method navigator-link -->
                      </span>
                      <br/>
                    </div> <!-- method-list-content passed suite-Make_My_trip_Regression_Test_cases -->
                  </li>
                </ul>
              </div> <!-- suite-section-content -->
            </div> <!-- result-section -->
          </div> <!-- navigator-suite-content -->
        </div> <!-- rounded-window -->
      </div> <!-- suite -->
    </div> <!-- navigator-root -->
    <div class="wrapper">
      <div class="main-panel-root">
        <div panel-name="suite-Make_My_trip_Regression_Test_cases" class="panel Make_My_trip_Regression_Test_cases">
          <div class="suite-Make_My_trip_Regression_Test_cases-class-failed">
            <div class="main-panel-header rounded-window-top">
              <img src="failed.png"/>
              <span class="class-name">com.hybridframework_Selenium.testcases.TC006_HotelSearchlistTestCase</span>
            </div> <!-- main-panel-header rounded-window-top -->
            <div class="main-panel-content rounded-window-bottom">
              <div class="method">
                <div class="method-content">
                  <a name="hotelSearchlistTestCase">
                  </a> <!-- hotelSearchlistTestCase -->
                  <span class="method-name">hotelSearchlistTestCase</span>
                  <div class="stack-trace">org.openqa.selenium.WebDriverException: Element &lt;a href=&quot;javascript:void(0);&quot; class=&quot;btn htR-paymnt-btn text-uppercase append_bottom10&quot; id=&quot;makePaymentId&quot; onclick=&quot;makePayment(this);&quot;&gt;&lt;/a&gt; is not clickable at point (1091.5, 30). Other element would receive the click: &lt;span&gt;&lt;/span&gt;
Command duration or timeout: 104 milliseconds
Build info: version: &apos;3.1.0&apos;, revision: &apos;b94c902&apos;, time: &apos;2017-02-16 12:21:31 -0800&apos;
System info: host: &apos;ADMIN-PC&apos;, ip: &apos;169.254.230.1&apos;, os.name: &apos;Windows 7&apos;, os.arch: &apos;amd64&apos;, os.version: &apos;6.1&apos;, java.version: &apos;1.8.0_71&apos;
Driver info: org.openqa.selenium.firefox.FirefoxDriver
Capabilities [{applicationCacheEnabled=true, rotatable=false, handlesAlerts=true, databaseEnabled=true, version=43.0.1, platform=WINDOWS, nativeEvents=false, acceptSslCerts=true, webStorageEnabled=true, locationContextEnabled=true, browserName=firefox, takesScreenshot=true, javascriptEnabled=true, cssSelectorsEnabled=true}]
Session ID: 412b4cad-61d9-4c3b-a6ed-38855449aebe
	at org.openqa.selenium.remote.ErrorHandler.createThrowable(ErrorHandler.java:216)
	at org.openqa.selenium.remote.ErrorHandler.throwIfResponseFailed(ErrorHandler.java:168)
	at org.openqa.selenium.remote.RemoteWebDriver.execute(RemoteWebDriver.java:635)
	at org.openqa.selenium.remote.RemoteWebElement.execute(RemoteWebElement.java:274)
	at org.openqa.selenium.remote.RemoteWebElement.click(RemoteWebElement.java:84)
	at com.hybridframework_Selenium.testScripts.Keywords.click(Keywords.java:304)
	at com.hybridframework_Selenium.testScripts.Keywords.executeKeywords(Keywords.java:85)
	at com.hybridframework_Selenium.testcases.TC006_HotelSearchlistTestCase.hotelSearchlistTestCase(TC006_HotelSearchlistTestCase.java:24)
	at java.util.concurrent.ThreadPoolExecutor.runWorker(ThreadPoolExecutor.java:1142)
	at java.util.concurrent.ThreadPoolExecutor$Worker.run(ThreadPoolExecutor.java:617)
	at java.lang.Thread.run(Thread.java:745)
... Removed 14 stack frames
</div> <!-- stack-trace -->
                </div> <!-- method-content -->
              </div> <!-- method -->
            </div> <!-- main-panel-content rounded-window-bottom -->
          </div> <!-- suite-Make_My_trip_Regression_Test_cases-class-failed -->
          <div class="suite-Make_My_trip_Regression_Test_cases-class-skipped">
            <div class="main-panel-header rounded-window-top">
              <img src="skipped.png"/>
              <span class="class-name">com.hybridframework_Selenium.testcases.TC002_SignUpPageTestcases</span>
            </div> <!-- main-panel-header rounded-window-top -->
            <div class="main-panel-content rounded-window-bottom">
              <div class="method">
                <div class="method-content">
                  <a name="signUpPageTestcases({Status=SKIP, Mobile=, Password=1.2345678E7, Runmode=N, Expected_Result=Please enter a valid Phone N...)">
                  </a> <!-- signUpPageTestcases({Status=SKIP, Mobile=, Password=1.2345678E7, Runmode=N, Expected_Result=Please enter a valid Phone N...) -->
                  <span class="method-name">signUpPageTestcases</span>
                  <span class="parameters">({Status=SKIP, Mobile=, Password=1.2345678E7, Runmode=N, Expected_Result=Please enter a valid Phone Number, Email=jakay507@gmail.com})</span>
                  <div class="stack-trace">org.testng.SkipException: user set this test case data runmode is no
	at com.hybridframework_Selenium.testcases.TC002_SignUpPageTestcases.signUpPageTestcases(TC002_SignUpPageTestcases.java:29)
	at java.util.concurrent.ThreadPoolExecutor.runWorker(ThreadPoolExecutor.java:1142)
	at java.util.concurrent.ThreadPoolExecutor$Worker.run(ThreadPoolExecutor.java:617)
	at java.lang.Thread.run(Thread.java:745)
... Removed 10 stack frames
</div> <!-- stack-trace -->
                </div> <!-- method-content -->
              </div> <!-- method -->
              <div class="method">
                <div class="method-content">
                  <a name="signUpPageTestcases({Status=SKIP, Mobile=9985652007, Password=, Runmode=N, Expected_Result=Please enter a password, Emai...)">
                  </a> <!-- signUpPageTestcases({Status=SKIP, Mobile=9985652007, Password=, Runmode=N, Expected_Result=Please enter a password, Emai...) -->
                  <span class="method-name">signUpPageTestcases</span>
                  <span class="parameters">({Status=SKIP, Mobile=9985652007, Password=, Runmode=N, Expected_Result=Please enter a password, Email=jakay507@gmail.com})</span>
                  <div class="stack-trace">org.testng.SkipException: user set this test case data runmode is no
	at com.hybridframework_Selenium.testcases.TC002_SignUpPageTestcases.signUpPageTestcases(TC002_SignUpPageTestcases.java:29)
	at java.util.concurrent.ThreadPoolExecutor.runWorker(ThreadPoolExecutor.java:1142)
	at java.util.concurrent.ThreadPoolExecutor$Worker.run(ThreadPoolExecutor.java:617)
	at java.lang.Thread.run(Thread.java:745)
... Removed 10 stack frames
</div> <!-- stack-trace -->
                </div> <!-- method-content -->
              </div> <!-- method -->
              <div class="method">
                <div class="method-content">
                  <a name="signUpPageTestcases({Status=SKIP, Mobile=9985652007, Password=7654qwert, Runmode=N, Expected_Result=Email already regist...)">
                  </a> <!-- signUpPageTestcases({Status=SKIP, Mobile=9985652007, Password=7654qwert, Runmode=N, Expected_Result=Email already regist...) -->
                  <span class="method-name">signUpPageTestcases</span>
                  <span class="parameters">({Status=SKIP, Mobile=9985652007, Password=7654qwert, Runmode=N, Expected_Result=Email already registered !, Email=jakay507@gmail.com})</span>
                  <div class="stack-trace">org.testng.SkipException: user set this test case data runmode is no
	at com.hybridframework_Selenium.testcases.TC002_SignUpPageTestcases.signUpPageTestcases(TC002_SignUpPageTestcases.java:29)
	at java.util.concurrent.ThreadPoolExecutor.runWorker(ThreadPoolExecutor.java:1142)
	at java.util.concurrent.ThreadPoolExecutor$Worker.run(ThreadPoolExecutor.java:617)
	at java.lang.Thread.run(Thread.java:745)
... Removed 10 stack frames
</div> <!-- stack-trace -->
                </div> <!-- method-content -->
              </div> <!-- method -->
            </div> <!-- main-panel-content rounded-window-bottom -->
          </div> <!-- suite-Make_My_trip_Regression_Test_cases-class-skipped -->
          <div class="suite-Make_My_trip_Regression_Test_cases-class-skipped">
            <div class="main-panel-header rounded-window-top">
              <img src="skipped.png"/>
              <span class="class-name">com.hybridframework_Selenium.testcases.TC001_LoginPageTestcase</span>
            </div> <!-- main-panel-header rounded-window-top -->
            <div class="main-panel-content rounded-window-bottom">
              <div class="method">
                <div class="method-content">
                  <a name="loginTestwithDifferentscenarios({Status=SKIP, Password=12345678, Runmode=N, Expected_Result=User is not registered, Email=jakay34@gm...)">
                  </a> <!-- loginTestwithDifferentscenarios({Status=SKIP, Password=12345678, Runmode=N, Expected_Result=User is not registered, Email=jakay34@gm...) -->
                  <span class="method-name">loginTestwithDifferentscenarios</span>
                  <span class="parameters">({Status=SKIP, Password=12345678, Runmode=N, Expected_Result=User is not registered, Email=jakay34@gmail.com})</span>
                  <div class="stack-trace">org.testng.SkipException: User is set this test case data runmode is No
	at com.hybridframework_Selenium.testcases.TC001_LoginPageTestcase.loginTestwithDifferentscenarios(TC001_LoginPageTestcase.java:35)
	at java.util.concurrent.ThreadPoolExecutor.runWorker(ThreadPoolExecutor.java:1142)
	at java.util.concurrent.ThreadPoolExecutor$Worker.run(ThreadPoolExecutor.java:617)
	at java.lang.Thread.run(Thread.java:745)
... Removed 10 stack frames
</div> <!-- stack-trace -->
                </div> <!-- method-content -->
              </div> <!-- method -->
              <div class="method">
                <div class="method-content">
                  <a name="loginTestwithDifferentscenarios({Status=SKIP, Password=hjkhjhdjd^7, Runmode=N, Expected_Result=Username and password doesn&#039;t match, ...)">
                  </a> <!-- loginTestwithDifferentscenarios({Status=SKIP, Password=hjkhjhdjd^7, Runmode=N, Expected_Result=Username and password doesn't match, ...) -->
                  <span class="method-name">loginTestwithDifferentscenarios</span>
                  <span class="parameters">({Status=SKIP, Password=hjkhjhdjd^7, Runmode=N, Expected_Result=Username and password doesn't match, Email=test@yopmail.com})</span>
                  <div class="stack-trace">org.testng.SkipException: User is set this test case data runmode is No
	at com.hybridframework_Selenium.testcases.TC001_LoginPageTestcase.loginTestwithDifferentscenarios(TC001_LoginPageTestcase.java:35)
	at java.util.concurrent.ThreadPoolExecutor.runWorker(ThreadPoolExecutor.java:1142)
	at java.util.concurrent.ThreadPoolExecutor$Worker.run(ThreadPoolExecutor.java:617)
	at java.lang.Thread.run(Thread.java:745)
... Removed 10 stack frames
</div> <!-- stack-trace -->
                </div> <!-- method-content -->
              </div> <!-- method -->
              <div class="method">
                <div class="method-content">
                  <a name="loginTestwithDifferentscenarios({Status=SKIP, Password=, Runmode=N, Expected_Result=Please enter an Email Address, Email=})">
                  </a> <!-- loginTestwithDifferentscenarios({Status=SKIP, Password=, Runmode=N, Expected_Result=Please enter an Email Address, Email=}) -->
                  <span class="method-name">loginTestwithDifferentscenarios</span>
                  <span class="parameters">({Status=SKIP, Password=, Runmode=N, Expected_Result=Please enter an Email Address, Email=})</span>
                  <div class="stack-trace">org.testng.SkipException: User is set this test case data runmode is No
	at com.hybridframework_Selenium.testcases.TC001_LoginPageTestcase.loginTestwithDifferentscenarios(TC001_LoginPageTestcase.java:35)
	at java.util.concurrent.ThreadPoolExecutor.runWorker(ThreadPoolExecutor.java:1142)
	at java.util.concurrent.ThreadPoolExecutor$Worker.run(ThreadPoolExecutor.java:617)
	at java.lang.Thread.run(Thread.java:745)
... Removed 10 stack frames
</div> <!-- stack-trace -->
                </div> <!-- method-content -->
              </div> <!-- method -->
              <div class="method">
                <div class="method-content">
                  <a name="loginTestwithDifferentscenarios({Status=SKIP, Password=jakay07@, Runmode=N, Expected_Result=Hey , Email=jakay507@gmail.com})">
                  </a> <!-- loginTestwithDifferentscenarios({Status=SKIP, Password=jakay07@, Runmode=N, Expected_Result=Hey , Email=jakay507@gmail.com}) -->
                  <span class="method-name">loginTestwithDifferentscenarios</span>
                  <span class="parameters">({Status=SKIP, Password=jakay07@, Runmode=N, Expected_Result=Hey , Email=jakay507@gmail.com})</span>
                  <div class="stack-trace">org.testng.SkipException: User is set this test case data runmode is No
	at com.hybridframework_Selenium.testcases.TC001_LoginPageTestcase.loginTestwithDifferentscenarios(TC001_LoginPageTestcase.java:35)
	at java.util.concurrent.ThreadPoolExecutor.runWorker(ThreadPoolExecutor.java:1142)
	at java.util.concurrent.ThreadPoolExecutor$Worker.run(ThreadPoolExecutor.java:617)
	at java.lang.Thread.run(Thread.java:745)
... Removed 10 stack frames
</div> <!-- stack-trace -->
                </div> <!-- method-content -->
              </div> <!-- method -->
            </div> <!-- main-panel-content rounded-window-bottom -->
          </div> <!-- suite-Make_My_trip_Regression_Test_cases-class-skipped -->
          <div class="suite-Make_My_trip_Regression_Test_cases-class-passed">
            <div class="main-panel-header rounded-window-top">
              <img src="passed.png"/>
              <span class="class-name">com.hybridframework_Selenium.testcases.TC004_NormalSignUpFlowTest</span>
            </div> <!-- main-panel-header rounded-window-top -->
            <div class="main-panel-content rounded-window-bottom">
              <div class="method">
                <div class="method-content">
                  <a name="normalSignUpTestcase">
                  </a> <!-- normalSignUpTestcase -->
                  <span class="method-name">normalSignUpTestcase</span>
                </div> <!-- method-content -->
              </div> <!-- method -->
            </div> <!-- main-panel-content rounded-window-bottom -->
          </div> <!-- suite-Make_My_trip_Regression_Test_cases-class-passed -->
          <div class="suite-Make_My_trip_Regression_Test_cases-class-passed">
            <div class="main-panel-header rounded-window-top">
              <img src="passed.png"/>
              <span class="class-name">com.hybridframework_Selenium.testcases.TC002_SignUpPageTestcases</span>
            </div> <!-- main-panel-header rounded-window-top -->
            <div class="main-panel-content rounded-window-bottom">
              <div class="method">
                <div class="method-content">
                  <a name="signUpPageTestcases({Status=PASS, Mobile=9985652000, Password=1.2345678E7, Runmode=Y, Expected_Result=Please enter an Em...)">
                  </a> <!-- signUpPageTestcases({Status=PASS, Mobile=9985652000, Password=1.2345678E7, Runmode=Y, Expected_Result=Please enter an Em...) -->
                  <span class="method-name">signUpPageTestcases</span>
                  <span class="parameters">({Status=PASS, Mobile=9985652000, Password=1.2345678E7, Runmode=Y, Expected_Result=Please enter an Email Address, Email=})</span>
                </div> <!-- method-content -->
              </div> <!-- method -->
            </div> <!-- main-panel-content rounded-window-bottom -->
          </div> <!-- suite-Make_My_trip_Regression_Test_cases-class-passed -->
          <div class="suite-Make_My_trip_Regression_Test_cases-class-passed">
            <div class="main-panel-header rounded-window-top">
              <img src="passed.png"/>
              <span class="class-name">com.hybridframework_Selenium.testcases.TC001_LoginPageTestcase</span>
            </div> <!-- main-panel-header rounded-window-top -->
            <div class="main-panel-content rounded-window-bottom">
              <div class="method">
                <div class="method-content">
                  <a name="loginTestwithDifferentscenarios({Status=PASS, Password=545, Runmode=Y, Expected_Result=Please enter an Email Address, Email=})">
                  </a> <!-- loginTestwithDifferentscenarios({Status=PASS, Password=545, Runmode=Y, Expected_Result=Please enter an Email Address, Email=}) -->
                  <span class="method-name">loginTestwithDifferentscenarios</span>
                  <span class="parameters">({Status=PASS, Password=545, Runmode=Y, Expected_Result=Please enter an Email Address, Email=})</span>
                </div> <!-- method-content -->
              </div> <!-- method -->
              <div class="method">
                <div class="method-content">
                  <a name="loginTestwithDifferentscenarios({Status=PASS, Password=, Runmode=Y, Expected_Result=Please enter a password, Email=Jkay@yopmail.com})">
                  </a> <!-- loginTestwithDifferentscenarios({Status=PASS, Password=, Runmode=Y, Expected_Result=Please enter a password, Email=Jkay@yopmail.com}) -->
                  <span class="method-name">loginTestwithDifferentscenarios</span>
                  <span class="parameters">({Status=PASS, Password=, Runmode=Y, Expected_Result=Please enter a password, Email=Jkay@yopmail.com})</span>
                </div> <!-- method-content -->
              </div> <!-- method -->
            </div> <!-- main-panel-content rounded-window-bottom -->
          </div> <!-- suite-Make_My_trip_Regression_Test_cases-class-passed -->
          <div class="suite-Make_My_trip_Regression_Test_cases-class-passed">
            <div class="main-panel-header rounded-window-top">
              <img src="passed.png"/>
              <span class="class-name">com.hybridframework_Selenium.testcases.TC005_Flight_SearchListingTestCase</span>
            </div> <!-- main-panel-header rounded-window-top -->
            <div class="main-panel-content rounded-window-bottom">
              <div class="method">
                <div class="method-content">
                  <a name="flight_SearchListingTestCase">
                  </a> <!-- flight_SearchListingTestCase -->
                  <span class="method-name">flight_SearchListingTestCase</span>
                </div> <!-- method-content -->
              </div> <!-- method -->
            </div> <!-- main-panel-content rounded-window-bottom -->
          </div> <!-- suite-Make_My_trip_Regression_Test_cases-class-passed -->
          <div class="suite-Make_My_trip_Regression_Test_cases-class-passed">
            <div class="main-panel-header rounded-window-top">
              <img src="passed.png"/>
              <span class="class-name">com.hybridframework_Selenium.testcases.TC003_NormalFlowLoginTest</span>
            </div> <!-- main-panel-header rounded-window-top -->
            <div class="main-panel-content rounded-window-bottom">
              <div class="method">
                <div class="method-content">
                  <a name="normalFlowLoginTestcase">
                  </a> <!-- normalFlowLoginTestcase -->
                  <span class="method-name">normalFlowLoginTestcase</span>
                </div> <!-- method-content -->
              </div> <!-- method -->
            </div> <!-- main-panel-content rounded-window-bottom -->
          </div> <!-- suite-Make_My_trip_Regression_Test_cases-class-passed -->
        </div> <!-- panel Make_My_trip_Regression_Test_cases -->
        <div panel-name="test-xml-Make_My_trip_Regression_Test_cases" class="panel">
          <div class="main-panel-header rounded-window-top">
            <span class="header-content">C:\Users\admin\housingman\workspace\hybridframework_Selenium\loginTestNg.xml</span>
          </div> <!-- main-panel-header rounded-window-top -->
          <div class="main-panel-content rounded-window-bottom">
            <pre>
&lt;?xml version=&quot;1.0&quot; encoding=&quot;UTF-8&quot;?&gt;
&lt;!DOCTYPE suite SYSTEM &quot;http://testng.org/testng-1.0.dtd&quot;&gt;
&lt;suite thread-count=&quot;1&quot; guice-stage=&quot;DEVELOPMENT&quot; verbose=&quot;0&quot; name=&quot;Make My trip Regression Test cases&quot; parallel=&quot;classes&quot;&gt;
  &lt;test name=&quot;Login Regression Test&quot;&gt;
    &lt;parameter name=&quot;browser&quot; value=&quot;firefox&quot;/&gt;
    &lt;classes&gt;
      &lt;class name=&quot;com.hybridframework_Selenium.testcases.TC001_LoginPageTestcase&quot;/&gt;
    &lt;/classes&gt;
  &lt;/test&gt; &lt;!-- Login Regression Test --&gt;
  &lt;test name=&quot;Sign Up Regression Test&quot;&gt;
    &lt;parameter name=&quot;browser&quot; value=&quot;firefox&quot;/&gt;
    &lt;classes&gt;
      &lt;class name=&quot;com.hybridframework_Selenium.testcases.TC002_SignUpPageTestcases&quot;/&gt;
    &lt;/classes&gt;
  &lt;/test&gt; &lt;!-- Sign Up Regression Test --&gt;
  &lt;test name=&quot;Normal Login Flow Regression Test&quot;&gt;
    &lt;parameter name=&quot;browser&quot; value=&quot;chrome&quot;/&gt;
    &lt;classes&gt;
      &lt;class name=&quot;com.hybridframework_Selenium.testcases.TC003_NormalFlowLoginTest&quot;/&gt;
    &lt;/classes&gt;
  &lt;/test&gt; &lt;!-- Normal Login Flow Regression Test --&gt;
  &lt;test name=&quot;Normal Sign up flow Regression Test&quot;&gt;
    &lt;parameter name=&quot;browser&quot; value=&quot;chrome&quot;/&gt;
    &lt;classes&gt;
      &lt;class name=&quot;com.hybridframework_Selenium.testcases.TC004_NormalSignUpFlowTest&quot;/&gt;
    &lt;/classes&gt;
  &lt;/test&gt; &lt;!-- Normal Sign up flow Regression Test --&gt;
  &lt;test name=&quot;Flight Search Listing page Regression Test&quot;&gt;
    &lt;parameter name=&quot;browser&quot; value=&quot;chrome&quot;/&gt;
    &lt;classes&gt;
      &lt;class name=&quot;com.hybridframework_Selenium.testcases.TC005_Flight_SearchListingTestCase&quot;/&gt;
    &lt;/classes&gt;
  &lt;/test&gt; &lt;!-- Flight Search Listing page Regression Test --&gt;
  &lt;test name=&quot;Hotel Search listing page Regression Test&quot;&gt;
    &lt;parameter name=&quot;browser&quot; value=&quot;firefox&quot;/&gt;
    &lt;classes&gt;
      &lt;class name=&quot;com.hybridframework_Selenium.testcases.TC006_HotelSearchlistTestCase&quot;/&gt;
    &lt;/classes&gt;
  &lt;/test&gt; &lt;!-- Hotel Search listing page Regression Test --&gt;
&lt;/suite&gt; &lt;!-- Make My trip Regression Test cases --&gt;
            </pre>
          </div> <!-- main-panel-content rounded-window-bottom -->
        </div> <!-- panel -->
        <div panel-name="testlist-Make_My_trip_Regression_Test_cases" class="panel">
          <div class="main-panel-header rounded-window-top">
            <span class="header-content">Tests for Make My trip Regression Test cases</span>
          </div> <!-- main-panel-header rounded-window-top -->
          <div class="main-panel-content rounded-window-bottom">
            <ul>
              <li>
                <span class="test-name">Login Regression Test (1 class)</span>
              </li>
              <li>
                <span class="test-name">Sign Up Regression Test (1 class)</span>
              </li>
              <li>
                <span class="test-name">Normal Login Flow Regression Test (1 class)</span>
              </li>
              <li>
                <span class="test-name">Normal Sign up flow Regression Test (1 class)</span>
              </li>
              <li>
                <span class="test-name">Flight Search Listing page Regression Test (1 class)</span>
              </li>
              <li>
                <span class="test-name">Hotel Search listing page Regression Test (1 class)</span>
              </li>
            </ul>
          </div> <!-- main-panel-content rounded-window-bottom -->
        </div> <!-- panel -->
        <div panel-name="group-Make_My_trip_Regression_Test_cases" class="panel">
          <div class="main-panel-header rounded-window-top">
            <span class="header-content">Groups for Make My trip Regression Test cases</span>
          </div> <!-- main-panel-header rounded-window-top -->
          <div class="main-panel-content rounded-window-bottom">
          </div> <!-- main-panel-content rounded-window-bottom -->
        </div> <!-- panel -->
        <div panel-name="times-Make_My_trip_Regression_Test_cases" class="panel">
          <div class="main-panel-header rounded-window-top">
            <span class="header-content">Times for Make My trip Regression Test cases</span>
          </div> <!-- main-panel-header rounded-window-top -->
          <div class="main-panel-content rounded-window-bottom">
            <div class="times-div">
              <script type="text/javascript">
suiteTableInitFunctions.push('tableData_Make_My_trip_Regression_Test_cases');
function tableData_Make_My_trip_Regression_Test_cases() {
var data = new google.visualization.DataTable();
data.addColumn('number', 'Number');
data.addColumn('string', 'Method');
data.addColumn('string', 'Class');
data.addColumn('number', 'Time (ms)');
data.addRows(14);
data.setCell(0, 0, 0)
data.setCell(0, 1, 'hotelSearchlistTestCase')
data.setCell(0, 2, 'com.hybridframework_Selenium.testcases.TC006_HotelSearchlistTestCase')
data.setCell(0, 3, 196517);
data.setCell(1, 0, 1)
data.setCell(1, 1, 'normalSignUpTestcase')
data.setCell(1, 2, 'com.hybridframework_Selenium.testcases.TC004_NormalSignUpFlowTest')
data.setCell(1, 3, 63055);
data.setCell(2, 0, 2)
data.setCell(2, 1, 'flight_SearchListingTestCase')
data.setCell(2, 2, 'com.hybridframework_Selenium.testcases.TC005_Flight_SearchListingTestCase')
data.setCell(2, 3, 53459);
data.setCell(3, 0, 3)
data.setCell(3, 1, 'loginTestwithDifferentscenarios')
data.setCell(3, 2, 'com.hybridframework_Selenium.testcases.TC001_LoginPageTestcase')
data.setCell(3, 3, 35613);
data.setCell(4, 0, 4)
data.setCell(4, 1, 'signUpPageTestcases')
data.setCell(4, 2, 'com.hybridframework_Selenium.testcases.TC002_SignUpPageTestcases')
data.setCell(4, 3, 19730);
data.setCell(5, 0, 5)
data.setCell(5, 1, 'loginTestwithDifferentscenarios')
data.setCell(5, 2, 'com.hybridframework_Selenium.testcases.TC001_LoginPageTestcase')
data.setCell(5, 3, 17159);
data.setCell(6, 0, 6)
data.setCell(6, 1, 'normalFlowLoginTestcase')
data.setCell(6, 2, 'com.hybridframework_Selenium.testcases.TC003_NormalFlowLoginTest')
data.setCell(6, 3, 15505);
data.setCell(7, 0, 7)
data.setCell(7, 1, 'loginTestwithDifferentscenarios')
data.setCell(7, 2, 'com.hybridframework_Selenium.testcases.TC001_LoginPageTestcase')
data.setCell(7, 3, 8);
data.setCell(8, 0, 8)
data.setCell(8, 1, 'loginTestwithDifferentscenarios')
data.setCell(8, 2, 'com.hybridframework_Selenium.testcases.TC001_LoginPageTestcase')
data.setCell(8, 3, 3);
data.setCell(9, 0, 9)
data.setCell(9, 1, 'loginTestwithDifferentscenarios')
data.setCell(9, 2, 'com.hybridframework_Selenium.testcases.TC001_LoginPageTestcase')
data.setCell(9, 3, 0);
data.setCell(10, 0, 10)
data.setCell(10, 1, 'loginTestwithDifferentscenarios')
data.setCell(10, 2, 'com.hybridframework_Selenium.testcases.TC001_LoginPageTestcase')
data.setCell(10, 3, 0);
data.setCell(11, 0, 11)
data.setCell(11, 1, 'signUpPageTestcases')
data.setCell(11, 2, 'com.hybridframework_Selenium.testcases.TC002_SignUpPageTestcases')
data.setCell(11, 3, 0);
data.setCell(12, 0, 12)
data.setCell(12, 1, 'signUpPageTestcases')
data.setCell(12, 2, 'com.hybridframework_Selenium.testcases.TC002_SignUpPageTestcases')
data.setCell(12, 3, 0);
data.setCell(13, 0, 13)
data.setCell(13, 1, 'signUpPageTestcases')
data.setCell(13, 2, 'com.hybridframework_Selenium.testcases.TC002_SignUpPageTestcases')
data.setCell(13, 3, 0);
window.suiteTableData['Make_My_trip_Regression_Test_cases']= { tableData: data, tableDiv: 'times-div-Make_My_trip_Regression_Test_cases'}
return data;
}
              </script>
              <span class="suite-total-time">Total running time: 6 minutes</span>
              <div id="times-div-Make_My_trip_Regression_Test_cases">
              </div> <!-- times-div-Make_My_trip_Regression_Test_cases -->
            </div> <!-- times-div -->
          </div> <!-- main-panel-content rounded-window-bottom -->
        </div> <!-- panel -->
        <div panel-name="reporter-Make_My_trip_Regression_Test_cases" class="panel">
          <div class="main-panel-header rounded-window-top">
            <span class="header-content">Reporter output for Make My trip Regression Test cases</span>
          </div> <!-- main-panel-header rounded-window-top -->
          <div class="main-panel-content rounded-window-bottom">
            <div class="reporter-method-div">
              <span class="reporter-method-name">loginTestwithDifferentscenarios({Status=PASS, Password=545, Runmode=Y, Expected_Result=Please enter an Email Address, Email=})</span>
              <div class="reporter-method-output-div">
                <span class="reporter-method-output">Executable test cases name is :loginTestwithDifferentscenarios</span>
                <span class="reporter-method-output">openBrowser--browserName--</span>
                <span class="reporter-method-output">navigateURL--URL--</span>
                <span class="reporter-method-output">Navigating the URL. The Domain Name is https://www.makemytrip.com/</span>
                <span class="reporter-method-output">verifyLink--login_link--</span>
                <span class="reporter-method-output">click--login_link--</span>
                <span class="reporter-method-output">Clicking the given object. and the element is =>>[[FirefoxDriver: firefox on WINDOWS (502218bc-d95b-49ae-bd08-40bf5ca75505)] -> xpath: //*[@id='ch_login_icon']/span[2]]</span>
                <span class="reporter-method-output">input--loginemailtxtbox--Email</span>
                <span class="reporter-method-output">Entering the values in given webelement. The element name is =>>[[FirefoxDriver: firefox on WINDOWS (502218bc-d95b-49ae-bd08-40bf5ca75505)] -> id: ch_login_email]</span>
                <span class="reporter-method-output">input--loginpasswdtxtbox--Password</span>
                <span class="reporter-method-output">Entering the values in given webelement. The element name is =>>[[FirefoxDriver: firefox on WINDOWS (502218bc-d95b-49ae-bd08-40bf5ca75505)] -> id: ch_login_password]</span>
                <span class="reporter-method-output">click--loginlinkbtn--</span>
                <span class="reporter-method-output">Clicking the given object. and the element is =>>[[FirefoxDriver: firefox on WINDOWS (502218bc-d95b-49ae-bd08-40bf5ca75505)] -> id: ch_login_btn]</span>
                <span class="reporter-method-output">verifySuccessMsg--loginemailtxtboxerrmsg|loginpasswdtxtboxerrmsg|afterloginusername|loginerrmsg--Expected_Result</span>
              </div> <!-- reporter-method-output-div -->
            </div> <!-- reporter-method-div -->
            <div class="reporter-method-div">
              <span class="reporter-method-name">loginTestwithDifferentscenarios({Status=PASS, Password=, Runmode=Y, Expected_Result=Please enter a password, Email=Jkay@yopmail.com})</span>
              <div class="reporter-method-output-div">
                <span class="reporter-method-output">Executable test cases name is :loginTestwithDifferentscenarios</span>
                <span class="reporter-method-output">openBrowser--browserName--</span>
                <span class="reporter-method-output">navigateURL--URL--</span>
                <span class="reporter-method-output">Navigating the URL. The Domain Name is https://www.makemytrip.com/</span>
                <span class="reporter-method-output">verifyLink--login_link--</span>
                <span class="reporter-method-output">click--login_link--</span>
                <span class="reporter-method-output">Clicking the given object. and the element is =>>[[FirefoxDriver: firefox on WINDOWS (502218bc-d95b-49ae-bd08-40bf5ca75505)] -> xpath: //*[@id='ch_login_icon']/span[2]]</span>
                <span class="reporter-method-output">input--loginemailtxtbox--Email</span>
                <span class="reporter-method-output">Entering the values in given webelement. The element name is =>>[[FirefoxDriver: firefox on WINDOWS (502218bc-d95b-49ae-bd08-40bf5ca75505)] -> id: ch_login_email]</span>
                <span class="reporter-method-output">input--loginpasswdtxtbox--Password</span>
                <span class="reporter-method-output">Entering the values in given webelement. The element name is =>>[[FirefoxDriver: firefox on WINDOWS (502218bc-d95b-49ae-bd08-40bf5ca75505)] -> id: ch_login_password]</span>
                <span class="reporter-method-output">click--loginlinkbtn--</span>
                <span class="reporter-method-output">Clicking the given object. and the element is =>>[[FirefoxDriver: firefox on WINDOWS (502218bc-d95b-49ae-bd08-40bf5ca75505)] -> id: ch_login_btn]</span>
                <span class="reporter-method-output">verifySuccessMsg--loginemailtxtboxerrmsg|loginpasswdtxtboxerrmsg|afterloginusername|loginerrmsg--Expected_Result</span>
              </div> <!-- reporter-method-output-div -->
            </div> <!-- reporter-method-div -->
            <div class="reporter-method-div">
              <span class="reporter-method-name">signUpPageTestcases({Status=PASS, Mobile=9985652000, Password=1.2345678E7, Runmode=Y, Expected_Result=Please enter an Em...)</span>
              <div class="reporter-method-output-div">
                <span class="reporter-method-output">Executable test cases name is :signUpPageTestcases</span>
                <span class="reporter-method-output">openBrowser--browserName--</span>
                <span class="reporter-method-output">navigateURL--URL--</span>
                <span class="reporter-method-output">Navigating the URL. The Domain Name is https://www.makemytrip.com/</span>
                <span class="reporter-method-output">verifyTitle----MakeMyTrip - #1 Travel Website 50% OFF on Hotels, Flights & Holiday</span>
                <span class="reporter-method-output">Verifing the given domain Url title.And the Title is =>>MakeMyTrip - #1 Travel Website 50% OFF on Hotels, Flights & HolidayExpected Title is: MakeMyTrip - #1 Travel Website 50% OFF on Hotels, Flights & Holiday</span>
                <span class="reporter-method-output">verifyLink--signuplink--</span>
                <span class="reporter-method-output">click--signuplink--</span>
                <span class="reporter-method-output">Clicking the given object. and the element is =>>[[FirefoxDriver: firefox on WINDOWS (fc61b268-dd79-4ed6-9453-03a37d56f37b)] -> id: ch_signup_icon]</span>
                <span class="reporter-method-output">input--signupemailtxtbox--Email</span>
                <span class="reporter-method-output">Entering the values in given webelement. The element name is =>>[[FirefoxDriver: firefox on WINDOWS (fc61b268-dd79-4ed6-9453-03a37d56f37b)] -> id: ch_signup_email]</span>
                <span class="reporter-method-output">input--signupmobiletxtbox--Mobile</span>
                <span class="reporter-method-output">Entering the values in given webelement. The element name is =>>[[FirefoxDriver: firefox on WINDOWS (fc61b268-dd79-4ed6-9453-03a37d56f37b)] -> id: ch_signup_phone]</span>
                <span class="reporter-method-output">input--signuppasswdtxtbox--Password</span>
                <span class="reporter-method-output">Entering the values in given webelement. The element name is =>>[[FirefoxDriver: firefox on WINDOWS (fc61b268-dd79-4ed6-9453-03a37d56f37b)] -> id: ch_signup_password]</span>
                <span class="reporter-method-output">click--signupbtn--</span>
                <span class="reporter-method-output">Clicking the given object. and the element is =>>[[FirefoxDriver: firefox on WINDOWS (fc61b268-dd79-4ed6-9453-03a37d56f37b)] -> id: ch_signup_btn]</span>
                <span class="reporter-method-output">verifySuccessMsg--signupemailtxtboxerrmsg|signupmobiletxtboxerrmsg|signuppasswdtxtboxerrmsg|afterloginusername|signuperrmsg--Expected_Result</span>
              </div> <!-- reporter-method-output-div -->
            </div> <!-- reporter-method-div -->
            <div class="reporter-method-div">
              <span class="reporter-method-name">normalFlowLoginTestcase</span>
              <div class="reporter-method-output-div">
                <span class="reporter-method-output">Executable test cases name is :normalFlowLoginTestcase</span>
                <span class="reporter-method-output">openBrowser--browserName--</span>
                <span class="reporter-method-output">navigateURL--URL--</span>
                <span class="reporter-method-output">Navigating the URL. The Domain Name is https://www.makemytrip.com/</span>
                <span class="reporter-method-output">verifyLink--login_link--</span>
                <span class="reporter-method-output">click--login_link--</span>
                <span class="reporter-method-output">Clicking the given object. and the element is =>>[[ChromeDriver: chrome on XP (1e3d1efa38fb5fdd72fdf9b5db49d300)] -> xpath: //*[@id='ch_login_icon']/span[2]]</span>
                <span class="reporter-method-output">input--loginemailtxtbox--jakay507@gmail.com</span>
                <span class="reporter-method-output">Entering the values in given webelement. The element name is =>>[[ChromeDriver: chrome on XP (1e3d1efa38fb5fdd72fdf9b5db49d300)] -> id: ch_login_email]</span>
                <span class="reporter-method-output">input--loginpasswdtxtbox--jakay07@</span>
                <span class="reporter-method-output">Entering the values in given webelement. The element name is =>>[[ChromeDriver: chrome on XP (1e3d1efa38fb5fdd72fdf9b5db49d300)] -> id: ch_login_password]</span>
                <span class="reporter-method-output">click--loginlinkbtn--</span>
                <span class="reporter-method-output">Clicking the given object. and the element is =>>[[ChromeDriver: chrome on XP (1e3d1efa38fb5fdd72fdf9b5db49d300)] -> id: ch_login_btn]</span>
                <span class="reporter-method-output">waitForTextPresent--afterloginusername--HEY</span>
                <span class="reporter-method-output">verifySuccessMsg--afterloginusername--HEY</span>
              </div> <!-- reporter-method-output-div -->
            </div> <!-- reporter-method-div -->
            <div class="reporter-method-div">
              <span class="reporter-method-name">normalSignUpTestcase</span>
              <div class="reporter-method-output-div">
                <span class="reporter-method-output">Executable test cases name is :normalSignUpTestcase</span>
                <span class="reporter-method-output">openBrowser--browserName--</span>
                <span class="reporter-method-output">navigateURL--URL--</span>
                <span class="reporter-method-output">Navigating the URL. The Domain Name is https://www.makemytrip.com/</span>
                <span class="reporter-method-output">closeAnyadverdisement--homepage.screenadd.framename|homepage.screenadd.close--</span>
                <span class="reporter-method-output">verifyLink--signuplink--</span>
                <span class="reporter-method-output">click--signuplink--</span>
                <span class="reporter-method-output">Clicking the given object. and the element is =>>[[ChromeDriver: chrome on XP (92b9302580391f72df037a815b64ab87)] -> id: ch_signup_icon]</span>
                <span class="reporter-method-output">randomMailgenerator--signupemailtxtbox--priyanka@gmail.com</span>
                <span class="reporter-method-output">Generated Email Address is :priyanka7130@gmail.com</span>
                <span class="reporter-method-output">randomPhonenoGenerator--signupmobiletxtbox--</span>
                <span class="reporter-method-output">input--signuppasswdtxtbox--priyanka8911</span>
                <span class="reporter-method-output">Entering the values in given webelement. The element name is =>>[[ChromeDriver: chrome on XP (92b9302580391f72df037a815b64ab87)] -> id: ch_signup_password]</span>
                <span class="reporter-method-output">click--signupbtn--</span>
                <span class="reporter-method-output">Clicking the given object. and the element is =>>[[ChromeDriver: chrome on XP (92b9302580391f72df037a815b64ab87)] -> id: ch_signup_btn]</span>
                <span class="reporter-method-output">verifySuccessMsg--signupemailtxtboxerrmsg|signupmobiletxtboxerrmsg|signuppasswdtxtboxerrmsg|afterloginusername|signuperrmsg--HEY</span>
              </div> <!-- reporter-method-output-div -->
            </div> <!-- reporter-method-div -->
            <div class="reporter-method-div">
              <span class="reporter-method-name">flight_SearchListingTestCase</span>
              <div class="reporter-method-output-div">
                <span class="reporter-method-output">Executable test cases name is :flightSearchlistTestCase</span>
                <span class="reporter-method-output">openBrowser--browserName--</span>
                <span class="reporter-method-output">navigateURL--URL--</span>
                <span class="reporter-method-output">Navigating the URL. The Domain Name is https://www.makemytrip.com/</span>
                <span class="reporter-method-output">click--homepage.from.box--</span>
                <span class="reporter-method-output">Clicking the given object. and the element is =>>[[ChromeDriver: chrome on XP (4ea8886a8789fc10874c786ef1ec77a6)] -> id: hp-widget__sfrom]</span>
                <span class="reporter-method-output">selectdivOptions--homepage.from.options--Delhi</span>
                <span class="reporter-method-output">click--homepage.to.box--</span>
                <span class="reporter-method-output">Clicking the given object. and the element is =>>[[ChromeDriver: chrome on XP (4ea8886a8789fc10874c786ef1ec77a6)] -> id: hp-widget__sTo]</span>
                <span class="reporter-method-output">selectdivOptions--homepage.to.options--Mumbai</span>
                <span class="reporter-method-output">click--homepage.go.date--</span>
                <span class="reporter-method-output">Clicking the given object. and the element is =>>[[ChromeDriver: chrome on XP (4ea8886a8789fc10874c786ef1ec77a6)] -> id: hp-widget__depart]</span>
                <span class="reporter-method-output">chooseDate----12-October 2017</span>
                <span class="reporter-method-output">click--homepage.passenger--</span>
                <span class="reporter-method-output">Clicking the given object. and the element is =>>[[ChromeDriver: chrome on XP (4ea8886a8789fc10874c786ef1ec77a6)] -> id: hp-widget__paxCounter]</span>
                <span class="reporter-method-output">chooseAdults----2</span>
                <span class="reporter-method-output">chooseChildrans----0</span>
                <span class="reporter-method-output">chooseInfants----0</span>
                <span class="reporter-method-output">click--homepage.passenger.done--</span>
                <span class="reporter-method-output">Clicking the given object. and the element is =>>[[ChromeDriver: chrome on XP (4ea8886a8789fc10874c786ef1ec77a6)] -> xpath: //*[@id='js-filterOptins']/div/div[9]/div/p/a]</span>
                <span class="reporter-method-output">verifyHiddenValue--homepage.passenger--</span>
                <span class="reporter-method-output">click--homepage.class--</span>
                <span class="reporter-method-output">Clicking the given object. and the element is =>>[[ChromeDriver: chrome on XP (4ea8886a8789fc10874c786ef1ec77a6)] -> id: hp-widget__class]</span>
                <span class="reporter-method-output">chooseClass----Economy</span>
                <span class="reporter-method-output">click--homepage.searchbtn--</span>
                <span class="reporter-method-output">Clicking the given object. and the element is =>>[[ChromeDriver: chrome on XP (4ea8886a8789fc10874c786ef1ec77a6)] -> id: searchBtn]</span>
                <span class="reporter-method-output">verifyTotalinSplit--listingpage.total--</span>
                <span class="reporter-method-output">scrollDownVerifyCount--listingpage.nameslist|listingpage.total--</span>
                <span class="reporter-method-output">printAllprojectnames--listingpage.nameslist--</span>
                <span class="reporter-method-output">chooseOnBook--listingpage.nameslist|listingpage.flightprice|flightreviewpage.finalprice--6E-957</span>
                <span class="reporter-method-output">verifyReviewPageGrandTotal--flightreviewpage.basefire|flightreviewpage.feesurcharges|flightreviewpage.grandtotal|flightreviewpage.total--</span>
              </div> <!-- reporter-method-output-div -->
            </div> <!-- reporter-method-div -->
            <div class="reporter-method-div">
              <span class="reporter-method-name">hotelSearchlistTestCase</span>
              <div class="reporter-method-output-div">
                <span class="reporter-method-output">Executable test cases name is :hotelSearchlistTestCase</span>
                <span class="reporter-method-output">openBrowser--browserName--</span>
                <span class="reporter-method-output">navigateURL--URL--</span>
                <span class="reporter-method-output">Navigating the URL. The Domain Name is https://www.makemytrip.com/</span>
                <span class="reporter-method-output">click--homepage.header.hotellink--</span>
                <span class="reporter-method-output">Clicking the given object. and the element is =>>[[FirefoxDriver: firefox on WINDOWS (412b4cad-61d9-4c3b-a6ed-38855449aebe)] -> id: header_tab_hotels]</span>
                <span class="reporter-method-output">verifyTitle----Online Hotel Booking for Cheap, Budget & Luxury Hotels in India | MakeMyTrip.com</span>
                <span class="reporter-method-output">Verifing the given domain Url title.And the Title is =>>Online Hotel Booking for Cheap, Budget & Luxury Hotels in India | MakeMyTrip.comExpected Title is: Online Hotel Booking for Cheap, Budget & Luxury Hotels in India | MakeMyTrip.com</span>
                <span class="reporter-method-output">click--homepage.hotel.city.hoteltxt--</span>
                <span class="reporter-method-output">Clicking the given object. and the element is =>>[[FirefoxDriver: firefox on WINDOWS (412b4cad-61d9-4c3b-a6ed-38855449aebe)] -> id: hp-widget__sDest]</span>
                <span class="reporter-method-output">waitForElementPresent--homepage.citylist.optionheader--</span>
                <span class="reporter-method-output">selectdivOptions--homepage.hotel.city.hoteloptions--Mumbai</span>
                <span class="reporter-method-output">waitForElementPresent--homepage.datepicker.leftside.monthyear--</span>
                <span class="reporter-method-output">chooseDate----12-November 2017</span>
                <span class="reporter-method-output">chooseDateReturn----20-November 2017</span>
                <span class="reporter-method-output">waitForInvisibility--homepage.datepicker.leftside.monthyear--</span>
                <span class="reporter-method-output">click--homepage.hotel.roomguests--</span>
                <span class="reporter-method-output">Clicking the given object. and the element is =>>[[FirefoxDriver: firefox on WINDOWS (412b4cad-61d9-4c3b-a6ed-38855449aebe)] -> id: hp-widget__paxCounter]</span>
                <span class="reporter-method-output">waitForElementPresent--homepage.passenger.room--</span>
                <span class="reporter-method-output">chooseAdults----2</span>
                <span class="reporter-method-output">chooseChildrenswiththeirAge----2|1|1</span>
                <span class="reporter-method-output">waitForInvisibility--homepage.hotel.roomguests.done--</span>
                <span class="reporter-method-output">verifyHiddenValue--homepage.passenger--</span>
                <span class="reporter-method-output">click--homepage.searchbtn--</span>
                <span class="reporter-method-output">Clicking the given object. and the element is =>>[[FirefoxDriver: firefox on WINDOWS (412b4cad-61d9-4c3b-a6ed-38855449aebe)] -> id: searchBtn]</span>
                <span class="reporter-method-output">waitForTextPresent--listingpage.hotelpageheading--Hotels in Mumbai</span>
                <span class="reporter-method-output">clickOnFirstHotel--listingpage.hotelnamelist--</span>
                <span class="reporter-method-output">switchtoWindow----</span>
                <span class="reporter-method-output">waitForVisibilityOfElement--hotel.viewpage.hotelname--20</span>
                <span class="reporter-method-output">click--hotel.viewpage.roomtype.header.taboption--</span>
                <span class="reporter-method-output">Clicking the given object. and the element is =>>[[FirefoxDriver: firefox on WINDOWS (412b4cad-61d9-4c3b-a6ed-38855449aebe)] -> xpath: //*[@id='details-nav-roomtype']]</span>
                <span class="reporter-method-output">moveCusoronElement--hotel.viewpage.roomonly.bookbtn|hotel.viewpage.roomonly.bookbtn1--</span>
                <span class="reporter-method-output">clickWhichElementPresent--hotel.viewpage.roomonly.bookbtn|hotel.viewpage.roomonly.bookbtn1--</span>
                <span class="reporter-method-output">waitForTextPresent--booking.confirmationpage.totaltxt--Total</span>
                <span class="reporter-method-output">click--booking.confirmationpage.breakingup.arrow--</span>
                <span class="reporter-method-output">Clicking the given object. and the element is =>>[[FirefoxDriver: firefox on WINDOWS (412b4cad-61d9-4c3b-a6ed-38855449aebe)] -> xpath: //*[@id='begin_review']/div[2]/div/div[1]/p]</span>
                <span class="reporter-method-output">verify_BookingConfirmationDetailsprice--booking.confirmationpage.roomandnights|booking.confirmationpage.servicecharge|booking.confirmationpage.coupon|booking.confirmationpage.promodiscount|booking.confirmationpage.extracost|booking.confirmationpage.totalprice--</span>
                <span class="reporter-method-output">selectDropdown--booking.confirmationpage.titledropdown--Ms.</span>
                <span class="reporter-method-output">input--booking.confirmationpage.firstnametxtbox--test</span>
                <span class="reporter-method-output">Entering the values in given webelement. The element name is =>>[[FirefoxDriver: firefox on WINDOWS (412b4cad-61d9-4c3b-a6ed-38855449aebe)] -> xpath: //*[@id='htR-trvlr-guestName']]</span>
                <span class="reporter-method-output">input--booking.confirmationpage.lastnametxtbox--test</span>
                <span class="reporter-method-output">Entering the values in given webelement. The element name is =>>[[FirefoxDriver: firefox on WINDOWS (412b4cad-61d9-4c3b-a6ed-38855449aebe)] -> xpath: //*[@id='htR-trvlr-guestLastName']]</span>
                <span class="reporter-method-output">input--booking.confirmationpage.emailtxtbox--text</span>
                <span class="reporter-method-output">Entering the values in given webelement. The element name is =>>[[FirefoxDriver: firefox on WINDOWS (412b4cad-61d9-4c3b-a6ed-38855449aebe)] -> xpath: //*[@id='htR-trvlr-guestEmail']]</span>
                <span class="reporter-method-output">input--booking.confirmationpage.contactnotxtbox--text</span>
                <span class="reporter-method-output">Entering the values in given webelement. The element name is =>>[[FirefoxDriver: firefox on WINDOWS (412b4cad-61d9-4c3b-a6ed-38855449aebe)] -> xpath: //*[@id='htR-trvlr-guestNum']]</span>
                <span class="reporter-method-output">click--booking.confirmationpage.paynowbtn--</span>
                <span class="reporter-method-output">Clicking the given object. and the element is =>>[[FirefoxDriver: firefox on WINDOWS (412b4cad-61d9-4c3b-a6ed-38855449aebe)] -> xpath: //a[@id='makePaymentId']]</span>
              </div> <!-- reporter-method-output-div -->
            </div> <!-- reporter-method-div -->
          </div> <!-- main-panel-content rounded-window-bottom -->
        </div> <!-- panel -->
        <div panel-name="ignored-methods-Make_My_trip_Regression_Test_cases" class="panel">
          <div class="main-panel-header rounded-window-top">
            <span class="header-content">0 ignored methods</span>
          </div> <!-- main-panel-header rounded-window-top -->
          <div class="main-panel-content rounded-window-bottom">
          </div> <!-- main-panel-content rounded-window-bottom -->
        </div> <!-- panel -->
        <div panel-name="chronological-Make_My_trip_Regression_Test_cases" class="panel">
          <div class="main-panel-header rounded-window-top">
            <span class="header-content">Methods in chronological order</span>
          </div> <!-- main-panel-header rounded-window-top -->
          <div class="main-panel-content rounded-window-bottom">
            <div class="chronological-class">
              <div class="chronological-class-name">com.hybridframework_Selenium.testcases.TC001_LoginPageTestcase</div> <!-- chronological-class-name -->
              <div class="configuration-class before">
                <span class="method-name">selectBrowser(firefox)</span>
                <span class="method-start">0 ms</span>
              </div> <!-- configuration-class before -->
              <div class="configuration-method before">
                <span class="method-name">beforeExecution(public void com.hybridframework_Selenium.testcases.TC001_LoginPageTestcase.loginTestwithDifferentsce...)</span>
                <span class="method-start">11336 ms</span>
              </div> <!-- configuration-method before -->
              <div class="test-method">
                <span class="method-name">loginTestwithDifferentscenarios({Status=SKIP, Password=, Runmode=N, Expected_Result=Please enter an Email Address, Email=})</span>
                <span class="method-start">11347 ms</span>
              </div> <!-- test-method -->
              <div class="configuration-method after">
                <span class="method-name">afterExecution([TestResult name=loginTestwithDifferentscenarios status=SKIP method=TC001_LoginPageTestcase.loginTes...)</span>
                <span class="method-start">11358 ms</span>
              </div> <!-- configuration-method after -->
              <div class="configuration-method after">
                <span class="method-name">afterExecution([TestResult name=loginTestwithDifferentscenarios status=SKIP method=TC001_LoginPageTestcase.loginTes...)</span>
                <span class="method-start">11514 ms</span>
              </div> <!-- configuration-method after -->
              <div class="configuration-method before">
                <span class="method-name">beforeExecution(public void com.hybridframework_Selenium.testcases.TC001_LoginPageTestcase.loginTestwithDifferentsce...)</span>
                <span class="method-start">11514 ms</span>
              </div> <!-- configuration-method before -->
              <div class="test-method">
                <span class="method-name">loginTestwithDifferentscenarios({Status=SKIP, Password=hjkhjhdjd^7, Runmode=N, Expected_Result=Username and password doesn't match, ...)</span>
                <span class="method-start">11514 ms</span>
              </div> <!-- test-method -->
              <div class="configuration-method before">
                <span class="method-name">beforeExecution(public void com.hybridframework_Selenium.testcases.TC001_LoginPageTestcase.loginTestwithDifferentsce...)</span>
                <span class="method-start">11677 ms</span>
              </div> <!-- configuration-method before -->
              <div class="test-method">
                <span class="method-name">loginTestwithDifferentscenarios({Status=SKIP, Password=jakay07@, Runmode=N, Expected_Result=Hey , Email=jakay507@gmail.com})</span>
                <span class="method-start">11677 ms</span>
              </div> <!-- test-method -->
              <div class="configuration-method after">
                <span class="method-name">afterExecution([TestResult name=loginTestwithDifferentscenarios status=SKIP method=TC001_LoginPageTestcase.loginTes...)</span>
                <span class="method-start">11681 ms</span>
              </div> <!-- configuration-method after -->
              <div class="configuration-method before">
                <span class="method-name">beforeExecution(public void com.hybridframework_Selenium.testcases.TC001_LoginPageTestcase.loginTestwithDifferentsce...)</span>
                <span class="method-start">11777 ms</span>
              </div> <!-- configuration-method before -->
              <div class="test-method">
                <span class="method-name">loginTestwithDifferentscenarios({Status=PASS, Password=545, Runmode=Y, Expected_Result=Please enter an Email Address, Email=})</span>
                <span class="method-start">11778 ms</span>
              </div> <!-- test-method -->
              <div class="configuration-method after">
                <span class="method-name">afterExecution([TestResult name=loginTestwithDifferentscenarios status=SUCCESS method=TC001_LoginPageTestcase.login...)</span>
                <span class="method-start">47392 ms</span>
              </div> <!-- configuration-method after -->
              <div class="configuration-method before">
                <span class="method-name">beforeExecution(public void com.hybridframework_Selenium.testcases.TC001_LoginPageTestcase.loginTestwithDifferentsce...)</span>
                <span class="method-start">48553 ms</span>
              </div> <!-- configuration-method before -->
              <div class="test-method">
                <span class="method-name">loginTestwithDifferentscenarios({Status=PASS, Password=, Runmode=Y, Expected_Result=Please enter a password, Email=Jkay@yopmail.com})</span>
                <span class="method-start">48553 ms</span>
              </div> <!-- test-method -->
              <div class="configuration-method after">
                <span class="method-name">afterExecution([TestResult name=loginTestwithDifferentscenarios status=SUCCESS method=TC001_LoginPageTestcase.login...)</span>
                <span class="method-start">65712 ms</span>
              </div> <!-- configuration-method after -->
              <div class="configuration-method before">
                <span class="method-name">beforeExecution(public void com.hybridframework_Selenium.testcases.TC001_LoginPageTestcase.loginTestwithDifferentsce...)</span>
                <span class="method-start">66630 ms</span>
              </div> <!-- configuration-method before -->
              <div class="configuration-method after">
                <span class="method-name">afterExecution([TestResult name=loginTestwithDifferentscenarios status=SKIP method=TC001_LoginPageTestcase.loginTes...)</span>
                <span class="method-start">66631 ms</span>
              </div> <!-- configuration-method after -->
              <div class="test-method">
                <span class="method-name">loginTestwithDifferentscenarios({Status=SKIP, Password=12345678, Runmode=N, Expected_Result=User is not registered, Email=jakay34@gm...)</span>
                <span class="method-start">66631 ms</span>
              </div> <!-- test-method -->
              <div class="configuration-class after">
                <span class="method-name">endingTest</span>
                <span class="method-start">66681 ms</span>
              </div> <!-- configuration-class after -->
            </div> <!-- chronological-class -->
            <div class="chronological-class">
              <div class="chronological-class-name">com.hybridframework_Selenium.testcases.TC002_SignUpPageTestcases</div> <!-- chronological-class-name -->
              <div class="configuration-class before">
                <span class="method-name">selectBrowser(firefox)</span>
                <span class="method-start">67542 ms</span>
              </div> <!-- configuration-class before -->
              <div class="configuration-method before">
                <span class="method-name">beforeExecution(public void com.hybridframework_Selenium.testcases.TC002_SignUpPageTestcases.signUpPageTestcases(jav...)</span>
                <span class="method-start">73419 ms</span>
              </div> <!-- configuration-method before -->
              <div class="test-method">
                <span class="method-name">signUpPageTestcases({Status=PASS, Mobile=9985652000, Password=1.2345678E7, Runmode=Y, Expected_Result=Please enter an Em...)</span>
                <span class="method-start">73420 ms</span>
              </div> <!-- test-method -->
              <div class="configuration-method after">
                <span class="method-name">afterExecution([TestResult name=signUpPageTestcases status=SUCCESS method=TC002_SignUpPageTestcases.signUpPageTestc...)</span>
                <span class="method-start">93150 ms</span>
              </div> <!-- configuration-method after -->
              <div class="configuration-method after">
                <span class="method-name">afterExecution([TestResult name=signUpPageTestcases status=SKIP method=TC002_SignUpPageTestcases.signUpPageTestcase...)</span>
                <span class="method-start">94019 ms</span>
              </div> <!-- configuration-method after -->
              <div class="configuration-method before">
                <span class="method-name">beforeExecution(public void com.hybridframework_Selenium.testcases.TC002_SignUpPageTestcases.signUpPageTestcases(jav...)</span>
                <span class="method-start">94019 ms</span>
              </div> <!-- configuration-method before -->
              <div class="test-method">
                <span class="method-name">signUpPageTestcases({Status=SKIP, Mobile=, Password=1.2345678E7, Runmode=N, Expected_Result=Please enter a valid Phone N...)</span>
                <span class="method-start">94019 ms</span>
              </div> <!-- test-method -->
              <div class="configuration-method before">
                <span class="method-name">beforeExecution(public void com.hybridframework_Selenium.testcases.TC002_SignUpPageTestcases.signUpPageTestcases(jav...)</span>
                <span class="method-start">94049 ms</span>
              </div> <!-- configuration-method before -->
              <div class="test-method">
                <span class="method-name">signUpPageTestcases({Status=SKIP, Mobile=9985652007, Password=, Runmode=N, Expected_Result=Please enter a password, Emai...)</span>
                <span class="method-start">94049 ms</span>
              </div> <!-- test-method -->
              <div class="configuration-method after">
                <span class="method-name">afterExecution([TestResult name=signUpPageTestcases status=SKIP method=TC002_SignUpPageTestcases.signUpPageTestcase...)</span>
                <span class="method-start">94050 ms</span>
              </div> <!-- configuration-method after -->
              <div class="configuration-method after">
                <span class="method-name">afterExecution([TestResult name=signUpPageTestcases status=SKIP method=TC002_SignUpPageTestcases.signUpPageTestcase...)</span>
                <span class="method-start">94068 ms</span>
              </div> <!-- configuration-method after -->
              <div class="configuration-method before">
                <span class="method-name">beforeExecution(public void com.hybridframework_Selenium.testcases.TC002_SignUpPageTestcases.signUpPageTestcases(jav...)</span>
                <span class="method-start">94068 ms</span>
              </div> <!-- configuration-method before -->
              <div class="test-method">
                <span class="method-name">signUpPageTestcases({Status=SKIP, Mobile=9985652007, Password=7654qwert, Runmode=N, Expected_Result=Email already regist...)</span>
                <span class="method-start">94068 ms</span>
              </div> <!-- test-method -->
              <div class="configuration-class after">
                <span class="method-name">endingTest</span>
                <span class="method-start">94097 ms</span>
              </div> <!-- configuration-class after -->
            </div> <!-- chronological-class -->
            <div class="chronological-class">
              <div class="chronological-class-name">com.hybridframework_Selenium.testcases.TC003_NormalFlowLoginTest</div> <!-- chronological-class-name -->
              <div class="configuration-class before">
                <span class="method-name">selectBrowser(chrome)</span>
                <span class="method-start">94671 ms</span>
              </div> <!-- configuration-class before -->
              <div class="configuration-method before">
                <span class="method-name">beforeExecution(public void com.hybridframework_Selenium.testcases.TC003_NormalFlowLoginTest.normalFlowLoginTestcase...)</span>
                <span class="method-start">97297 ms</span>
              </div> <!-- configuration-method before -->
              <div class="test-method">
                <span class="method-name">normalFlowLoginTestcase</span>
                <span class="method-start">97298 ms</span>
              </div> <!-- test-method -->
              <div class="configuration-method after">
                <span class="method-name">afterExecution([TestResult name=normalFlowLoginTestcase status=SUCCESS method=TC003_NormalFlowLoginTest.normalFlowL...)</span>
                <span class="method-start">112804 ms</span>
              </div> <!-- configuration-method after -->
              <div class="configuration-class after">
                <span class="method-name">endingTest</span>
                <span class="method-start">114284 ms</span>
              </div> <!-- configuration-class after -->
            </div> <!-- chronological-class -->
            <div class="chronological-class">
              <div class="chronological-class-name">com.hybridframework_Selenium.testcases.TC004_NormalSignUpFlowTest</div> <!-- chronological-class-name -->
              <div class="configuration-class before">
                <span class="method-name">selectBrowser(chrome)</span>
                <span class="method-start">115296 ms</span>
              </div> <!-- configuration-class before -->
              <div class="configuration-method before">
                <span class="method-name">beforeExecution(public void com.hybridframework_Selenium.testcases.TC004_NormalSignUpFlowTest.normalSignUpTestcase()...)</span>
                <span class="method-start">117986 ms</span>
              </div> <!-- configuration-method before -->
              <div class="test-method">
                <span class="method-name">normalSignUpTestcase</span>
                <span class="method-start">117986 ms</span>
              </div> <!-- test-method -->
              <div class="configuration-method after">
                <span class="method-name">afterExecution([TestResult name=normalSignUpTestcase status=SUCCESS method=TC004_NormalSignUpFlowTest.normalSignUpT...)</span>
                <span class="method-start">181041 ms</span>
              </div> <!-- configuration-method after -->
              <div class="configuration-class after">
                <span class="method-name">endingTest</span>
                <span class="method-start">182332 ms</span>
              </div> <!-- configuration-class after -->
            </div> <!-- chronological-class -->
            <div class="chronological-class">
              <div class="chronological-class-name">com.hybridframework_Selenium.testcases.TC005_Flight_SearchListingTestCase</div> <!-- chronological-class-name -->
              <div class="configuration-class before">
                <span class="method-name">selectBrowser(chrome)</span>
                <span class="method-start">183185 ms</span>
              </div> <!-- configuration-class before -->
              <div class="configuration-method before">
                <span class="method-name">beforeExecution(public void com.hybridframework_Selenium.testcases.TC005_Flight_SearchListingTestCase.flight_SearchL...)</span>
                <span class="method-start">186648 ms</span>
              </div> <!-- configuration-method before -->
              <div class="test-method">
                <span class="method-name">flight_SearchListingTestCase</span>
                <span class="method-start">186648 ms</span>
              </div> <!-- test-method -->
              <div class="configuration-method after">
                <span class="method-name">afterExecution([TestResult name=flight_SearchListingTestCase status=SUCCESS method=TC005_Flight_SearchListingTestCa...)</span>
                <span class="method-start">240107 ms</span>
              </div> <!-- configuration-method after -->
              <div class="configuration-class after">
                <span class="method-name">endingTest</span>
                <span class="method-start">241360 ms</span>
              </div> <!-- configuration-class after -->
            </div> <!-- chronological-class -->
            <div class="chronological-class">
              <div class="chronological-class-name">com.hybridframework_Selenium.testcases.TC006_HotelSearchlistTestCase</div> <!-- chronological-class-name -->
              <div class="configuration-class before">
                <span class="method-name">selectBrowser(firefox)</span>
                <span class="method-start">242350 ms</span>
              </div> <!-- configuration-class before -->
              <div class="configuration-method before">
                <span class="method-name">beforeExecution(public void com.hybridframework_Selenium.testcases.TC006_HotelSearchlistTestCase.hotelSearchlistTest...)</span>
                <span class="method-start">249757 ms</span>
              </div> <!-- configuration-method before -->
              <div class="test-method">
                <img src="failed.png">
                </img>
                <span class="method-name">hotelSearchlistTestCase</span>
                <span class="method-start">249757 ms</span>
              </div> <!-- test-method -->
              <div class="configuration-method after">
                <span class="method-name">afterExecution([TestResult name=hotelSearchlistTestCase status=FAILURE method=TC006_HotelSearchlistTestCase.hotelSe...)</span>
                <span class="method-start">446280 ms</span>
              </div> <!-- configuration-method after -->
              <div class="configuration-class after">
                <span class="method-name">endingTest</span>
                <span class="method-start">447679 ms</span>
              </div> <!-- configuration-class after -->
          </div> <!-- main-panel-content rounded-window-bottom -->
        </div> <!-- panel -->
      </div> <!-- main-panel-root -->
    </div> <!-- wrapper -->
  </body>
</html>
