<?xml version="1.0" encoding="UTF-8"?>
<testng-results skipped="7" failed="1" ignored="0" total="8" passed="0">
  <reporter-output>
    <line>
      <![CDATA[Automation test is Start, Test name is: loginTestwithDifferentscenarios]]>
    </line>
    <line>
      <![CDATA[Automation test is skipped. This Test Name is loginTestwithDifferentscenarios]]>
    </line>
    <line>
      <![CDATA[Automation test is Start, Test name is: loginTestwithDifferentscenarios]]>
    </line>
    <line>
      <![CDATA[Automation test is skipped. This Test Name is loginTestwithDifferentscenarios]]>
    </line>
    <line>
      <![CDATA[Automation test is Start, Test name is: loginTestwithDifferentscenarios]]>
    </line>
    <line>
      <![CDATA[Automation test is skipped. This Test Name is loginTestwithDifferentscenarios]]>
    </line>
    <line>
      <![CDATA[Automation test is Start, Test name is: loginTestwithDifferentscenarios]]>
    </line>
    <line>
      <![CDATA[Automation test is skipped. This Test Name is loginTestwithDifferentscenarios]]>
    </line>
    <line>
      <![CDATA[Automation test is Start, Test name is: loginTestwithDifferentscenarios]]>
    </line>
    <line>
      <![CDATA[Automation test is skipped. This Test Name is loginTestwithDifferentscenarios]]>
    </line>
    <line>
      <![CDATA[Automation test is Start, Test name is: loginTestwithDifferentscenarios]]>
    </line>
    <line>
      <![CDATA[Automation test is skipped. This Test Name is loginTestwithDifferentscenarios]]>
    </line>
    <line>
      <![CDATA[Automation test is Start, Test name is: signUpPageTestcases]]>
    </line>
    <line>
      <![CDATA[Executable test cases name is :signUpPageTestcases]]>
    </line>
    <line>
      <![CDATA[openBrowser--browserName--]]>
    </line>
    <line>
      <![CDATA[Opening the firefoxBrowser in Windows 7System]]>
    </line>
    <line>
      <![CDATA[navigateURL--URL--]]>
    </line>
    <line>
      <![CDATA[Navigating the URL. The Domain Name is https://www.makemytrip.com/]]>
    </line>
    <line>
      <![CDATA[Automation test is skipped. This Test Name is signUpPageTestcases]]>
    </line>
    <line>
      <![CDATA[Automation test is Start, Test name is: signUpPageTestcases]]>
    </line>
    <line>
      <![CDATA[Executable test cases name is :signUpPageTestcases]]>
    </line>
    <line>
      <![CDATA[openBrowser--browserName--]]>
    </line>
    <line>
      <![CDATA[Opening the firefoxBrowser in Windows 7System]]>
    </line>
    <line>
      <![CDATA[navigateURL--URL--]]>
    </line>
    <line>
      <![CDATA[Navigating the URL. The Domain Name is https://www.makemytrip.com/]]>
    </line>
  </reporter-output>
  <suite name="Make My trip Regression Test cases" duration-ms="84469" started-at="2017-07-31T13:40:27Z" finished-at="2017-07-31T13:41:51Z">
    <groups>
    </groups>
    <test name="Login Regression Test" duration-ms="1703" started-at="2017-07-31T13:40:27Z" finished-at="2017-07-31T13:40:28Z">
      <class name="com.hybridframework_Selenium.testcases.TC001_LoginPageTestcase">
        <test-method status="PASS" signature="beforeExecution(java.lang.reflect.Method)[pri:0, instance:com.hybridframework_Selenium.testcases.TC001_LoginPageTestcase@24a35978]" name="beforeExecution" is-config="true" duration-ms="7" started-at="2017-07-31T19:10:27Z" finished-at="2017-07-31T19:10:27Z">
          <params>
            <param index="0">
              <value>
                <![CDATA[public void com.hybridframework_Selenium.testcases.TC001_LoginPageTestcase.loginTestwithDifferentscenarios(java.util.Hashtable) throws java.lang.Exception]]>
              </value>
            </param>
          </params>
          <reporter-output>
          </reporter-output>
        </test-method> <!-- beforeExecution -->
        <test-method status="SKIP" signature="loginTestwithDifferentscenarios(java.util.Hashtable)[pri:0, instance:com.hybridframework_Selenium.testcases.TC001_LoginPageTestcase@24a35978]" name="loginTestwithDifferentscenarios" duration-ms="15" started-at="2017-07-31T19:10:27Z" data-provider="testDataProvider" finished-at="2017-07-31T19:10:27Z">
          <params>
            <param index="0">
              <value>
                <![CDATA[{Status=SKIP, Password=, Runmode=N, Expected_Result=, Email=}]]>
              </value>
            </param>
          </params>
          <exception class="org.testng.SkipException">
            <message>
              <![CDATA[User is set this test cases runmode is No]]>
            </message>
            <full-stacktrace>
              <![CDATA[org.testng.SkipException: User is set this test cases runmode is No
	at com.hybridframework_Selenium.testcases.TC001_LoginPageTestcase.loginTestwithDifferentscenarios(TC001_LoginPageTestcase.java:27)
	at sun.reflect.NativeMethodAccessorImpl.invoke0(Native Method)
	at sun.reflect.NativeMethodAccessorImpl.invoke(NativeMethodAccessorImpl.java:62)
	at sun.reflect.DelegatingMethodAccessorImpl.invoke(DelegatingMethodAccessorImpl.java:43)
	at java.lang.reflect.Method.invoke(Method.java:497)
	at org.testng.internal.MethodInvocationHelper.invokeMethod(MethodInvocationHelper.java:104)
	at org.testng.internal.Invoker.invokeMethod(Invoker.java:645)
	at org.testng.internal.Invoker.invokeTestMethod(Invoker.java:851)
	at org.testng.internal.Invoker.invokeTestMethods(Invoker.java:1177)
	at org.testng.internal.TestMethodWorker.invokeTestMethods(TestMethodWorker.java:129)
	at org.testng.internal.TestMethodWorker.run(TestMethodWorker.java:112)
	at java.util.concurrent.ThreadPoolExecutor.runWorker(ThreadPoolExecutor.java:1142)
	at java.util.concurrent.ThreadPoolExecutor$Worker.run(ThreadPoolExecutor.java:617)
	at java.lang.Thread.run(Thread.java:745)
]]>
            </full-stacktrace>
          </exception> <!-- org.testng.SkipException -->
          <reporter-output>
            <line>
              <![CDATA[Automation test is Start, Test name is: loginTestwithDifferentscenarios]]>
            </line>
            <line>
              <![CDATA[Automation test is skipped. This Test Name is loginTestwithDifferentscenarios]]>
            </line>
          </reporter-output>
        </test-method> <!-- loginTestwithDifferentscenarios -->
        <test-method status="PASS" signature="afterExecution(org.testng.ITestResult)[pri:0, instance:com.hybridframework_Selenium.testcases.TC001_LoginPageTestcase@24a35978]" name="afterExecution" is-config="true" duration-ms="92" started-at="2017-07-31T19:10:27Z" finished-at="2017-07-31T19:10:28Z">
          <params>
            <param index="0">
              <value>
                <![CDATA[[TestResult name=loginTestwithDifferentscenarios status=SKIP method=TC001_LoginPageTestcase.loginTestwithDifferentscenarios(java.util.Hashtable)[pri:0, instance:com.hybridframework_Selenium.testcases.TC001_LoginPageTestcase@24a35978] output=Automation test is Start, Test name is: loginTestwithDifferentscenarios]]]>
              </value>
            </param>
          </params>
          <reporter-output>
          </reporter-output>
        </test-method> <!-- afterExecution -->
        <test-method status="SKIP" signature="loginTestwithDifferentscenarios(java.util.Hashtable)[pri:0, instance:com.hybridframework_Selenium.testcases.TC001_LoginPageTestcase@24a35978]" name="loginTestwithDifferentscenarios" duration-ms="1" started-at="2017-07-31T19:10:28Z" data-provider="testDataProvider" finished-at="2017-07-31T19:10:28Z">
          <params>
            <param index="0">
              <value>
                <![CDATA[{Status=SKIP, Password=hjkhjhdjd^7, Runmode=Y, Expected_Result=, Email=test@yopmail.com}]]>
              </value>
            </param>
          </params>
          <exception class="org.testng.SkipException">
            <message>
              <![CDATA[User is set this test cases runmode is No]]>
            </message>
            <full-stacktrace>
              <![CDATA[org.testng.SkipException: User is set this test cases runmode is No
	at com.hybridframework_Selenium.testcases.TC001_LoginPageTestcase.loginTestwithDifferentscenarios(TC001_LoginPageTestcase.java:27)
	at sun.reflect.NativeMethodAccessorImpl.invoke0(Native Method)
	at sun.reflect.NativeMethodAccessorImpl.invoke(NativeMethodAccessorImpl.java:62)
	at sun.reflect.DelegatingMethodAccessorImpl.invoke(DelegatingMethodAccessorImpl.java:43)
	at java.lang.reflect.Method.invoke(Method.java:497)
	at org.testng.internal.MethodInvocationHelper.invokeMethod(MethodInvocationHelper.java:104)
	at org.testng.internal.Invoker.invokeMethod(Invoker.java:645)
	at org.testng.internal.Invoker.invokeTestMethod(Invoker.java:851)
	at org.testng.internal.Invoker.invokeTestMethods(Invoker.java:1177)
	at org.testng.internal.TestMethodWorker.invokeTestMethods(TestMethodWorker.java:129)
	at org.testng.internal.TestMethodWorker.run(TestMethodWorker.java:112)
	at java.util.concurrent.ThreadPoolExecutor.runWorker(ThreadPoolExecutor.java:1142)
	at java.util.concurrent.ThreadPoolExecutor$Worker.run(ThreadPoolExecutor.java:617)
	at java.lang.Thread.run(Thread.java:745)
]]>
            </full-stacktrace>
          </exception> <!-- org.testng.SkipException -->
          <reporter-output>
            <line>
              <![CDATA[Automation test is Start, Test name is: loginTestwithDifferentscenarios]]>
            </line>
            <line>
              <![CDATA[Automation test is skipped. This Test Name is loginTestwithDifferentscenarios]]>
            </line>
          </reporter-output>
        </test-method> <!-- loginTestwithDifferentscenarios -->
        <test-method status="PASS" signature="beforeExecution(java.lang.reflect.Method)[pri:0, instance:com.hybridframework_Selenium.testcases.TC001_LoginPageTestcase@24a35978]" name="beforeExecution" is-config="true" duration-ms="0" started-at="2017-07-31T19:10:28Z" finished-at="2017-07-31T19:10:28Z">
          <params>
            <param index="0">
              <value>
                <![CDATA[public void com.hybridframework_Selenium.testcases.TC001_LoginPageTestcase.loginTestwithDifferentscenarios(java.util.Hashtable) throws java.lang.Exception]]>
              </value>
            </param>
          </params>
          <reporter-output>
          </reporter-output>
        </test-method> <!-- beforeExecution -->
        <test-method status="PASS" signature="afterExecution(org.testng.ITestResult)[pri:0, instance:com.hybridframework_Selenium.testcases.TC001_LoginPageTestcase@24a35978]" name="afterExecution" is-config="true" duration-ms="83" started-at="2017-07-31T19:10:28Z" finished-at="2017-07-31T19:10:28Z">
          <params>
            <param index="0">
              <value>
                <![CDATA[[TestResult name=loginTestwithDifferentscenarios status=SKIP method=TC001_LoginPageTestcase.loginTestwithDifferentscenarios(java.util.Hashtable)[pri:0, instance:com.hybridframework_Selenium.testcases.TC001_LoginPageTestcase@24a35978] output=Automation test is Start, Test name is: loginTestwithDifferentscenarios]]]>
              </value>
            </param>
          </params>
          <reporter-output>
          </reporter-output>
        </test-method> <!-- afterExecution -->
        <test-method status="SKIP" signature="loginTestwithDifferentscenarios(java.util.Hashtable)[pri:0, instance:com.hybridframework_Selenium.testcases.TC001_LoginPageTestcase@24a35978]" name="loginTestwithDifferentscenarios" duration-ms="1" started-at="2017-07-31T19:10:28Z" data-provider="testDataProvider" finished-at="2017-07-31T19:10:28Z">
          <params>
            <param index="0">
              <value>
                <![CDATA[{Status=SKIP, Password=jakay07@, Runmode=N, Expected_Result=, Email=jakay507@gmail.com}]]>
              </value>
            </param>
          </params>
          <exception class="org.testng.SkipException">
            <message>
              <![CDATA[User is set this test cases runmode is No]]>
            </message>
            <full-stacktrace>
              <![CDATA[org.testng.SkipException: User is set this test cases runmode is No
	at com.hybridframework_Selenium.testcases.TC001_LoginPageTestcase.loginTestwithDifferentscenarios(TC001_LoginPageTestcase.java:27)
	at sun.reflect.NativeMethodAccessorImpl.invoke0(Native Method)
	at sun.reflect.NativeMethodAccessorImpl.invoke(NativeMethodAccessorImpl.java:62)
	at sun.reflect.DelegatingMethodAccessorImpl.invoke(DelegatingMethodAccessorImpl.java:43)
	at java.lang.reflect.Method.invoke(Method.java:497)
	at org.testng.internal.MethodInvocationHelper.invokeMethod(MethodInvocationHelper.java:104)
	at org.testng.internal.Invoker.invokeMethod(Invoker.java:645)
	at org.testng.internal.Invoker.invokeTestMethod(Invoker.java:851)
	at org.testng.internal.Invoker.invokeTestMethods(Invoker.java:1177)
	at org.testng.internal.TestMethodWorker.invokeTestMethods(TestMethodWorker.java:129)
	at org.testng.internal.TestMethodWorker.run(TestMethodWorker.java:112)
	at java.util.concurrent.ThreadPoolExecutor.runWorker(ThreadPoolExecutor.java:1142)
	at java.util.concurrent.ThreadPoolExecutor$Worker.run(ThreadPoolExecutor.java:617)
	at java.lang.Thread.run(Thread.java:745)
]]>
            </full-stacktrace>
          </exception> <!-- org.testng.SkipException -->
          <reporter-output>
            <line>
              <![CDATA[Automation test is Start, Test name is: loginTestwithDifferentscenarios]]>
            </line>
            <line>
              <![CDATA[Automation test is skipped. This Test Name is loginTestwithDifferentscenarios]]>
            </line>
          </reporter-output>
        </test-method> <!-- loginTestwithDifferentscenarios -->
        <test-method status="PASS" signature="beforeExecution(java.lang.reflect.Method)[pri:0, instance:com.hybridframework_Selenium.testcases.TC001_LoginPageTestcase@24a35978]" name="beforeExecution" is-config="true" duration-ms="0" started-at="2017-07-31T19:10:28Z" finished-at="2017-07-31T19:10:28Z">
          <params>
            <param index="0">
              <value>
                <![CDATA[public void com.hybridframework_Selenium.testcases.TC001_LoginPageTestcase.loginTestwithDifferentscenarios(java.util.Hashtable) throws java.lang.Exception]]>
              </value>
            </param>
          </params>
          <reporter-output>
          </reporter-output>
        </test-method> <!-- beforeExecution -->
        <test-method status="PASS" signature="afterExecution(org.testng.ITestResult)[pri:0, instance:com.hybridframework_Selenium.testcases.TC001_LoginPageTestcase@24a35978]" name="afterExecution" is-config="true" duration-ms="70" started-at="2017-07-31T19:10:28Z" finished-at="2017-07-31T19:10:28Z">
          <params>
            <param index="0">
              <value>
                <![CDATA[[TestResult name=loginTestwithDifferentscenarios status=SKIP method=TC001_LoginPageTestcase.loginTestwithDifferentscenarios(java.util.Hashtable)[pri:0, instance:com.hybridframework_Selenium.testcases.TC001_LoginPageTestcase@24a35978] output=Automation test is Start, Test name is: loginTestwithDifferentscenarios]]]>
              </value>
            </param>
          </params>
          <reporter-output>
          </reporter-output>
        </test-method> <!-- afterExecution -->
        <test-method status="PASS" signature="beforeExecution(java.lang.reflect.Method)[pri:0, instance:com.hybridframework_Selenium.testcases.TC001_LoginPageTestcase@24a35978]" name="beforeExecution" is-config="true" duration-ms="1" started-at="2017-07-31T19:10:28Z" finished-at="2017-07-31T19:10:28Z">
          <params>
            <param index="0">
              <value>
                <![CDATA[public void com.hybridframework_Selenium.testcases.TC001_LoginPageTestcase.loginTestwithDifferentscenarios(java.util.Hashtable) throws java.lang.Exception]]>
              </value>
            </param>
          </params>
          <reporter-output>
          </reporter-output>
        </test-method> <!-- beforeExecution -->
        <test-method status="SKIP" signature="loginTestwithDifferentscenarios(java.util.Hashtable)[pri:0, instance:com.hybridframework_Selenium.testcases.TC001_LoginPageTestcase@24a35978]" name="loginTestwithDifferentscenarios" duration-ms="1" started-at="2017-07-31T19:10:28Z" data-provider="testDataProvider" finished-at="2017-07-31T19:10:28Z">
          <params>
            <param index="0">
              <value>
                <![CDATA[{Status=SKIP, Password=545, Runmode=Y, Expected_Result=, Email=}]]>
              </value>
            </param>
          </params>
          <exception class="org.testng.SkipException">
            <message>
              <![CDATA[User is set this test cases runmode is No]]>
            </message>
            <full-stacktrace>
              <![CDATA[org.testng.SkipException: User is set this test cases runmode is No
	at com.hybridframework_Selenium.testcases.TC001_LoginPageTestcase.loginTestwithDifferentscenarios(TC001_LoginPageTestcase.java:27)
	at sun.reflect.NativeMethodAccessorImpl.invoke0(Native Method)
	at sun.reflect.NativeMethodAccessorImpl.invoke(NativeMethodAccessorImpl.java:62)
	at sun.reflect.DelegatingMethodAccessorImpl.invoke(DelegatingMethodAccessorImpl.java:43)
	at java.lang.reflect.Method.invoke(Method.java:497)
	at org.testng.internal.MethodInvocationHelper.invokeMethod(MethodInvocationHelper.java:104)
	at org.testng.internal.Invoker.invokeMethod(Invoker.java:645)
	at org.testng.internal.Invoker.invokeTestMethod(Invoker.java:851)
	at org.testng.internal.Invoker.invokeTestMethods(Invoker.java:1177)
	at org.testng.internal.TestMethodWorker.invokeTestMethods(TestMethodWorker.java:129)
	at org.testng.internal.TestMethodWorker.run(TestMethodWorker.java:112)
	at java.util.concurrent.ThreadPoolExecutor.runWorker(ThreadPoolExecutor.java:1142)
	at java.util.concurrent.ThreadPoolExecutor$Worker.run(ThreadPoolExecutor.java:617)
	at java.lang.Thread.run(Thread.java:745)
]]>
            </full-stacktrace>
          </exception> <!-- org.testng.SkipException -->
          <reporter-output>
            <line>
              <![CDATA[Automation test is Start, Test name is: loginTestwithDifferentscenarios]]>
            </line>
            <line>
              <![CDATA[Automation test is skipped. This Test Name is loginTestwithDifferentscenarios]]>
            </line>
          </reporter-output>
        </test-method> <!-- loginTestwithDifferentscenarios -->
        <test-method status="PASS" signature="afterExecution(org.testng.ITestResult)[pri:0, instance:com.hybridframework_Selenium.testcases.TC001_LoginPageTestcase@24a35978]" name="afterExecution" is-config="true" duration-ms="84" started-at="2017-07-31T19:10:28Z" finished-at="2017-07-31T19:10:28Z">
          <params>
            <param index="0">
              <value>
                <![CDATA[[TestResult name=loginTestwithDifferentscenarios status=SKIP method=TC001_LoginPageTestcase.loginTestwithDifferentscenarios(java.util.Hashtable)[pri:0, instance:com.hybridframework_Selenium.testcases.TC001_LoginPageTestcase@24a35978] output=Automation test is Start, Test name is: loginTestwithDifferentscenarios]]]>
              </value>
            </param>
          </params>
          <reporter-output>
          </reporter-output>
        </test-method> <!-- afterExecution -->
        <test-method status="PASS" signature="beforeExecution(java.lang.reflect.Method)[pri:0, instance:com.hybridframework_Selenium.testcases.TC001_LoginPageTestcase@24a35978]" name="beforeExecution" is-config="true" duration-ms="1" started-at="2017-07-31T19:10:28Z" finished-at="2017-07-31T19:10:28Z">
          <params>
            <param index="0">
              <value>
                <![CDATA[public void com.hybridframework_Selenium.testcases.TC001_LoginPageTestcase.loginTestwithDifferentscenarios(java.util.Hashtable) throws java.lang.Exception]]>
              </value>
            </param>
          </params>
          <reporter-output>
          </reporter-output>
        </test-method> <!-- beforeExecution -->
        <test-method status="SKIP" signature="loginTestwithDifferentscenarios(java.util.Hashtable)[pri:0, instance:com.hybridframework_Selenium.testcases.TC001_LoginPageTestcase@24a35978]" name="loginTestwithDifferentscenarios" duration-ms="1" started-at="2017-07-31T19:10:28Z" data-provider="testDataProvider" finished-at="2017-07-31T19:10:28Z">
          <params>
            <param index="0">
              <value>
                <![CDATA[{Status=SKIP, Password=545, Runmode=N, Expected_Result=, Email=}]]>
              </value>
            </param>
          </params>
          <exception class="org.testng.SkipException">
            <message>
              <![CDATA[User is set this test cases runmode is No]]>
            </message>
            <full-stacktrace>
              <![CDATA[org.testng.SkipException: User is set this test cases runmode is No
	at com.hybridframework_Selenium.testcases.TC001_LoginPageTestcase.loginTestwithDifferentscenarios(TC001_LoginPageTestcase.java:27)
	at sun.reflect.NativeMethodAccessorImpl.invoke0(Native Method)
	at sun.reflect.NativeMethodAccessorImpl.invoke(NativeMethodAccessorImpl.java:62)
	at sun.reflect.DelegatingMethodAccessorImpl.invoke(DelegatingMethodAccessorImpl.java:43)
	at java.lang.reflect.Method.invoke(Method.java:497)
	at org.testng.internal.MethodInvocationHelper.invokeMethod(MethodInvocationHelper.java:104)
	at org.testng.internal.Invoker.invokeMethod(Invoker.java:645)
	at org.testng.internal.Invoker.invokeTestMethod(Invoker.java:851)
	at org.testng.internal.Invoker.invokeTestMethods(Invoker.java:1177)
	at org.testng.internal.TestMethodWorker.invokeTestMethods(TestMethodWorker.java:129)
	at org.testng.internal.TestMethodWorker.run(TestMethodWorker.java:112)
	at java.util.concurrent.ThreadPoolExecutor.runWorker(ThreadPoolExecutor.java:1142)
	at java.util.concurrent.ThreadPoolExecutor$Worker.run(ThreadPoolExecutor.java:617)
	at java.lang.Thread.run(Thread.java:745)
]]>
            </full-stacktrace>
          </exception> <!-- org.testng.SkipException -->
          <reporter-output>
            <line>
              <![CDATA[Automation test is Start, Test name is: loginTestwithDifferentscenarios]]>
            </line>
            <line>
              <![CDATA[Automation test is skipped. This Test Name is loginTestwithDifferentscenarios]]>
            </line>
          </reporter-output>
        </test-method> <!-- loginTestwithDifferentscenarios -->
        <test-method status="PASS" signature="afterExecution(org.testng.ITestResult)[pri:0, instance:com.hybridframework_Selenium.testcases.TC001_LoginPageTestcase@24a35978]" name="afterExecution" is-config="true" duration-ms="61" started-at="2017-07-31T19:10:28Z" finished-at="2017-07-31T19:10:28Z">
          <params>
            <param index="0">
              <value>
                <![CDATA[[TestResult name=loginTestwithDifferentscenarios status=SKIP method=TC001_LoginPageTestcase.loginTestwithDifferentscenarios(java.util.Hashtable)[pri:0, instance:com.hybridframework_Selenium.testcases.TC001_LoginPageTestcase@24a35978] output=Automation test is Start, Test name is: loginTestwithDifferentscenarios]]]>
              </value>
            </param>
          </params>
          <reporter-output>
          </reporter-output>
        </test-method> <!-- afterExecution -->
        <test-method status="SKIP" signature="loginTestwithDifferentscenarios(java.util.Hashtable)[pri:0, instance:com.hybridframework_Selenium.testcases.TC001_LoginPageTestcase@24a35978]" name="loginTestwithDifferentscenarios" duration-ms="1" started-at="2017-07-31T19:10:28Z" data-provider="testDataProvider" finished-at="2017-07-31T19:10:28Z">
          <params>
            <param index="0">
              <value>
                <![CDATA[{Status=SKIP, Password=12345678, Runmode=N, Expected_Result=, Email=jakay34@gmail.com}]]>
              </value>
            </param>
          </params>
          <exception class="org.testng.SkipException">
            <message>
              <![CDATA[User is set this test cases runmode is No]]>
            </message>
            <full-stacktrace>
              <![CDATA[org.testng.SkipException: User is set this test cases runmode is No
	at com.hybridframework_Selenium.testcases.TC001_LoginPageTestcase.loginTestwithDifferentscenarios(TC001_LoginPageTestcase.java:27)
	at sun.reflect.NativeMethodAccessorImpl.invoke0(Native Method)
	at sun.reflect.NativeMethodAccessorImpl.invoke(NativeMethodAccessorImpl.java:62)
	at sun.reflect.DelegatingMethodAccessorImpl.invoke(DelegatingMethodAccessorImpl.java:43)
	at java.lang.reflect.Method.invoke(Method.java:497)
	at org.testng.internal.MethodInvocationHelper.invokeMethod(MethodInvocationHelper.java:104)
	at org.testng.internal.Invoker.invokeMethod(Invoker.java:645)
	at org.testng.internal.Invoker.invokeTestMethod(Invoker.java:851)
	at org.testng.internal.Invoker.invokeTestMethods(Invoker.java:1177)
	at org.testng.internal.TestMethodWorker.invokeTestMethods(TestMethodWorker.java:129)
	at org.testng.internal.TestMethodWorker.run(TestMethodWorker.java:112)
	at java.util.concurrent.ThreadPoolExecutor.runWorker(ThreadPoolExecutor.java:1142)
	at java.util.concurrent.ThreadPoolExecutor$Worker.run(ThreadPoolExecutor.java:617)
	at java.lang.Thread.run(Thread.java:745)
]]>
            </full-stacktrace>
          </exception> <!-- org.testng.SkipException -->
          <reporter-output>
            <line>
              <![CDATA[Automation test is Start, Test name is: loginTestwithDifferentscenarios]]>
            </line>
            <line>
              <![CDATA[Automation test is skipped. This Test Name is loginTestwithDifferentscenarios]]>
            </line>
          </reporter-output>
        </test-method> <!-- loginTestwithDifferentscenarios -->
        <test-method status="PASS" signature="beforeExecution(java.lang.reflect.Method)[pri:0, instance:com.hybridframework_Selenium.testcases.TC001_LoginPageTestcase@24a35978]" name="beforeExecution" is-config="true" duration-ms="0" started-at="2017-07-31T19:10:28Z" finished-at="2017-07-31T19:10:28Z">
          <params>
            <param index="0">
              <value>
                <![CDATA[public void com.hybridframework_Selenium.testcases.TC001_LoginPageTestcase.loginTestwithDifferentscenarios(java.util.Hashtable) throws java.lang.Exception]]>
              </value>
            </param>
          </params>
          <reporter-output>
          </reporter-output>
        </test-method> <!-- beforeExecution -->
        <test-method status="PASS" signature="afterExecution(org.testng.ITestResult)[pri:0, instance:com.hybridframework_Selenium.testcases.TC001_LoginPageTestcase@24a35978]" name="afterExecution" is-config="true" duration-ms="60" started-at="2017-07-31T19:10:28Z" finished-at="2017-07-31T19:10:28Z">
          <params>
            <param index="0">
              <value>
                <![CDATA[[TestResult name=loginTestwithDifferentscenarios status=SKIP method=TC001_LoginPageTestcase.loginTestwithDifferentscenarios(java.util.Hashtable)[pri:0, instance:com.hybridframework_Selenium.testcases.TC001_LoginPageTestcase@24a35978] output=Automation test is Start, Test name is: loginTestwithDifferentscenarios]]]>
              </value>
            </param>
          </params>
          <reporter-output>
          </reporter-output>
        </test-method> <!-- afterExecution -->
        <test-method status="PASS" signature="endingTest()[pri:0, instance:com.hybridframework_Selenium.testcases.TC001_LoginPageTestcase@24a35978]" name="endingTest" is-config="true" duration-ms="396" started-at="2017-07-31T19:10:28Z" finished-at="2017-07-31T19:10:28Z">
          <reporter-output>
          </reporter-output>
        </test-method> <!-- endingTest -->
      </class> <!-- com.hybridframework_Selenium.testcases.TC001_LoginPageTestcase -->
    </test> <!-- Login Regression Test -->
    <test name="Sign Up Regression Test" duration-ms="82724" started-at="2017-07-31T13:40:28Z" finished-at="2017-07-31T13:41:51Z">
      <class name="com.hybridframework_Selenium.testcases.TC002_SignUpPageTestcases">
        <test-method status="PASS" signature="beforeExecution(java.lang.reflect.Method)[pri:0, instance:com.hybridframework_Selenium.testcases.TC002_SignUpPageTestcases@24b1d79b]" name="beforeExecution" is-config="true" duration-ms="0" started-at="2017-07-31T19:10:28Z" finished-at="2017-07-31T19:10:28Z">
          <params>
            <param index="0">
              <value>
                <![CDATA[public void com.hybridframework_Selenium.testcases.TC002_SignUpPageTestcases.signUpPageTestcases(java.util.Hashtable) throws java.lang.Exception]]>
              </value>
            </param>
          </params>
          <reporter-output>
          </reporter-output>
        </test-method> <!-- beforeExecution -->
        <test-method status="SKIP" signature="signUpPageTestcases(java.util.Hashtable)[pri:0, instance:com.hybridframework_Selenium.testcases.TC002_SignUpPageTestcases@24b1d79b]" name="signUpPageTestcases" duration-ms="52436" started-at="2017-07-31T19:10:28Z" data-provider="testDataProvider" finished-at="2017-07-31T19:11:21Z">
          <params>
            <param index="0">
              <value>
                <![CDATA[{Status=SKIP, Mobile=9985652, Password=, Runmode=Y, Expected_Result=Please enter a valid Email Address, Email=jakay}]]>
              </value>
            </param>
          </params>
          <exception class="org.openqa.selenium.remote.UnreachableBrowserException">
            <message>
              <![CDATA[Error communicating with the remote browser. It may have died.
Build info: version: '3.1.0', revision: 'b94c902', time: '2017-02-16 12:21:31 -0800'
System info: host: 'ADMIN-PC', ip: '169.254.230.1', os.name: 'Windows 7', os.arch: 'amd64', os.version: '6.1', java.version: '1.8.0_71'
Driver info: driver.version: RemoteWebDriver
Capabilities [{applicationCacheEnabled=true, rotatable=false, handlesAlerts=true, databaseEnabled=true, version=31.0, platform=WINDOWS, nativeEvents=false, acceptSslCerts=true, webStorageEnabled=true, locationContextEnabled=true, browserName=firefox, takesScreenshot=true, javascriptEnabled=true, cssSelectorsEnabled=true}]
Session ID: 4f8eb472-1ade-4cad-9e0e-cc344bda68fa]]>
            </message>
            <full-stacktrace>
              <![CDATA[org.openqa.selenium.remote.UnreachableBrowserException: Error communicating with the remote browser. It may have died.
Build info: version: '3.1.0', revision: 'b94c902', time: '2017-02-16 12:21:31 -0800'
System info: host: 'ADMIN-PC', ip: '169.254.230.1', os.name: 'Windows 7', os.arch: 'amd64', os.version: '6.1', java.version: '1.8.0_71'
Driver info: driver.version: RemoteWebDriver
Capabilities [{applicationCacheEnabled=true, rotatable=false, handlesAlerts=true, databaseEnabled=true, version=31.0, platform=WINDOWS, nativeEvents=false, acceptSslCerts=true, webStorageEnabled=true, locationContextEnabled=true, browserName=firefox, takesScreenshot=true, javascriptEnabled=true, cssSelectorsEnabled=true}]
Session ID: 4f8eb472-1ade-4cad-9e0e-cc344bda68fa
	at org.openqa.selenium.remote.RemoteWebDriver.execute(RemoteWebDriver.java:622)
	at org.openqa.selenium.remote.RemoteWebDriver.get(RemoteWebDriver.java:322)
	at com.hybridframework_Selenium.testBase.TestBase.navigateGivenDomain(TestBase.java:133)
	at com.hybridframework_Selenium.testScripts.Keywords.navigateURL(Keywords.java:162)
	at com.hybridframework_Selenium.testScripts.Keywords.executeKeywords(Keywords.java:66)
	at com.hybridframework_Selenium.testcases.TC002_SignUpPageTestcases.signUpPageTestcases(TC002_SignUpPageTestcases.java:29)
	at sun.reflect.NativeMethodAccessorImpl.invoke0(Native Method)
	at sun.reflect.NativeMethodAccessorImpl.invoke(NativeMethodAccessorImpl.java:62)
	at sun.reflect.DelegatingMethodAccessorImpl.invoke(DelegatingMethodAccessorImpl.java:43)
	at java.lang.reflect.Method.invoke(Method.java:497)
	at org.testng.internal.MethodInvocationHelper.invokeMethod(MethodInvocationHelper.java:104)
	at org.testng.internal.Invoker.invokeMethod(Invoker.java:645)
	at org.testng.internal.Invoker.invokeTestMethod(Invoker.java:851)
	at org.testng.internal.Invoker.invokeTestMethods(Invoker.java:1177)
	at org.testng.internal.TestMethodWorker.invokeTestMethods(TestMethodWorker.java:129)
	at org.testng.internal.TestMethodWorker.run(TestMethodWorker.java:112)
	at java.util.concurrent.ThreadPoolExecutor.runWorker(ThreadPoolExecutor.java:1142)
	at java.util.concurrent.ThreadPoolExecutor$Worker.run(ThreadPoolExecutor.java:617)
	at java.lang.Thread.run(Thread.java:745)
Caused by: org.apache.http.conn.HttpHostConnectException: Connect to 127.0.0.1:7055 [/127.0.0.1] failed: Connection refused: connect
	at org.apache.http.impl.conn.DefaultHttpClientConnectionOperator.connect(DefaultHttpClientConnectionOperator.java:158)
	at org.apache.http.impl.conn.PoolingHttpClientConnectionManager.connect(PoolingHttpClientConnectionManager.java:353)
	at org.apache.http.impl.execchain.MainClientExec.establishRoute(MainClientExec.java:380)
	at org.apache.http.impl.execchain.MainClientExec.execute(MainClientExec.java:236)
	at org.apache.http.impl.execchain.ProtocolExec.execute(ProtocolExec.java:184)
	at org.apache.http.impl.execchain.RetryExec.execute(RetryExec.java:88)
	at org.apache.http.impl.execchain.RedirectExec.execute(RedirectExec.java:110)
	at org.apache.http.impl.client.InternalHttpClient.doExecute(InternalHttpClient.java:184)
	at org.apache.http.impl.client.CloseableHttpClient.execute(CloseableHttpClient.java:71)
	at org.apache.http.impl.client.CloseableHttpClient.execute(CloseableHttpClient.java:55)
	at org.openqa.selenium.remote.internal.ApacheHttpClient.fallBackExecute(ApacheHttpClient.java:160)
	at org.openqa.selenium.remote.internal.ApacheHttpClient.execute(ApacheHttpClient.java:88)
	at org.openqa.selenium.remote.HttpCommandExecutor.execute(HttpCommandExecutor.java:160)
	at org.openqa.selenium.firefox.internal.NewProfileExtensionConnection.execute(NewProfileExtensionConnection.java:159)
	at org.openqa.selenium.firefox.FirefoxDriver$LazyCommandExecutor.execute(FirefoxDriver.java:502)
	at org.openqa.selenium.remote.RemoteWebDriver.execute(RemoteWebDriver.java:601)
	... 18 more
Caused by: java.net.ConnectException: Connection refused: connect
	at java.net.DualStackPlainSocketImpl.waitForConnect(Native Method)
	at java.net.DualStackPlainSocketImpl.socketConnect(DualStackPlainSocketImpl.java:85)
	at java.net.AbstractPlainSocketImpl.doConnect(AbstractPlainSocketImpl.java:350)
	at java.net.AbstractPlainSocketImpl.connectToAddress(AbstractPlainSocketImpl.java:206)
	at java.net.AbstractPlainSocketImpl.connect(AbstractPlainSocketImpl.java:188)
	at java.net.PlainSocketImpl.connect(PlainSocketImpl.java:172)
	at java.net.SocksSocketImpl.connect(SocksSocketImpl.java:392)
	at java.net.Socket.connect(Socket.java:589)
	at org.apache.http.conn.socket.PlainConnectionSocketFactory.connectSocket(PlainConnectionSocketFactory.java:74)
	at org.apache.http.impl.conn.DefaultHttpClientConnectionOperator.connect(DefaultHttpClientConnectionOperator.java:141)
	... 33 more
]]>
            </full-stacktrace>
          </exception> <!-- org.openqa.selenium.remote.UnreachableBrowserException -->
          <reporter-output>
            <line>
              <![CDATA[Automation test is Start, Test name is: signUpPageTestcases]]>
            </line>
            <line>
              <![CDATA[Executable test cases name is :signUpPageTestcases]]>
            </line>
            <line>
              <![CDATA[openBrowser--browserName--]]>
            </line>
            <line>
              <![CDATA[Opening the firefoxBrowser in Windows 7System]]>
            </line>
            <line>
              <![CDATA[navigateURL--URL--]]>
            </line>
            <line>
              <![CDATA[Navigating the URL. The Domain Name is https://www.makemytrip.com/]]>
            </line>
            <line>
              <![CDATA[Automation test is skipped. This Test Name is signUpPageTestcases]]>
            </line>
          </reporter-output>
        </test-method> <!-- signUpPageTestcases -->
        <test-method status="PASS" signature="afterExecution(org.testng.ITestResult)[pri:0, instance:com.hybridframework_Selenium.testcases.TC002_SignUpPageTestcases@24b1d79b]" name="afterExecution" is-config="true" duration-ms="39" started-at="2017-07-31T19:11:21Z" finished-at="2017-07-31T19:11:21Z">
          <params>
            <param index="0">
              <value>
                <![CDATA[[TestResult name=signUpPageTestcases status=SKIP method=TC002_SignUpPageTestcases.signUpPageTestcases(java.util.Hashtable)[pri:0, instance:com.hybridframework_Selenium.testcases.TC002_SignUpPageTestcases@24b1d79b] output=Automation test is Start, Test name is: signUpPageTestcases]]]>
              </value>
            </param>
          </params>
          <reporter-output>
          </reporter-output>
        </test-method> <!-- afterExecution -->
        <test-method status="PASS" signature="beforeExecution(java.lang.reflect.Method)[pri:0, instance:com.hybridframework_Selenium.testcases.TC002_SignUpPageTestcases@24b1d79b]" name="beforeExecution" is-config="true" duration-ms="1" started-at="2017-07-31T19:11:21Z" finished-at="2017-07-31T19:11:21Z">
          <params>
            <param index="0">
              <value>
                <![CDATA[public void com.hybridframework_Selenium.testcases.TC002_SignUpPageTestcases.signUpPageTestcases(java.util.Hashtable) throws java.lang.Exception]]>
              </value>
            </param>
          </params>
          <reporter-output>
          </reporter-output>
        </test-method> <!-- beforeExecution -->
        <test-method status="FAIL" signature="signUpPageTestcases(java.util.Hashtable)[pri:0, instance:com.hybridframework_Selenium.testcases.TC002_SignUpPageTestcases@24b1d79b]" name="signUpPageTestcases" duration-ms="28176" started-at="2017-07-31T19:11:21Z" data-provider="testDataProvider" finished-at="2017-07-31T19:11:49Z">
          <params>
            <param index="0">
              <value>
                <![CDATA[{Status=SKIP, Mobile=9985652, Password=, Runmode=Y, Expected_Result=Please enter a valid Email Address, Email=jakay}]]>
              </value>
            </param>
          </params>
          <exception class="org.openqa.selenium.remote.UnreachableBrowserException">
            <message>
              <![CDATA[Error communicating with the remote browser. It may have died.
Build info: version: '3.1.0', revision: 'b94c902', time: '2017-02-16 12:21:31 -0800'
System info: host: 'ADMIN-PC', ip: '169.254.230.1', os.name: 'Windows 7', os.arch: 'amd64', os.version: '6.1', java.version: '1.8.0_71'
Driver info: driver.version: RemoteWebDriver
Capabilities [{applicationCacheEnabled=true, rotatable=false, handlesAlerts=true, databaseEnabled=true, version=31.0, platform=WINDOWS, nativeEvents=false, acceptSslCerts=true, webStorageEnabled=true, locationContextEnabled=true, browserName=firefox, takesScreenshot=true, javascriptEnabled=true, cssSelectorsEnabled=true}]
Session ID: 194c0a73-af4b-484b-8b1a-367cda8d39e7]]>
            </message>
            <full-stacktrace>
              <![CDATA[org.openqa.selenium.remote.UnreachableBrowserException: Error communicating with the remote browser. It may have died.
Build info: version: '3.1.0', revision: 'b94c902', time: '2017-02-16 12:21:31 -0800'
System info: host: 'ADMIN-PC', ip: '169.254.230.1', os.name: 'Windows 7', os.arch: 'amd64', os.version: '6.1', java.version: '1.8.0_71'
Driver info: driver.version: RemoteWebDriver
Capabilities [{applicationCacheEnabled=true, rotatable=false, handlesAlerts=true, databaseEnabled=true, version=31.0, platform=WINDOWS, nativeEvents=false, acceptSslCerts=true, webStorageEnabled=true, locationContextEnabled=true, browserName=firefox, takesScreenshot=true, javascriptEnabled=true, cssSelectorsEnabled=true}]
Session ID: 194c0a73-af4b-484b-8b1a-367cda8d39e7
	at org.openqa.selenium.remote.RemoteWebDriver.execute(RemoteWebDriver.java:622)
	at org.openqa.selenium.remote.RemoteWebDriver.get(RemoteWebDriver.java:322)
	at com.hybridframework_Selenium.testBase.TestBase.navigateGivenDomain(TestBase.java:133)
	at com.hybridframework_Selenium.testScripts.Keywords.navigateURL(Keywords.java:162)
	at com.hybridframework_Selenium.testScripts.Keywords.executeKeywords(Keywords.java:66)
	at com.hybridframework_Selenium.testcases.TC002_SignUpPageTestcases.signUpPageTestcases(TC002_SignUpPageTestcases.java:29)
	at sun.reflect.NativeMethodAccessorImpl.invoke0(Native Method)
	at sun.reflect.NativeMethodAccessorImpl.invoke(NativeMethodAccessorImpl.java:62)
	at sun.reflect.DelegatingMethodAccessorImpl.invoke(DelegatingMethodAccessorImpl.java:43)
	at java.lang.reflect.Method.invoke(Method.java:497)
	at org.testng.internal.MethodInvocationHelper.invokeMethod(MethodInvocationHelper.java:104)
	at org.testng.internal.Invoker.invokeMethod(Invoker.java:645)
	at org.testng.internal.Invoker.retryFailed(Invoker.java:998)
	at org.testng.internal.Invoker.invokeTestMethods(Invoker.java:1200)
	at org.testng.internal.TestMethodWorker.invokeTestMethods(TestMethodWorker.java:129)
	at org.testng.internal.TestMethodWorker.run(TestMethodWorker.java:112)
	at java.util.concurrent.ThreadPoolExecutor.runWorker(ThreadPoolExecutor.java:1142)
	at java.util.concurrent.ThreadPoolExecutor$Worker.run(ThreadPoolExecutor.java:617)
	at java.lang.Thread.run(Thread.java:745)
Caused by: org.apache.http.conn.HttpHostConnectException: Connect to 127.0.0.1:7055 [/127.0.0.1] failed: Connection refused: connect
	at org.apache.http.impl.conn.DefaultHttpClientConnectionOperator.connect(DefaultHttpClientConnectionOperator.java:158)
	at org.apache.http.impl.conn.PoolingHttpClientConnectionManager.connect(PoolingHttpClientConnectionManager.java:353)
	at org.apache.http.impl.execchain.MainClientExec.establishRoute(MainClientExec.java:380)
	at org.apache.http.impl.execchain.MainClientExec.execute(MainClientExec.java:236)
	at org.apache.http.impl.execchain.ProtocolExec.execute(ProtocolExec.java:184)
	at org.apache.http.impl.execchain.RetryExec.execute(RetryExec.java:88)
	at org.apache.http.impl.execchain.RedirectExec.execute(RedirectExec.java:110)
	at org.apache.http.impl.client.InternalHttpClient.doExecute(InternalHttpClient.java:184)
	at org.apache.http.impl.client.CloseableHttpClient.execute(CloseableHttpClient.java:71)
	at org.apache.http.impl.client.CloseableHttpClient.execute(CloseableHttpClient.java:55)
	at org.openqa.selenium.remote.internal.ApacheHttpClient.fallBackExecute(ApacheHttpClient.java:160)
	at org.openqa.selenium.remote.internal.ApacheHttpClient.execute(ApacheHttpClient.java:88)
	at org.openqa.selenium.remote.HttpCommandExecutor.execute(HttpCommandExecutor.java:160)
	at org.openqa.selenium.firefox.internal.NewProfileExtensionConnection.execute(NewProfileExtensionConnection.java:159)
	at org.openqa.selenium.firefox.FirefoxDriver$LazyCommandExecutor.execute(FirefoxDriver.java:502)
	at org.openqa.selenium.remote.RemoteWebDriver.execute(RemoteWebDriver.java:601)
	... 18 more
Caused by: java.net.ConnectException: Connection refused: connect
	at java.net.DualStackPlainSocketImpl.waitForConnect(Native Method)
	at java.net.DualStackPlainSocketImpl.socketConnect(DualStackPlainSocketImpl.java:85)
	at java.net.AbstractPlainSocketImpl.doConnect(AbstractPlainSocketImpl.java:350)
	at java.net.AbstractPlainSocketImpl.connectToAddress(AbstractPlainSocketImpl.java:206)
	at java.net.AbstractPlainSocketImpl.connect(AbstractPlainSocketImpl.java:188)
	at java.net.PlainSocketImpl.connect(PlainSocketImpl.java:172)
	at java.net.SocksSocketImpl.connect(SocksSocketImpl.java:392)
	at java.net.Socket.connect(Socket.java:589)
	at org.apache.http.conn.socket.PlainConnectionSocketFactory.connectSocket(PlainConnectionSocketFactory.java:74)
	at org.apache.http.impl.conn.DefaultHttpClientConnectionOperator.connect(DefaultHttpClientConnectionOperator.java:141)
	... 33 more
]]>
            </full-stacktrace>
          </exception> <!-- org.openqa.selenium.remote.UnreachableBrowserException -->
          <reporter-output>
            <line>
              <![CDATA[Automation test is Start, Test name is: signUpPageTestcases]]>
            </line>
            <line>
              <![CDATA[Executable test cases name is :signUpPageTestcases]]>
            </line>
            <line>
              <![CDATA[openBrowser--browserName--]]>
            </line>
            <line>
              <![CDATA[Opening the firefoxBrowser in Windows 7System]]>
            </line>
            <line>
              <![CDATA[navigateURL--URL--]]>
            </line>
            <line>
              <![CDATA[Navigating the URL. The Domain Name is https://www.makemytrip.com/]]>
            </line>
          </reporter-output>
        </test-method> <!-- signUpPageTestcases -->
        <test-method status="FAIL" signature="afterExecution(org.testng.ITestResult)[pri:0, instance:com.hybridframework_Selenium.testcases.TC002_SignUpPageTestcases@24b1d79b]" name="afterExecution" is-config="true" duration-ms="0" started-at="2017-07-31T19:11:50Z" finished-at="2017-07-31T19:11:50Z">
          <params>
            <param index="0">
              <value>
                <![CDATA[[TestResult name=signUpPageTestcases status=FAILURE method=TC002_SignUpPageTestcases.signUpPageTestcases(java.util.Hashtable)[pri:0, instance:com.hybridframework_Selenium.testcases.TC002_SignUpPageTestcases@24b1d79b] output=Automation test is Start, Test name is: signUpPageTestcases]]]>
              </value>
            </param>
          </params>
          <exception class="org.openqa.selenium.remote.UnreachableBrowserException">
            <message>
              <![CDATA[Error communicating with the remote browser. It may have died.
Build info: version: '3.1.0', revision: 'b94c902', time: '2017-02-16 12:21:31 -0800'
System info: host: 'ADMIN-PC', ip: '169.254.230.1', os.name: 'Windows 7', os.arch: 'amd64', os.version: '6.1', java.version: '1.8.0_71'
Driver info: driver.version: FirefoxDriver
Capabilities [{applicationCacheEnabled=true, rotatable=false, handlesAlerts=true, databaseEnabled=true, version=31.0, platform=WINDOWS, nativeEvents=false, acceptSslCerts=true, webStorageEnabled=true, locationContextEnabled=true, browserName=firefox, takesScreenshot=true, javascriptEnabled=true, cssSelectorsEnabled=true}]
Session ID: 194c0a73-af4b-484b-8b1a-367cda8d39e7]]>
            </message>
            <full-stacktrace>
              <![CDATA[org.openqa.selenium.remote.UnreachableBrowserException: Error communicating with the remote browser. It may have died.
Build info: version: '3.1.0', revision: 'b94c902', time: '2017-02-16 12:21:31 -0800'
System info: host: 'ADMIN-PC', ip: '169.254.230.1', os.name: 'Windows 7', os.arch: 'amd64', os.version: '6.1', java.version: '1.8.0_71'
Driver info: driver.version: FirefoxDriver
Capabilities [{applicationCacheEnabled=true, rotatable=false, handlesAlerts=true, databaseEnabled=true, version=31.0, platform=WINDOWS, nativeEvents=false, acceptSslCerts=true, webStorageEnabled=true, locationContextEnabled=true, browserName=firefox, takesScreenshot=true, javascriptEnabled=true, cssSelectorsEnabled=true}]
Session ID: 194c0a73-af4b-484b-8b1a-367cda8d39e7
	at org.openqa.selenium.remote.RemoteWebDriver.execute(RemoteWebDriver.java:622)
	at org.openqa.selenium.remote.RemoteWebDriver.execute(RemoteWebDriver.java:658)
	at org.openqa.selenium.firefox.FirefoxDriver.getScreenshotAs(FirefoxDriver.java:463)
	at com.hybridframework_Selenium.testBase.TestBase.catureScreen(TestBase.java:269)
	at com.hybridframework_Selenium.testBase.TestBase.getStatus(TestBase.java:246)
	at com.hybridframework_Selenium.testBase.TestBase.afterExecution(TestBase.java:214)
	at sun.reflect.NativeMethodAccessorImpl.invoke0(Native Method)
	at sun.reflect.NativeMethodAccessorImpl.invoke(NativeMethodAccessorImpl.java:62)
	at sun.reflect.DelegatingMethodAccessorImpl.invoke(DelegatingMethodAccessorImpl.java:43)
	at java.lang.reflect.Method.invoke(Method.java:497)
	at org.testng.internal.MethodInvocationHelper.invokeMethod(MethodInvocationHelper.java:104)
	at org.testng.internal.Invoker.invokeConfigurationMethod(Invoker.java:515)
	at org.testng.internal.Invoker.invokeConfigurations(Invoker.java:217)
	at org.testng.internal.Invoker.invokeMethod(Invoker.java:712)
	at org.testng.internal.Invoker.retryFailed(Invoker.java:998)
	at org.testng.internal.Invoker.invokeTestMethods(Invoker.java:1200)
	at org.testng.internal.TestMethodWorker.invokeTestMethods(TestMethodWorker.java:129)
	at org.testng.internal.TestMethodWorker.run(TestMethodWorker.java:112)
	at java.util.concurrent.ThreadPoolExecutor.runWorker(ThreadPoolExecutor.java:1142)
	at java.util.concurrent.ThreadPoolExecutor$Worker.run(ThreadPoolExecutor.java:617)
	at java.lang.Thread.run(Thread.java:745)
Caused by: org.apache.http.conn.HttpHostConnectException: Connect to 127.0.0.1:7055 [/127.0.0.1] failed: Connection refused: connect
	at org.apache.http.impl.conn.DefaultHttpClientConnectionOperator.connect(DefaultHttpClientConnectionOperator.java:158)
	at org.apache.http.impl.conn.PoolingHttpClientConnectionManager.connect(PoolingHttpClientConnectionManager.java:353)
	at org.apache.http.impl.execchain.MainClientExec.establishRoute(MainClientExec.java:380)
	at org.apache.http.impl.execchain.MainClientExec.execute(MainClientExec.java:236)
	at org.apache.http.impl.execchain.ProtocolExec.execute(ProtocolExec.java:184)
	at org.apache.http.impl.execchain.RetryExec.execute(RetryExec.java:88)
	at org.apache.http.impl.execchain.RedirectExec.execute(RedirectExec.java:110)
	at org.apache.http.impl.client.InternalHttpClient.doExecute(InternalHttpClient.java:184)
	at org.apache.http.impl.client.CloseableHttpClient.execute(CloseableHttpClient.java:71)
	at org.apache.http.impl.client.CloseableHttpClient.execute(CloseableHttpClient.java:55)
	at org.openqa.selenium.remote.internal.ApacheHttpClient.fallBackExecute(ApacheHttpClient.java:142)
	at org.openqa.selenium.remote.internal.ApacheHttpClient.execute(ApacheHttpClient.java:88)
	at org.openqa.selenium.remote.HttpCommandExecutor.execute(HttpCommandExecutor.java:160)
	at org.openqa.selenium.firefox.internal.NewProfileExtensionConnection.execute(NewProfileExtensionConnection.java:159)
	at org.openqa.selenium.firefox.FirefoxDriver$LazyCommandExecutor.execute(FirefoxDriver.java:502)
	at org.openqa.selenium.remote.RemoteWebDriver.execute(RemoteWebDriver.java:601)
	... 20 more
Caused by: java.net.ConnectException: Connection refused: connect
	at java.net.DualStackPlainSocketImpl.waitForConnect(Native Method)
	at java.net.DualStackPlainSocketImpl.socketConnect(DualStackPlainSocketImpl.java:85)
	at java.net.AbstractPlainSocketImpl.doConnect(AbstractPlainSocketImpl.java:350)
	at java.net.AbstractPlainSocketImpl.connectToAddress(AbstractPlainSocketImpl.java:206)
	at java.net.AbstractPlainSocketImpl.connect(AbstractPlainSocketImpl.java:188)
	at java.net.PlainSocketImpl.connect(PlainSocketImpl.java:172)
	at java.net.SocksSocketImpl.connect(SocksSocketImpl.java:392)
	at java.net.Socket.connect(Socket.java:589)
	at org.apache.http.conn.socket.PlainConnectionSocketFactory.connectSocket(PlainConnectionSocketFactory.java:74)
	at org.apache.http.impl.conn.DefaultHttpClientConnectionOperator.connect(DefaultHttpClientConnectionOperator.java:141)
	... 35 more
]]>
            </full-stacktrace>
          </exception> <!-- org.openqa.selenium.remote.UnreachableBrowserException -->
          <reporter-output>
          </reporter-output>
        </test-method> <!-- afterExecution -->
        <test-method status="SKIP" signature="endingTest()[pri:0, instance:com.hybridframework_Selenium.testcases.TC002_SignUpPageTestcases@24b1d79b]" name="endingTest" is-config="true" duration-ms="0" started-at="2017-07-31T19:11:51Z" finished-at="2017-07-31T19:11:51Z">
          <reporter-output>
          </reporter-output>
        </test-method> <!-- endingTest -->
      </class> <!-- com.hybridframework_Selenium.testcases.TC002_SignUpPageTestcases -->
    </test> <!-- Sign Up Regression Test -->
  </suite> <!-- Make My trip Regression Test cases -->
</testng-results>
