<!DOCTYPE html PUBLIC "-//W3C//DTD XHTML 1.1//EN" "http://www.w3.org/TR/xhtml11/DTD/xhtml11.dtd">
<html xmlns="http://www.w3.org/1999/xhtml"><head><title>TestNG Report</title><style type="text/css">table {margin-bottom:10px;border-collapse:collapse;empty-cells:show}th,td {border:1px solid #009;padding:.25em .5em}th {vertical-align:bottom}td {vertical-align:top}table a {font-weight:bold}.stripe td {background-color: #E6EBF9}.num {text-align:right}.passedodd td {background-color: #3F3}.passedeven td {background-color: #0A0}.skippedodd td {background-color: #DDD}.skippedeven td {background-color: #CCC}.failedodd td,.attn {background-color: #F33}.failedeven td,.stripe .attn {background-color: #D00}.stacktrace {white-space:pre;font-family:monospace}.totop {font-size:85%;text-align:center;border-bottom:2px solid #000}</style></head><body><table><tr><th>Test</th><th># Passed</th><th># Skipped</th><th># Failed</th><th>Time (ms)</th><th>Included Groups</th><th>Excluded Groups</th></tr><tr><th colspan="7">Default suite</th></tr><tr><td><a href="#t0">Default test</a></td><td class="num">0</td><td class="num">0</td><td class="num attn">1</td><td class="num">62,957</td><td></td><td></td></tr></table><table><thead><tr><th>Class</th><th>Method</th><th>Start</th><th>Time (ms)</th></tr></thead><tbody><tr><th colspan="4">Default suite</th></tr></tbody><tbody id="t0"><tr><th colspan="4">Default test &#8212; failed</th></tr><tr class="failedeven"><td rowspan="1">com.hybridframework_Selenium.testcases.TC006_HotelSearchlistTestCase</td><td><a href="#m0">hotelSearchlistTestCase</a></td><td rowspan="1">1501648722387</td><td rowspan="1">60286</td></tr></tbody></table><h2>Default test</h2><h3 id="m0">com.hybridframework_Selenium.testcases.TC006_HotelSearchlistTestCase#hotelSearchlistTestCase</h3><table class="result"><tr><th>Messages</th></tr><tr><td><div class="messages">Executable test cases name is :hotelSearchlistTestCase<br/>openBrowser--browserName--<br/>Opening the firefoxBrowser in Windows 7System<br/>navigateURL--URL--<br/>Navigating the URL. The Domain Name is https://www.makemytrip.com/<br/>click--homepage.header.hotellink--<br/>Clicking the given object. and the element is =>>[[FirefoxDriver: firefox on WINDOWS (53d755b8-5d36-440f-bd2f-9acb8b22ea5b)] -> id: header_tab_hotels]<br/>verifyTitle----Online Hotel Booking for Cheap, Budget & Luxury Hotels in India | MakeMyTrip.com<br/>Verifing the given domain Url title.And the Title is =>>Online Hotel Booking for Cheap, Budget & Luxury Hotels in India | MakeMyTrip.comExpected Title is: Online Hotel Booking for Cheap, Budget & Luxury Hotels in India | MakeMyTrip.com<br/>click--homepage.hotel.city.hoteltxt--<br/>Clicking the given object. and the element is =>>[[FirefoxDriver: firefox on WINDOWS (53d755b8-5d36-440f-bd2f-9acb8b22ea5b)] -> id: hp-widget__sDest]<br/>selectdivOptions--homepage.hotel.city.hoteloptions--Bangalore<br/>chooseDate----25-October 2017</div></td></tr><tr><th>Exception</th></tr><tr><td><div class="stacktrace">org.openqa.selenium.StaleElementReferenceException: Element not found in the cache - perhaps the page has changed since it was looked up
Command duration or timeout: 30.20 seconds
	at sun.reflect.NativeConstructorAccessorImpl.newInstance0(Native Method)
	at sun.reflect.NativeConstructorAccessorImpl.newInstance(NativeConstructorAccessorImpl.java:62)
	at sun.reflect.DelegatingConstructorAccessorImpl.newInstance(DelegatingConstructorAccessorImpl.java:45)
	at java.lang.reflect.Constructor.newInstance(Constructor.java:422)
	at org.openqa.selenium.remote.ErrorHandler.createThrowable(ErrorHandler.java:216)
	at org.openqa.selenium.remote.ErrorHandler.throwIfResponseFailed(ErrorHandler.java:168)
	at org.openqa.selenium.remote.RemoteWebDriver.execute(RemoteWebDriver.java:635)
	at org.openqa.selenium.remote.RemoteWebElement.execute(RemoteWebElement.java:274)
	at org.openqa.selenium.remote.RemoteWebElement.getText(RemoteWebElement.java:158)
	at com.hybridframework_Selenium.testScripts.Keywords.chooseDate(Keywords.java:478)
	at com.hybridframework_Selenium.testScripts.Keywords.chooseDate(Keywords.java:507)
	at com.hybridframework_Selenium.testScripts.Keywords.executeKeywords(Keywords.java:90)
	at com.hybridframework_Selenium.testcases.TC006_HotelSearchlistTestCase.hotelSearchlistTestCase(TC006_HotelSearchlistTestCase.java:20)
	at sun.reflect.NativeMethodAccessorImpl.invoke0(Native Method)
	at sun.reflect.NativeMethodAccessorImpl.invoke(NativeMethodAccessorImpl.java:62)
	at sun.reflect.DelegatingMethodAccessorImpl.invoke(DelegatingMethodAccessorImpl.java:43)
	at java.lang.reflect.Method.invoke(Method.java:497)
	at org.testng.internal.MethodInvocationHelper.invokeMethod(MethodInvocationHelper.java:104)
	at org.testng.internal.Invoker.invokeMethod(Invoker.java:645)
	at org.testng.internal.Invoker.invokeTestMethod(Invoker.java:851)
	at org.testng.internal.Invoker.invokeTestMethods(Invoker.java:1177)
	at org.testng.internal.TestMethodWorker.invokeTestMethods(TestMethodWorker.java:129)
	at org.testng.internal.TestMethodWorker.run(TestMethodWorker.java:112)
	at org.testng.TestRunner.privateRun(TestRunner.java:756)
	at org.testng.TestRunner.run(TestRunner.java:610)
	at org.testng.SuiteRunner.runTest(SuiteRunner.java:387)
	at org.testng.SuiteRunner.runSequentially(SuiteRunner.java:382)
	at org.testng.SuiteRunner.privateRun(SuiteRunner.java:340)
	at org.testng.SuiteRunner.run(SuiteRunner.java:289)
	at org.testng.SuiteRunnerWorker.runSuite(SuiteRunnerWorker.java:52)
	at org.testng.SuiteRunnerWorker.run(SuiteRunnerWorker.java:86)
	at org.testng.TestNG.runSuitesSequentially(TestNG.java:1293)
	at org.testng.TestNG.runSuitesLocally(TestNG.java:1218)
	at org.testng.TestNG.runSuites(TestNG.java:1133)
	at org.testng.TestNG.run(TestNG.java:1104)
	at org.testng.remote.AbstractRemoteTestNG.run(AbstractRemoteTestNG.java:132)
	at org.testng.remote.RemoteTestNG.initAndRun(RemoteTestNG.java:230)
	at org.testng.remote.RemoteTestNG.main(RemoteTestNG.java:76)
Caused by: org.openqa.selenium.StaleElementReferenceException: Element not found in the cache - perhaps the page has changed since it was looked up
For documentation on this error, please visit: http://seleniumhq.org/exceptions/stale_element_reference.html
Build info: version: &apos;3.1.0&apos;, revision: &apos;b94c902&apos;, time: &apos;2017-02-16 12:21:31 -0800&apos;
System info: host: &apos;ADMIN-PC&apos;, ip: &apos;169.254.230.1&apos;, os.name: &apos;Windows 7&apos;, os.arch: &apos;amd64&apos;, os.version: &apos;6.1&apos;, java.version: &apos;1.8.0_71&apos;
Driver info: driver.version: unknown
	at &lt;anonymous class&gt;.fxdriver.cache.getElementAt(resource://fxdriver/modules/web-element-cache.js:9525)
	at &lt;anonymous class&gt;.Utils.getElementAt(file:///C:/Users/admin/AppData/Local/Temp/anonymous851265853947085284webdriver-profile/extensions/fxdriver@googlecode.com/components/command-processor.js:10238)
	at &lt;anonymous class&gt;.WebElement.getElementText(file:///C:/Users/admin/AppData/Local/Temp/anonymous851265853947085284webdriver-profile/extensions/fxdriver@googlecode.com/components/command-processor.js:12511)
	at &lt;anonymous class&gt;.DelayedCommand.prototype.executeInternal_/h(file:///C:/Users/admin/AppData/Local/Temp/anonymous851265853947085284webdriver-profile/extensions/fxdriver@googlecode.com/components/command-processor.js:12744)
	at &lt;anonymous class&gt;.fxdriver.Timer.prototype.setTimeout/&lt;.notify(file:///C:/Users/admin/AppData/Local/Temp/anonymous851265853947085284webdriver-profile/extensions/fxdriver@googlecode.com/components/command-processor.js:720)
</div></td></tr></table><p class="totop"><a href="#summary">back to summary</a></p></body></html>