<?xml version="1.0" encoding="UTF-8"?>
<testng-results skipped="0" failed="1" ignored="0" total="1" passed="0">
  <reporter-output>
    <line>
      <![CDATA[Executable test cases name is :hotelSearchlistTestCase]]>
    </line>
    <line>
      <![CDATA[openBrowser--browserName--]]>
    </line>
    <line>
      <![CDATA[Opening the firefoxBrowser in Windows 7System]]>
    </line>
    <line>
      <![CDATA[navigateURL--URL--]]>
    </line>
    <line>
      <![CDATA[Navigating the URL. The Domain Name is https://www.makemytrip.com/]]>
    </line>
    <line>
      <![CDATA[click--homepage.header.hotellink--]]>
    </line>
    <line>
      <![CDATA[Clicking the given object. and the element is =>>[[FirefoxDriver: firefox on WINDOWS (5fa098d8-8de1-4432-b9b8-4e9c7a27cb8b)] -> id: header_tab_hotels]]]>
    </line>
    <line>
      <![CDATA[verifyTitle----Online Hotel Booking for Cheap, Budget & Luxury Hotels in India | MakeMyTrip.com]]>
    </line>
    <line>
      <![CDATA[Verifing the given domain Url title.And the Title is =>>Online Hotel Booking for Cheap, Budget & Luxury Hotels in India | MakeMyTrip.comExpected Title is: Online Hotel Booking for Cheap, Budget & Luxury Hotels in India | MakeMyTrip.com]]>
    </line>
    <line>
      <![CDATA[click--homepage.hotel.city.hoteltxt--]]>
    </line>
    <line>
      <![CDATA[Clicking the given object. and the element is =>>[[FirefoxDriver: firefox on WINDOWS (5fa098d8-8de1-4432-b9b8-4e9c7a27cb8b)] -> id: hp-widget__sDest]]]>
    </line>
    <line>
      <![CDATA[selectdivOptions--homepage.hotel.city.hoteloptions--Bangalore]]>
    </line>
    <line>
      <![CDATA[chooseDate----25-October 2017]]>
    </line>
    <line>
      <![CDATA[click--homepage.hotel.getchlOutselecteddate--]]>
    </line>
    <line>
      <![CDATA[Clicking the given object. and the element is =>>[[FirefoxDriver: firefox on WINDOWS (5fa098d8-8de1-4432-b9b8-4e9c7a27cb8b)] -> id: hp-widget__chkOut]]]>
    </line>
    <line>
      <![CDATA[chooseDate----27-November 2017]]>
    </line>
    <line>
      <![CDATA[<a href='C:\Users\admin\housingman\workspace\hybridframework_Selenium\src\main\java\com\hybridframework_Selenium\FailureScreenShot\27_07_2017_11_01_05.png'> <img src='C:\Users\admin\housingman\workspace\hybridframework_Selenium\src\main\java\com\hybridframework_Selenium\FailureScreenShot\27_07_2017_11_01_05.png' height='100' width='100'/> </a>]]>
    </line>
  </reporter-output>
  <suite name="Default suite" duration-ms="71280" started-at="2017-07-27T17:29:55Z" finished-at="2017-07-27T17:31:06Z">
    <groups>
    </groups>
    <test name="Default test" duration-ms="71280" started-at="2017-07-27T17:29:55Z" finished-at="2017-07-27T17:31:06Z">
      <class name="com.hybridframework_Selenium.testcases.TC006_HotelSearchlistTestCase">
        <test-method status="PASS" signature="beforeExecution(java.lang.reflect.Method)[pri:0, instance:com.hybridframework_Selenium.testcases.TC006_HotelSearchlistTestCase@7fe8ea47]" name="beforeExecution" is-config="true" duration-ms="8" started-at="2017-07-27T22:59:55Z" finished-at="2017-07-27T22:59:55Z">
          <params>
            <param index="0">
              <value>
                <![CDATA[public void com.hybridframework_Selenium.testcases.TC006_HotelSearchlistTestCase.hotelSearchlistTestCase() throws java.lang.Exception]]>
              </value>
            </param>
          </params>
          <reporter-output>
          </reporter-output>
        </test-method> <!-- beforeExecution -->
        <test-method status="FAIL" signature="hotelSearchlistTestCase()[pri:0, instance:com.hybridframework_Selenium.testcases.TC006_HotelSearchlistTestCase@7fe8ea47]" name="hotelSearchlistTestCase" duration-ms="69818" started-at="2017-07-27T22:59:55Z" finished-at="2017-07-27T23:01:05Z">
          <exception class="org.openqa.selenium.ElementNotVisibleException">
            <message>
              <![CDATA[Element is not currently visible and so may not be interacted with
Command duration or timeout: 30.14 seconds]]>
            </message>
            <full-stacktrace>
              <![CDATA[org.openqa.selenium.ElementNotVisibleException: Element is not currently visible and so may not be interacted with
Command duration or timeout: 30.14 seconds
	at sun.reflect.NativeConstructorAccessorImpl.newInstance0(Native Method)
	at sun.reflect.NativeConstructorAccessorImpl.newInstance(NativeConstructorAccessorImpl.java:62)
	at sun.reflect.DelegatingConstructorAccessorImpl.newInstance(DelegatingConstructorAccessorImpl.java:45)
	at java.lang.reflect.Constructor.newInstance(Constructor.java:422)
	at org.openqa.selenium.remote.ErrorHandler.createThrowable(ErrorHandler.java:216)
	at org.openqa.selenium.remote.ErrorHandler.throwIfResponseFailed(ErrorHandler.java:168)
	at org.openqa.selenium.remote.RemoteWebDriver.execute(RemoteWebDriver.java:635)
	at org.openqa.selenium.remote.RemoteWebElement.execute(RemoteWebElement.java:274)
	at org.openqa.selenium.remote.RemoteWebElement.click(RemoteWebElement.java:84)
	at com.hybridframework_Selenium.testScripts.Keywords.chooseDate(Keywords.java:476)
	at com.hybridframework_Selenium.testScripts.Keywords.executeKeywords(Keywords.java:90)
	at com.hybridframework_Selenium.testcases.TC006_HotelSearchlistTestCase.hotelSearchlistTestCase(TC006_HotelSearchlistTestCase.java:20)
	at sun.reflect.NativeMethodAccessorImpl.invoke0(Native Method)
	at sun.reflect.NativeMethodAccessorImpl.invoke(NativeMethodAccessorImpl.java:62)
	at sun.reflect.DelegatingMethodAccessorImpl.invoke(DelegatingMethodAccessorImpl.java:43)
	at java.lang.reflect.Method.invoke(Method.java:497)
	at org.testng.internal.MethodInvocationHelper.invokeMethod(MethodInvocationHelper.java:104)
	at org.testng.internal.Invoker.invokeMethod(Invoker.java:645)
	at org.testng.internal.Invoker.invokeTestMethod(Invoker.java:851)
	at org.testng.internal.Invoker.invokeTestMethods(Invoker.java:1177)
	at org.testng.internal.TestMethodWorker.invokeTestMethods(TestMethodWorker.java:129)
	at org.testng.internal.TestMethodWorker.run(TestMethodWorker.java:112)
	at org.testng.TestRunner.privateRun(TestRunner.java:756)
	at org.testng.TestRunner.run(TestRunner.java:610)
	at org.testng.SuiteRunner.runTest(SuiteRunner.java:387)
	at org.testng.SuiteRunner.runSequentially(SuiteRunner.java:382)
	at org.testng.SuiteRunner.privateRun(SuiteRunner.java:340)
	at org.testng.SuiteRunner.run(SuiteRunner.java:289)
	at org.testng.SuiteRunnerWorker.runSuite(SuiteRunnerWorker.java:52)
	at org.testng.SuiteRunnerWorker.run(SuiteRunnerWorker.java:86)
	at org.testng.TestNG.runSuitesSequentially(TestNG.java:1293)
	at org.testng.TestNG.runSuitesLocally(TestNG.java:1218)
	at org.testng.TestNG.runSuites(TestNG.java:1133)
	at org.testng.TestNG.run(TestNG.java:1104)
	at org.testng.remote.AbstractRemoteTestNG.run(AbstractRemoteTestNG.java:132)
	at org.testng.remote.RemoteTestNG.initAndRun(RemoteTestNG.java:230)
	at org.testng.remote.RemoteTestNG.main(RemoteTestNG.java:76)
Caused by: org.openqa.selenium.ElementNotVisibleException: Element is not currently visible and so may not be interacted with
Build info: version: '3.1.0', revision: 'b94c902', time: '2017-02-16 12:21:31 -0800'
System info: host: 'ADMIN-PC', ip: '169.254.230.1', os.name: 'Windows 7', os.arch: 'amd64', os.version: '6.1', java.version: '1.8.0_71'
Driver info: driver.version: unknown
	at <anonymous class>.fxdriver.preconditions.visible(file:///C:/Users/admin/AppData/Local/Temp/anonymous8325957790948783492webdriver-profile/extensions/fxdriver@googlecode.com/components/command-processor.js:10752)
	at <anonymous class>.DelayedCommand.prototype.checkPreconditions_(file:///C:/Users/admin/AppData/Local/Temp/anonymous8325957790948783492webdriver-profile/extensions/fxdriver@googlecode.com/components/command-processor.js:12727)
	at <anonymous class>.DelayedCommand.prototype.executeInternal_/h(file:///C:/Users/admin/AppData/Local/Temp/anonymous8325957790948783492webdriver-profile/extensions/fxdriver@googlecode.com/components/command-processor.js:12744)
	at <anonymous class>.fxdriver.Timer.prototype.setTimeout/<.notify(file:///C:/Users/admin/AppData/Local/Temp/anonymous8325957790948783492webdriver-profile/extensions/fxdriver@googlecode.com/components/command-processor.js:720)
]]>
            </full-stacktrace>
          </exception> <!-- org.openqa.selenium.ElementNotVisibleException -->
          <reporter-output>
            <line>
              <![CDATA[Executable test cases name is :hotelSearchlistTestCase]]>
            </line>
            <line>
              <![CDATA[openBrowser--browserName--]]>
            </line>
            <line>
              <![CDATA[Opening the firefoxBrowser in Windows 7System]]>
            </line>
            <line>
              <![CDATA[navigateURL--URL--]]>
            </line>
            <line>
              <![CDATA[Navigating the URL. The Domain Name is https://www.makemytrip.com/]]>
            </line>
            <line>
              <![CDATA[click--homepage.header.hotellink--]]>
            </line>
            <line>
              <![CDATA[Clicking the given object. and the element is =>>[[FirefoxDriver: firefox on WINDOWS (5fa098d8-8de1-4432-b9b8-4e9c7a27cb8b)] -> id: header_tab_hotels]]]>
            </line>
            <line>
              <![CDATA[verifyTitle----Online Hotel Booking for Cheap, Budget & Luxury Hotels in India | MakeMyTrip.com]]>
            </line>
            <line>
              <![CDATA[Verifing the given domain Url title.And the Title is =>>Online Hotel Booking for Cheap, Budget & Luxury Hotels in India | MakeMyTrip.comExpected Title is: Online Hotel Booking for Cheap, Budget & Luxury Hotels in India | MakeMyTrip.com]]>
            </line>
            <line>
              <![CDATA[click--homepage.hotel.city.hoteltxt--]]>
            </line>
            <line>
              <![CDATA[Clicking the given object. and the element is =>>[[FirefoxDriver: firefox on WINDOWS (5fa098d8-8de1-4432-b9b8-4e9c7a27cb8b)] -> id: hp-widget__sDest]]]>
            </line>
            <line>
              <![CDATA[selectdivOptions--homepage.hotel.city.hoteloptions--Bangalore]]>
            </line>
            <line>
              <![CDATA[chooseDate----25-October 2017]]>
            </line>
            <line>
              <![CDATA[click--homepage.hotel.getchlOutselecteddate--]]>
            </line>
            <line>
              <![CDATA[Clicking the given object. and the element is =>>[[FirefoxDriver: firefox on WINDOWS (5fa098d8-8de1-4432-b9b8-4e9c7a27cb8b)] -> id: hp-widget__chkOut]]]>
            </line>
            <line>
              <![CDATA[chooseDate----27-November 2017]]>
            </line>
          </reporter-output>
        </test-method> <!-- hotelSearchlistTestCase -->
        <test-method status="PASS" signature="afterExecution(org.testng.ITestResult)[pri:0, instance:com.hybridframework_Selenium.testcases.TC006_HotelSearchlistTestCase@7fe8ea47]" name="afterExecution" is-config="true" duration-ms="1101" started-at="2017-07-27T23:01:05Z" finished-at="2017-07-27T23:01:06Z">
          <params>
            <param index="0">
              <value>
                <![CDATA[[TestResult name=hotelSearchlistTestCase status=FAILURE method=TC006_HotelSearchlistTestCase.hotelSearchlistTestCase()[pri:0, instance:com.hybridframework_Selenium.testcases.TC006_HotelSearchlistTestCase@7fe8ea47] output=Executable test cases name is :hotelSearchlistTestCase]]]>
              </value>
            </param>
          </params>
          <reporter-output>
            <line>
              <![CDATA[<a href='C:\Users\admin\housingman\workspace\hybridframework_Selenium\src\main\java\com\hybridframework_Selenium\FailureScreenShot\27_07_2017_11_01_05.png'> <img src='C:\Users\admin\housingman\workspace\hybridframework_Selenium\src\main\java\com\hybridframework_Selenium\FailureScreenShot\27_07_2017_11_01_05.png' height='100' width='100'/> </a>]]>
            </line>
          </reporter-output>
        </test-method> <!-- afterExecution -->
        <test-method status="PASS" signature="endingTest()[pri:0, instance:com.hybridframework_Selenium.testcases.TC006_HotelSearchlistTestCase@7fe8ea47]" name="endingTest" is-config="true" duration-ms="329" started-at="2017-07-27T23:01:06Z" finished-at="2017-07-27T23:01:06Z">
          <reporter-output>
          </reporter-output>
        </test-method> <!-- endingTest -->
      </class> <!-- com.hybridframework_Selenium.testcases.TC006_HotelSearchlistTestCase -->
    </test> <!-- Default test -->
  </suite> <!-- Default suite -->
</testng-results>
