<?xml version="1.0" encoding="UTF-8"?>
<!-- Generated by org.testng.reporters.JUnitReportReporter -->
<testsuite name="com.hybridframework_Selenium.testcases.TC005_Flight_SearchListingTestCase" tests="2" time="206.909" ignored="0" failures="0" timestamp="03 Sep 2017 09:24:39 GMT" skipped="1" hostname="admin-PC" errors="1">
  <testcase name="flight_SearchListingTestCase" time="107.816" classname="com.hybridframework_Selenium.testcases.TC005_Flight_SearchListingTestCase">
    <error type="java.lang.NumberFormatException" message="For input string: &quot;Rs. 5,606&quot;">
      <![CDATA[java.lang.NumberFormatException: For input string: "Rs. 5,606"
	at java.lang.NumberFormatException.forInputString(NumberFormatException.java:65)
	at java.lang.Integer.parseInt(Integer.java:580)
	at java.lang.Integer.parseInt(Integer.java:615)
	at com.hybridframework_Selenium.testScripts.Keywords.chooseOnBook(Keywords.java:411)
	at com.hybridframework_Selenium.testScripts.Keywords.executeKeywords(Keywords.java:132)
	at com.hybridframework_Selenium.testcases.TC005_Flight_SearchListingTestCase.flight_SearchListingTestCase(TC005_Flight_SearchListingTestCase.java:18)
	at sun.reflect.NativeMethodAccessorImpl.invoke0(Native Method)
	at sun.reflect.NativeMethodAccessorImpl.invoke(NativeMethodAccessorImpl.java:62)
	at sun.reflect.DelegatingMethodAccessorImpl.invoke(DelegatingMethodAccessorImpl.java:43)
	at java.lang.reflect.Method.invoke(Method.java:497)
	at org.testng.internal.MethodInvocationHelper.invokeMethod(MethodInvocationHelper.java:104)
	at org.testng.internal.Invoker.invokeMethod(Invoker.java:645)
	at org.testng.internal.Invoker.retryFailed(Invoker.java:998)
	at org.testng.internal.Invoker.invokeTestMethods(Invoker.java:1200)
	at org.testng.internal.TestMethodWorker.invokeTestMethods(TestMethodWorker.java:129)
	at org.testng.internal.TestMethodWorker.run(TestMethodWorker.java:112)
	at java.util.concurrent.ThreadPoolExecutor.runWorker(ThreadPoolExecutor.java:1142)
	at java.util.concurrent.ThreadPoolExecutor$Worker.run(ThreadPoolExecutor.java:617)
	at java.lang.Thread.run(Thread.java:745)
]]>
    </error>
  </testcase> <!-- flight_SearchListingTestCase -->
  <testcase name="flight_SearchListingTestCase" time="99.093" classname="com.hybridframework_Selenium.testcases.TC005_Flight_SearchListingTestCase">
    <skipped/>
  </testcase> <!-- flight_SearchListingTestCase -->
</testsuite> <!-- com.hybridframework_Selenium.testcases.TC005_Flight_SearchListingTestCase -->
