<?xml version="1.0" encoding="UTF-8"?>
<!-- Generated by org.testng.reporters.JUnitReportReporter -->
<testsuite name="com.hybridframework_Selenium.testcases.TC006_HotelSearchlistTestCase" tests="1" time="197.915" ignored="0" failures="0" timestamp="10 Sep 2017 17:23:17 GMT" skipped="0" hostname="admin-PC" errors="1">
  <testcase name="hotelSearchlistTestCase" time="197.915" classname="com.hybridframework_Selenium.testcases.TC006_HotelSearchlistTestCase">
    <error type="org.openqa.selenium.WebDriverException" message="Element &lt;a href=&quot;javascript:void(0);&quot; class=&quot;btn htR-paymnt-btn text-uppercase append_bottom10&quot; id=&quot;makePaymentId&quot; onclick=&quot;makePayment(this);&quot;&gt;&lt;/a&gt; is not clickable at point (1091.5, 30). Other element would receive the click: &lt;span&gt;&lt;/span&gt;
Command duration or timeout: 104 milliseconds
Build info: version: &#039;3.1.0&#039;, revision: &#039;b94c902&#039;, time: &#039;2017-02-16 12:21:31 -0800&#039;
System info: host: &#039;ADMIN-PC&#039;, ip: &#039;169.254.230.1&#039;, os.name: &#039;Windows 7&#039;, os.arch: &#039;amd64&#039;, os.version: &#039;6.1&#039;, java.version: &#039;1.8.0_71&#039;
Driver info: org.openqa.selenium.firefox.FirefoxDriver
Capabilities [{applicationCacheEnabled=true, rotatable=false, handlesAlerts=true, databaseEnabled=true, version=43.0.1, platform=WINDOWS, nativeEvents=false, acceptSslCerts=true, webStorageEnabled=true, locationContextEnabled=true, browserName=firefox, takesScreenshot=true, javascriptEnabled=true, cssSelectorsEnabled=true}]
Session ID: 412b4cad-61d9-4c3b-a6ed-38855449aebe">
      <![CDATA[org.openqa.selenium.WebDriverException: Element <a href="javascript:void(0);" class="btn htR-paymnt-btn text-uppercase append_bottom10" id="makePaymentId" onclick="makePayment(this);"></a> is not clickable at point (1091.5, 30). Other element would receive the click: <span></span>
Command duration or timeout: 104 milliseconds
Build info: version: '3.1.0', revision: 'b94c902', time: '2017-02-16 12:21:31 -0800'
System info: host: 'ADMIN-PC', ip: '169.254.230.1', os.name: 'Windows 7', os.arch: 'amd64', os.version: '6.1', java.version: '1.8.0_71'
Driver info: org.openqa.selenium.firefox.FirefoxDriver
Capabilities [{applicationCacheEnabled=true, rotatable=false, handlesAlerts=true, databaseEnabled=true, version=43.0.1, platform=WINDOWS, nativeEvents=false, acceptSslCerts=true, webStorageEnabled=true, locationContextEnabled=true, browserName=firefox, takesScreenshot=true, javascriptEnabled=true, cssSelectorsEnabled=true}]
Session ID: 412b4cad-61d9-4c3b-a6ed-38855449aebe
	at sun.reflect.NativeConstructorAccessorImpl.newInstance0(Native Method)
	at sun.reflect.NativeConstructorAccessorImpl.newInstance(NativeConstructorAccessorImpl.java:62)
	at sun.reflect.DelegatingConstructorAccessorImpl.newInstance(DelegatingConstructorAccessorImpl.java:45)
	at java.lang.reflect.Constructor.newInstance(Constructor.java:422)
	at org.openqa.selenium.remote.ErrorHandler.createThrowable(ErrorHandler.java:216)
	at org.openqa.selenium.remote.ErrorHandler.throwIfResponseFailed(ErrorHandler.java:168)
	at org.openqa.selenium.remote.RemoteWebDriver.execute(RemoteWebDriver.java:635)
	at org.openqa.selenium.remote.RemoteWebElement.execute(RemoteWebElement.java:274)
	at org.openqa.selenium.remote.RemoteWebElement.click(RemoteWebElement.java:84)
	at com.hybridframework_Selenium.testScripts.Keywords.click(Keywords.java:304)
	at com.hybridframework_Selenium.testScripts.Keywords.executeKeywords(Keywords.java:85)
	at com.hybridframework_Selenium.testcases.TC006_HotelSearchlistTestCase.hotelSearchlistTestCase(TC006_HotelSearchlistTestCase.java:24)
	at sun.reflect.NativeMethodAccessorImpl.invoke0(Native Method)
	at sun.reflect.NativeMethodAccessorImpl.invoke(NativeMethodAccessorImpl.java:62)
	at sun.reflect.DelegatingMethodAccessorImpl.invoke(DelegatingMethodAccessorImpl.java:43)
	at java.lang.reflect.Method.invoke(Method.java:497)
	at org.testng.internal.MethodInvocationHelper.invokeMethod(MethodInvocationHelper.java:104)
	at org.testng.internal.Invoker.invokeMethod(Invoker.java:645)
	at org.testng.internal.Invoker.invokeTestMethod(Invoker.java:851)
	at org.testng.internal.Invoker.invokeTestMethods(Invoker.java:1177)
	at org.testng.internal.TestMethodWorker.invokeTestMethods(TestMethodWorker.java:129)
	at org.testng.internal.TestMethodWorker.run(TestMethodWorker.java:112)
	at java.util.concurrent.ThreadPoolExecutor.runWorker(ThreadPoolExecutor.java:1142)
	at java.util.concurrent.ThreadPoolExecutor$Worker.run(ThreadPoolExecutor.java:617)
	at java.lang.Thread.run(Thread.java:745)
]]>
    </error>
  </testcase> <!-- hotelSearchlistTestCase -->
</testsuite> <!-- com.hybridframework_Selenium.testcases.TC006_HotelSearchlistTestCase -->
