<?xml version="1.0" encoding="UTF-8"?>
<!-- Generated by org.testng.reporters.JUnitReportReporter -->
<testsuite name="com.hybridframework_Selenium.testcases.TC003_NormalFlowLoginTest" tests="2" time="41.513" ignored="0" failures="1" timestamp="03 Sep 2017 08:33:47 GMT" skipped="1" hostname="admin-PC" errors="0">
  <testcase name="normalFlowLoginTestcase" time="25.579" classname="com.hybridframework_Selenium.testcases.TC003_NormalFlowLoginTest">
    <skipped/>
  </testcase> <!-- normalFlowLoginTestcase -->
  <testcase name="normalFlowLoginTestcase" time="15.934" classname="com.hybridframework_Selenium.testcases.TC003_NormalFlowLoginTest">
    <failure type="java.lang.AssertionError" message="expected [] but found [MakeMyTrip - #1 Travel Website 50% OFF on Hotels, Flights &amp; Holiday]">
      <![CDATA[java.lang.AssertionError: expected [] but found [MakeMyTrip - #1 Travel Website 50% OFF on Hotels, Flights & Holiday]
	at org.testng.Assert.fail(Assert.java:94)
	at org.testng.Assert.failNotEquals(Assert.java:513)
	at org.testng.Assert.assertEqualsImpl(Assert.java:135)
	at org.testng.Assert.assertEquals(Assert.java:116)
	at org.testng.Assert.assertEquals(Assert.java:190)
	at org.testng.Assert.assertEquals(Assert.java:200)
	at com.hybridframework_Selenium.testScripts.Keywords.verifyTitle(Keywords.java:260)
	at com.hybridframework_Selenium.testScripts.Keywords.executeKeywords(Keywords.java:75)
	at com.hybridframework_Selenium.testcases.TC003_NormalFlowLoginTest.normalFlowLoginTestcase(TC003_NormalFlowLoginTest.java:26)
	at sun.reflect.NativeMethodAccessorImpl.invoke0(Native Method)
	at sun.reflect.NativeMethodAccessorImpl.invoke(NativeMethodAccessorImpl.java:62)
	at sun.reflect.DelegatingMethodAccessorImpl.invoke(DelegatingMethodAccessorImpl.java:43)
	at java.lang.reflect.Method.invoke(Method.java:497)
	at org.testng.internal.MethodInvocationHelper.invokeMethod(MethodInvocationHelper.java:104)
	at org.testng.internal.Invoker.invokeMethod(Invoker.java:645)
	at org.testng.internal.Invoker.retryFailed(Invoker.java:998)
	at org.testng.internal.Invoker.invokeTestMethods(Invoker.java:1200)
	at org.testng.internal.TestMethodWorker.invokeTestMethods(TestMethodWorker.java:129)
	at org.testng.internal.TestMethodWorker.run(TestMethodWorker.java:112)
	at java.util.concurrent.ThreadPoolExecutor.runWorker(ThreadPoolExecutor.java:1142)
	at java.util.concurrent.ThreadPoolExecutor$Worker.run(ThreadPoolExecutor.java:617)
	at java.lang.Thread.run(Thread.java:745)
]]>
    </failure>
  </testcase> <!-- normalFlowLoginTestcase -->
</testsuite> <!-- com.hybridframework_Selenium.testcases.TC003_NormalFlowLoginTest -->
