<html>
<head>
<title>TestNG:  Flight Search Listing page Regression Test</title>
<link href="../testng.css" rel="stylesheet" type="text/css" />
<link href="../my-testng.css" rel="stylesheet" type="text/css" />

<style type="text/css">
.log { display: none;} 
.stack-trace { display: none;} 
</style>
<script type="text/javascript">
<!--
function flip(e) {
  current = e.style.display;
  if (current == 'block') {
    e.style.display = 'none';
    return 0;
  }
  else {
    e.style.display = 'block';
    return 1;
  }
}

function toggleBox(szDivId, elem, msg1, msg2)
{
  var res = -1;  if (document.getElementById) {
    res = flip(document.getElementById(szDivId));
  }
  else if (document.all) {
    // this is the way old msie versions work
    res = flip(document.all[szDivId]);
  }
  if(elem) {
    if(res == 0) elem.innerHTML = msg1; else elem.innerHTML = msg2;
  }

}

function toggleAllBoxes() {
  if (document.getElementsByTagName) {
    d = document.getElementsByTagName('div');
    for (i = 0; i < d.length; i++) {
      if (d[i].className == 'log') {
        flip(d[i]);
      }
    }
  }
}

// -->
</script>

</head>
<body>
<h2 align='center'>Flight Search Listing page Regression Test</h2><table border='1' align="center">
<tr>
<td>Tests passed/Failed/Skipped:</td><td>0/1/1</td>
</tr><tr>
<td>Started on:</td><td>Sun Sep 03 14:51:01 IST 2017</td>
</tr>
<tr><td>Total time:</td><td>216 seconds (216989 ms)</td>
</tr><tr>
<td>Included groups:</td><td></td>
</tr><tr>
<td>Excluded groups:</td><td></td>
</tr>
</table><p/>
<small><i>(Hover the method name to see the test class name)</i></small><p/>
<table width='100%' border='1' class='invocation-failed'>
<tr><td colspan='4' align='center'><b>FAILED TESTS</b></td></tr>
<tr><td><b>Test method</b></td>
<td width="30%"><b>Exception</b></td>
<td width="10%"><b>Time (seconds)</b></td>
<td><b>Instance</b></td>
</tr>
<tr>
<td title='com.hybridframework_Selenium.testcases.TC005_Flight_SearchListingTestCase.flight_SearchListingTestCase()'><b>flight_SearchListingTestCase</b><br>Test class: com.hybridframework_Selenium.testcases.TC005_Flight_SearchListingTestCase<br/>
<a href="#Output-1063385889" onClick='toggleBox("Output-1063385889", this, "Show output", "Hide output");'>Show output</a>

<a href="#Output-1063385889" onClick="toggleAllBoxes();">Show all outputs</a>
<div class='log' id="Output-1063385889">
Automation test is Start, Test name is: flight_SearchListingTestCase<br/>
Executable test cases name is :flightSearchlistTestCase<br/>
openBrowser--browserName--<br/>
Opening the chromeBrowser in Windows 7System<br/>
navigateURL--URL--<br/>
Navigating the URL. The Domain Name is https://www.makemytrip.com/<br/>
click--homepage.from.box--<br/>
Clicking the given object. and the element is =>>[[ChromeDriver: chrome on XP (8c0f409c55407f6c3c1c12c7c0c42d79)] -> id: hp-widget__sfrom]<br/>
selectdivOptions--homepage.from.options--Delhi<br/>
click--homepage.to.box--<br/>
Clicking the given object. and the element is =>>[[ChromeDriver: chrome on XP (8c0f409c55407f6c3c1c12c7c0c42d79)] -> id: hp-widget__sTo]<br/>
selectdivOptions--homepage.to.options--Mumbai<br/>
click--homepage.go.date--<br/>
Clicking the given object. and the element is =>>[[ChromeDriver: chrome on XP (8c0f409c55407f6c3c1c12c7c0c42d79)] -> id: hp-widget__depart]<br/>
chooseDate----12-October 2017<br/>
click--homepage.passenger--<br/>
Clicking the given object. and the element is =>>[[ChromeDriver: chrome on XP (8c0f409c55407f6c3c1c12c7c0c42d79)] -> id: hp-widget__paxCounter]<br/>
chooseAdults----2<br/>
chooseChildrans----0<br/>
chooseInfants----0<br/>
click--homepage.passenger.done--<br/>
Clicking the given object. and the element is =>>[[ChromeDriver: chrome on XP (8c0f409c55407f6c3c1c12c7c0c42d79)] -> xpath: //*[@id='js-filterOptins']/div/div[9]/div/p/a]<br/>
verifyHiddenValue--homepage.passenger--<br/>
click--homepage.class--<br/>
Clicking the given object. and the element is =>>[[ChromeDriver: chrome on XP (8c0f409c55407f6c3c1c12c7c0c42d79)] -> id: hp-widget__class]<br/>
chooseClass----Economy<br/>
click--homepage.searchbtn--<br/>
Clicking the given object. and the element is =>>[[ChromeDriver: chrome on XP (8c0f409c55407f6c3c1c12c7c0c42d79)] -> id: searchBtn]<br/>
verifyTotalinSplit--listingpage.total--<br/>
scrollDownVerifyCount--listingpage.nameslist|listingpage.total--<br/>
printAllprojectnames--listingpage.nameslist--<br/>
chooseOnBook--listingpage.nameslist|listingpage.flightprice|flightreviewpage.finalprice--6E-957<br/>
</div>
</td>
<td><div><pre>java.lang.NumberFormatException: For input string: &quot;Rs. 5,606&quot;
	at java.lang.NumberFormatException.forInputString(NumberFormatException.java:65)
	at java.lang.Integer.parseInt(Integer.java:580)
	at java.lang.Integer.parseInt(Integer.java:615)
	at com.hybridframework_Selenium.testScripts.Keywords.chooseOnBook(Keywords.java:411)
	at com.hybridframework_Selenium.testScripts.Keywords.executeKeywords(Keywords.java:132)
	at com.hybridframework_Selenium.testcases.TC005_Flight_SearchListingTestCase.flight_SearchListingTestCase(TC005_Flight_SearchListingTestCase.java:18)
	at java.util.concurrent.ThreadPoolExecutor.runWorker(ThreadPoolExecutor.java:1142)
	at java.util.concurrent.ThreadPoolExecutor$Worker.run(ThreadPoolExecutor.java:617)
	at java.lang.Thread.run(Thread.java:745)
... Removed 10 stack frames</pre></div><a href='#' onClick='toggleBox("stack-trace1063385889", this, "Click to show all stack frames", "Click to hide stack frames")'>Click to show all stack frames</a>
<div class='stack-trace' id='stack-trace1063385889'><pre>java.lang.NumberFormatException: For input string: &quot;Rs. 5,606&quot;
	at java.lang.NumberFormatException.forInputString(NumberFormatException.java:65)
	at java.lang.Integer.parseInt(Integer.java:580)
	at java.lang.Integer.parseInt(Integer.java:615)
	at com.hybridframework_Selenium.testScripts.Keywords.chooseOnBook(Keywords.java:411)
	at com.hybridframework_Selenium.testScripts.Keywords.executeKeywords(Keywords.java:132)
	at com.hybridframework_Selenium.testcases.TC005_Flight_SearchListingTestCase.flight_SearchListingTestCase(TC005_Flight_SearchListingTestCase.java:18)
	at sun.reflect.NativeMethodAccessorImpl.invoke0(Native Method)
	at sun.reflect.NativeMethodAccessorImpl.invoke(NativeMethodAccessorImpl.java:62)
	at sun.reflect.DelegatingMethodAccessorImpl.invoke(DelegatingMethodAccessorImpl.java:43)
	at java.lang.reflect.Method.invoke(Method.java:497)
	at org.testng.internal.MethodInvocationHelper.invokeMethod(MethodInvocationHelper.java:104)
	at org.testng.internal.Invoker.invokeMethod(Invoker.java:645)
	at org.testng.internal.Invoker.retryFailed(Invoker.java:998)
	at org.testng.internal.Invoker.invokeTestMethods(Invoker.java:1200)
	at org.testng.internal.TestMethodWorker.invokeTestMethods(TestMethodWorker.java:129)
	at org.testng.internal.TestMethodWorker.run(TestMethodWorker.java:112)
	at java.util.concurrent.ThreadPoolExecutor.runWorker(ThreadPoolExecutor.java:1142)
	at java.util.concurrent.ThreadPoolExecutor$Worker.run(ThreadPoolExecutor.java:617)
	at java.lang.Thread.run(Thread.java:745)
</pre></div></td>
<td>107</td>
<td>com.hybridframework_Selenium.testcases.TC005_Flight_SearchListingTestCase@5c072e3f</td></tr>
</table><p>
<table width='100%' border='1' class='invocation-skipped'>
<tr><td colspan='4' align='center'><b>SKIPPED TESTS</b></td></tr>
<tr><td><b>Test method</b></td>
<td width="30%"><b>Exception</b></td>
<td width="10%"><b>Time (seconds)</b></td>
<td><b>Instance</b></td>
</tr>
<tr>
<td title='com.hybridframework_Selenium.testcases.TC005_Flight_SearchListingTestCase.flight_SearchListingTestCase()'><b>flight_SearchListingTestCase</b><br>Test class: com.hybridframework_Selenium.testcases.TC005_Flight_SearchListingTestCase<br/>
<a href="#Output-1286109587" onClick='toggleBox("Output-1286109587", this, "Show output", "Hide output");'>Show output</a>

<a href="#Output-1286109587" onClick="toggleAllBoxes();">Show all outputs</a>
<div class='log' id="Output-1286109587">
Automation test is Start, Test name is: flight_SearchListingTestCase<br/>
Executable test cases name is :flightSearchlistTestCase<br/>
openBrowser--browserName--<br/>
Opening the chromeBrowser in Windows 7System<br/>
navigateURL--URL--<br/>
Navigating the URL. The Domain Name is https://www.makemytrip.com/<br/>
click--homepage.from.box--<br/>
Clicking the given object. and the element is =>>[[ChromeDriver: chrome on XP (3f59e91e3da574382961d9baf30e04d4)] -> id: hp-widget__sfrom]<br/>
selectdivOptions--homepage.from.options--Delhi<br/>
click--homepage.to.box--<br/>
Clicking the given object. and the element is =>>[[ChromeDriver: chrome on XP (3f59e91e3da574382961d9baf30e04d4)] -> id: hp-widget__sTo]<br/>
selectdivOptions--homepage.to.options--Mumbai<br/>
click--homepage.go.date--<br/>
Clicking the given object. and the element is =>>[[ChromeDriver: chrome on XP (3f59e91e3da574382961d9baf30e04d4)] -> id: hp-widget__depart]<br/>
chooseDate----12-October 2017<br/>
click--homepage.passenger--<br/>
Clicking the given object. and the element is =>>[[ChromeDriver: chrome on XP (3f59e91e3da574382961d9baf30e04d4)] -> id: hp-widget__paxCounter]<br/>
chooseAdults----2<br/>
chooseChildrans----0<br/>
chooseInfants----0<br/>
click--homepage.passenger.done--<br/>
Clicking the given object. and the element is =>>[[ChromeDriver: chrome on XP (3f59e91e3da574382961d9baf30e04d4)] -> xpath: //*[@id='js-filterOptins']/div/div[9]/div/p/a]<br/>
verifyHiddenValue--homepage.passenger--<br/>
click--homepage.class--<br/>
Clicking the given object. and the element is =>>[[ChromeDriver: chrome on XP (3f59e91e3da574382961d9baf30e04d4)] -> id: hp-widget__class]<br/>
chooseClass----Economy<br/>
click--homepage.searchbtn--<br/>
Clicking the given object. and the element is =>>[[ChromeDriver: chrome on XP (3f59e91e3da574382961d9baf30e04d4)] -> id: searchBtn]<br/>
verifyTotalinSplit--listingpage.total--<br/>
scrollDownVerifyCount--listingpage.nameslist|listingpage.total--<br/>
printAllprojectnames--listingpage.nameslist--<br/>
chooseOnBook--listingpage.nameslist|listingpage.flightprice|flightreviewpage.finalprice--6E-957<br/>
Automation test is skipped. This Test Name is flight_SearchListingTestCase<br/>
</div>
</td>
<td><div><pre>java.lang.NumberFormatException: For input string: &quot;Rs. 5,606&quot;
	at java.lang.NumberFormatException.forInputString(NumberFormatException.java:65)
	at java.lang.Integer.parseInt(Integer.java:580)
	at java.lang.Integer.parseInt(Integer.java:615)
	at com.hybridframework_Selenium.testScripts.Keywords.chooseOnBook(Keywords.java:411)
	at com.hybridframework_Selenium.testScripts.Keywords.executeKeywords(Keywords.java:132)
	at com.hybridframework_Selenium.testcases.TC005_Flight_SearchListingTestCase.flight_SearchListingTestCase(TC005_Flight_SearchListingTestCase.java:18)
	at java.util.concurrent.ThreadPoolExecutor.runWorker(ThreadPoolExecutor.java:1142)
	at java.util.concurrent.ThreadPoolExecutor$Worker.run(ThreadPoolExecutor.java:617)
	at java.lang.Thread.run(Thread.java:745)
... Removed 10 stack frames</pre></div><a href='#' onClick='toggleBox("stack-trace1286109587", this, "Click to show all stack frames", "Click to hide stack frames")'>Click to show all stack frames</a>
<div class='stack-trace' id='stack-trace1286109587'><pre>java.lang.NumberFormatException: For input string: &quot;Rs. 5,606&quot;
	at java.lang.NumberFormatException.forInputString(NumberFormatException.java:65)
	at java.lang.Integer.parseInt(Integer.java:580)
	at java.lang.Integer.parseInt(Integer.java:615)
	at com.hybridframework_Selenium.testScripts.Keywords.chooseOnBook(Keywords.java:411)
	at com.hybridframework_Selenium.testScripts.Keywords.executeKeywords(Keywords.java:132)
	at com.hybridframework_Selenium.testcases.TC005_Flight_SearchListingTestCase.flight_SearchListingTestCase(TC005_Flight_SearchListingTestCase.java:18)
	at sun.reflect.NativeMethodAccessorImpl.invoke0(Native Method)
	at sun.reflect.NativeMethodAccessorImpl.invoke(NativeMethodAccessorImpl.java:62)
	at sun.reflect.DelegatingMethodAccessorImpl.invoke(DelegatingMethodAccessorImpl.java:43)
	at java.lang.reflect.Method.invoke(Method.java:497)
	at org.testng.internal.MethodInvocationHelper.invokeMethod(MethodInvocationHelper.java:104)
	at org.testng.internal.Invoker.invokeMethod(Invoker.java:645)
	at org.testng.internal.Invoker.invokeTestMethod(Invoker.java:851)
	at org.testng.internal.Invoker.invokeTestMethods(Invoker.java:1177)
	at org.testng.internal.TestMethodWorker.invokeTestMethods(TestMethodWorker.java:129)
	at org.testng.internal.TestMethodWorker.run(TestMethodWorker.java:112)
	at java.util.concurrent.ThreadPoolExecutor.runWorker(ThreadPoolExecutor.java:1142)
	at java.util.concurrent.ThreadPoolExecutor$Worker.run(ThreadPoolExecutor.java:617)
	at java.lang.Thread.run(Thread.java:745)
</pre></div></td>
<td>99</td>
<td>com.hybridframework_Selenium.testcases.TC005_Flight_SearchListingTestCase@5c072e3f</td></tr>
</table><p>
</body>
</html>