<?xml version="1.0" encoding="UTF-8"?>
<!-- Generated by org.testng.reporters.JUnitXMLReporter -->
<testsuite hostname="admin-PC" ignored="0" name="Hotel Search listing page Regression Test" tests="1" failures="1" timestamp="10 Sep 2017 17:23:17 GMT" time="205.362" errors="0">
  <testcase name="hotelSearchlistTestCase" time="196.517" classname="com.hybridframework_Selenium.testcases.TC006_HotelSearchlistTestCase">
    <failure type="org.openqa.selenium.WebDriverException" message="Element &amp;lt;a href=&amp;quot;javascript:void(0);&amp;quot; class=&amp;quot;btn htR-paymnt-btn text-uppercase append_bottom10&amp;quot; id=&amp;quot;makePaymentId&amp;quot; onclick=&amp;quot;makePayment(this);&amp;quot;&amp;gt;&amp;lt;/a&amp;gt; is not clickable at point (1091.5, 30). Other element would receive the click: &amp;lt;span&amp;gt;&amp;lt;/span&amp;gt;
Command duration or timeout: 104 milliseconds
Build info: version: &amp;apos;3.1.0&amp;apos;, revision: &amp;apos;b94c902&amp;apos;, time: &amp;apos;2017-02-16 12:21:31 -0800&amp;apos;
System info: host: &amp;apos;ADMIN-PC&amp;apos;, ip: &amp;apos;169.254.230.1&amp;apos;, os.name: &amp;apos;Windows 7&amp;apos;, os.arch: &amp;apos;amd64&amp;apos;, os.version: &amp;apos;6.1&amp;apos;, java.version: &amp;apos;1.8.0_71&amp;apos;
Driver info: org.openqa.selenium.firefox.FirefoxDriver
Capabilities [{applicationCacheEnabled=true, rotatable=false, handlesAlerts=true, databaseEnabled=true, version=43.0.1, platform=WINDOWS, nativeEvents=false, acceptSslCerts=true, webStorageEnabled=true, locationContextEnabled=true, browserName=firefox, takesScreenshot=true, javascriptEnabled=true, cssSelectorsEnabled=true}]
Session ID: 412b4cad-61d9-4c3b-a6ed-38855449aebe">
      <![CDATA[org.openqa.selenium.WebDriverException: Element <a href="javascript:void(0);" class="btn htR-paymnt-btn text-uppercase append_bottom10" id="makePaymentId" onclick="makePayment(this);"></a> is not clickable at point (1091.5, 30). Other element would receive the click: <span></span>
Command duration or timeout: 104 milliseconds
Build info: version: '3.1.0', revision: 'b94c902', time: '2017-02-16 12:21:31 -0800'
System info: host: 'ADMIN-PC', ip: '169.254.230.1', os.name: 'Windows 7', os.arch: 'amd64', os.version: '6.1', java.version: '1.8.0_71'
Driver info: org.openqa.selenium.firefox.FirefoxDriver
Capabilities [{applicationCacheEnabled=true, rotatable=false, handlesAlerts=true, databaseEnabled=true, version=43.0.1, platform=WINDOWS, nativeEvents=false, acceptSslCerts=true, webStorageEnabled=true, locationContextEnabled=true, browserName=firefox, takesScreenshot=true, javascriptEnabled=true, cssSelectorsEnabled=true}]
Session ID: 412b4cad-61d9-4c3b-a6ed-38855449aebe
	at org.openqa.selenium.remote.ErrorHandler.createThrowable(ErrorHandler.java:216)
	at org.openqa.selenium.remote.ErrorHandler.throwIfResponseFailed(ErrorHandler.java:168)
	at org.openqa.selenium.remote.RemoteWebDriver.execute(RemoteWebDriver.java:635)
	at org.openqa.selenium.remote.RemoteWebElement.execute(RemoteWebElement.java:274)
	at org.openqa.selenium.remote.RemoteWebElement.click(RemoteWebElement.java:84)
	at com.hybridframework_Selenium.testScripts.Keywords.click(Keywords.java:304)
	at com.hybridframework_Selenium.testScripts.Keywords.executeKeywords(Keywords.java:85)
	at com.hybridframework_Selenium.testcases.TC006_HotelSearchlistTestCase.hotelSearchlistTestCase(TC006_HotelSearchlistTestCase.java:24)
	at java.util.concurrent.ThreadPoolExecutor.runWorker(ThreadPoolExecutor.java:1142)
	at java.util.concurrent.ThreadPoolExecutor$Worker.run(ThreadPoolExecutor.java:617)
	at java.lang.Thread.run(Thread.java:745)
... Removed 14 stack frames]]>
    </failure>
  </testcase> <!-- hotelSearchlistTestCase -->
</testsuite> <!-- Hotel Search listing page Regression Test -->
