<html>
<head>
<title>TestNG:  Login Regression Test</title>
<link href="../testng.css" rel="stylesheet" type="text/css" />
<link href="../my-testng.css" rel="stylesheet" type="text/css" />

<style type="text/css">
.log { display: none;} 
.stack-trace { display: none;} 
</style>
<script type="text/javascript">
<!--
function flip(e) {
  current = e.style.display;
  if (current == 'block') {
    e.style.display = 'none';
    return 0;
  }
  else {
    e.style.display = 'block';
    return 1;
  }
}

function toggleBox(szDivId, elem, msg1, msg2)
{
  var res = -1;  if (document.getElementById) {
    res = flip(document.getElementById(szDivId));
  }
  else if (document.all) {
    // this is the way old msie versions work
    res = flip(document.all[szDivId]);
  }
  if(elem) {
    if(res == 0) elem.innerHTML = msg1; else elem.innerHTML = msg2;
  }

}

function toggleAllBoxes() {
  if (document.getElementsByTagName) {
    d = document.getElementsByTagName('div');
    for (i = 0; i < d.length; i++) {
      if (d[i].className == 'log') {
        flip(d[i]);
      }
    }
  }
}

// -->
</script>

</head>
<body>
<h2 align='center'>Login Regression Test</h2><table border='1' align="center">
<tr>
<td>Tests passed/Failed/Skipped:</td><td>2/0/4</td>
</tr><tr>
<td>Started on:</td><td>Sun Sep 03 13:54:58 IST 2017</td>
</tr>
<tr><td>Total time:</td><td>92 seconds (92388 ms)</td>
</tr><tr>
<td>Included groups:</td><td></td>
</tr><tr>
<td>Excluded groups:</td><td></td>
</tr>
</table><p/>
<small><i>(Hover the method name to see the test class name)</i></small><p/>
<table width='100%' border='1' class='invocation-passed'>
<tr><td colspan='4' align='center'><b>PASSED TESTS</b></td></tr>
<tr><td><b>Test method</b></td>
<td width="30%"><b>Exception</b></td>
<td width="10%"><b>Time (seconds)</b></td>
<td><b>Instance</b></td>
</tr>
<tr>
<td title='com.hybridframework_Selenium.testcases.TC001_LoginPageTestcase.loginTestwithDifferentscenarios()'><b>loginTestwithDifferentscenarios</b><br>Test class: com.hybridframework_Selenium.testcases.TC001_LoginPageTestcase<br>Parameters: {Status=PASS, Password=545, Runmode=Y, Expected_Result=Please enter an Email Address, Email=}<br/>
<a href="#Output-1472920187" onClick='toggleBox("Output-1472920187", this, "Show output", "Hide output");'>Show output</a>

<a href="#Output-1472920187" onClick="toggleAllBoxes();">Show all outputs</a>
<div class='log' id="Output-1472920187">
Automation test is Start, Test name is: loginTestwithDifferentscenarios<br/>
Executable test cases name is :loginTestwithDifferentscenarios<br/>
openBrowser--browserName--<br/>
Opening the chromeBrowser in Windows 7System<br/>
navigateURL--URL--<br/>
Navigating the URL. The Domain Name is https://www.makemytrip.com/<br/>
verifyLink--login_link--<br/>
click--login_link--<br/>
Clicking the given object. and the element is =>>[[ChromeDriver: chrome on XP (e555bc5a93716191ddf4cd2709c5ee24)] -> xpath: //*[@id='ch_login_icon']/span[2]]<br/>
input--loginemailtxtbox--Email<br/>
Entering the values in given webelement. The element name is =>>[[ChromeDriver: chrome on XP (e555bc5a93716191ddf4cd2709c5ee24)] -> id: ch_login_email]<br/>
input--loginpasswdtxtbox--Password<br/>
Entering the values in given webelement. The element name is =>>[[ChromeDriver: chrome on XP (e555bc5a93716191ddf4cd2709c5ee24)] -> id: ch_login_password]<br/>
click--loginlinkbtn--<br/>
Clicking the given object. and the element is =>>[[ChromeDriver: chrome on XP (e555bc5a93716191ddf4cd2709c5ee24)] -> id: ch_login_btn]<br/>
verifySuccessMsg--loginemailtxtboxerrmsg|loginpasswdtxtboxerrmsg|afterloginusername|loginerrmsg--Expected_Result<br/>
close----<br/>
</div>
</td>
<td></td>
<td>66</td>
<td>com.hybridframework_Selenium.testcases.TC001_LoginPageTestcase@2f0a87b3</td></tr>
<tr>
<td title='com.hybridframework_Selenium.testcases.TC001_LoginPageTestcase.loginTestwithDifferentscenarios()'><b>loginTestwithDifferentscenarios</b><br>Test class: com.hybridframework_Selenium.testcases.TC001_LoginPageTestcase<br>Parameters: {Status=PASS, Password=, Runmode=Y, Expected_Result=Please enter a password, Email=Jkay@yopmail.com}<br/>
<a href="#Output-33892142" onClick='toggleBox("Output-33892142", this, "Show output", "Hide output");'>Show output</a>

<a href="#Output-33892142" onClick="toggleAllBoxes();">Show all outputs</a>
<div class='log' id="Output-33892142">
Automation test is Start, Test name is: loginTestwithDifferentscenarios<br/>
Executable test cases name is :loginTestwithDifferentscenarios<br/>
openBrowser--browserName--<br/>
Opening the chromeBrowser in Windows 7System<br/>
navigateURL--URL--<br/>
Navigating the URL. The Domain Name is https://www.makemytrip.com/<br/>
verifyLink--login_link--<br/>
click--login_link--<br/>
Clicking the given object. and the element is =>>[[ChromeDriver: chrome on XP (2a525292b969d20956ee0bae5577214a)] -> xpath: //*[@id='ch_login_icon']/span[2]]<br/>
input--loginemailtxtbox--Email<br/>
Entering the values in given webelement. The element name is =>>[[ChromeDriver: chrome on XP (2a525292b969d20956ee0bae5577214a)] -> id: ch_login_email]<br/>
input--loginpasswdtxtbox--Password<br/>
Entering the values in given webelement. The element name is =>>[[ChromeDriver: chrome on XP (2a525292b969d20956ee0bae5577214a)] -> id: ch_login_password]<br/>
click--loginlinkbtn--<br/>
Clicking the given object. and the element is =>>[[ChromeDriver: chrome on XP (2a525292b969d20956ee0bae5577214a)] -> id: ch_login_btn]<br/>
verifySuccessMsg--loginemailtxtboxerrmsg|loginpasswdtxtboxerrmsg|afterloginusername|loginerrmsg--Expected_Result<br/>
close----<br/>
</div>
</td>
<td></td>
<td>24</td>
<td>com.hybridframework_Selenium.testcases.TC001_LoginPageTestcase@2f0a87b3</td></tr>
</table><p>
<table width='100%' border='1' class='invocation-skipped'>
<tr><td colspan='4' align='center'><b>SKIPPED TESTS</b></td></tr>
<tr><td><b>Test method</b></td>
<td width="30%"><b>Exception</b></td>
<td width="10%"><b>Time (seconds)</b></td>
<td><b>Instance</b></td>
</tr>
<tr>
<td title='com.hybridframework_Selenium.testcases.TC001_LoginPageTestcase.loginTestwithDifferentscenarios()'><b>loginTestwithDifferentscenarios</b><br>Test class: com.hybridframework_Selenium.testcases.TC001_LoginPageTestcase<br>Parameters: {Status=SKIP, Password=, Runmode=N, Expected_Result=Please enter an Email Address, Email=}<br/>
<a href="#Output-1041867130" onClick='toggleBox("Output-1041867130", this, "Show output", "Hide output");'>Show output</a>

<a href="#Output-1041867130" onClick="toggleAllBoxes();">Show all outputs</a>
<div class='log' id="Output-1041867130">
Automation test is Start, Test name is: loginTestwithDifferentscenarios<br/>
Automation test is skipped. This Test Name is loginTestwithDifferentscenarios<br/>
</div>
</td>
<td><div><pre>org.testng.SkipException: User is set this test case data runmode is No
	at com.hybridframework_Selenium.testcases.TC001_LoginPageTestcase.loginTestwithDifferentscenarios(TC001_LoginPageTestcase.java:32)
	at java.util.concurrent.ThreadPoolExecutor.runWorker(ThreadPoolExecutor.java:1142)
	at java.util.concurrent.ThreadPoolExecutor$Worker.run(ThreadPoolExecutor.java:617)
	at java.lang.Thread.run(Thread.java:745)
... Removed 10 stack frames</pre></div><a href='#' onClick='toggleBox("stack-trace1041867130", this, "Click to show all stack frames", "Click to hide stack frames")'>Click to show all stack frames</a>
<div class='stack-trace' id='stack-trace1041867130'><pre>org.testng.SkipException: User is set this test case data runmode is No
	at com.hybridframework_Selenium.testcases.TC001_LoginPageTestcase.loginTestwithDifferentscenarios(TC001_LoginPageTestcase.java:32)
	at sun.reflect.NativeMethodAccessorImpl.invoke0(Native Method)
	at sun.reflect.NativeMethodAccessorImpl.invoke(NativeMethodAccessorImpl.java:62)
	at sun.reflect.DelegatingMethodAccessorImpl.invoke(DelegatingMethodAccessorImpl.java:43)
	at java.lang.reflect.Method.invoke(Method.java:497)
	at org.testng.internal.MethodInvocationHelper.invokeMethod(MethodInvocationHelper.java:104)
	at org.testng.internal.Invoker.invokeMethod(Invoker.java:645)
	at org.testng.internal.Invoker.invokeTestMethod(Invoker.java:851)
	at org.testng.internal.Invoker.invokeTestMethods(Invoker.java:1177)
	at org.testng.internal.TestMethodWorker.invokeTestMethods(TestMethodWorker.java:129)
	at org.testng.internal.TestMethodWorker.run(TestMethodWorker.java:112)
	at java.util.concurrent.ThreadPoolExecutor.runWorker(ThreadPoolExecutor.java:1142)
	at java.util.concurrent.ThreadPoolExecutor$Worker.run(ThreadPoolExecutor.java:617)
	at java.lang.Thread.run(Thread.java:745)
</pre></div></td>
<td>0</td>
<td>com.hybridframework_Selenium.testcases.TC001_LoginPageTestcase@2f0a87b3</td></tr>
<tr>
<td title='com.hybridframework_Selenium.testcases.TC001_LoginPageTestcase.loginTestwithDifferentscenarios()'><b>loginTestwithDifferentscenarios</b><br>Test class: com.hybridframework_Selenium.testcases.TC001_LoginPageTestcase<br>Parameters: {Status=SKIP, Password=hjkhjhdjd^7, Runmode=N, Expected_Result=Username and password doesn't match, Email=test@yopmail.com}<br/>
<a href="#Output-1062259319" onClick='toggleBox("Output-1062259319", this, "Show output", "Hide output");'>Show output</a>

<a href="#Output-1062259319" onClick="toggleAllBoxes();">Show all outputs</a>
<div class='log' id="Output-1062259319">
Automation test is Start, Test name is: loginTestwithDifferentscenarios<br/>
Automation test is skipped. This Test Name is loginTestwithDifferentscenarios<br/>
</div>
</td>
<td><div><pre>org.testng.SkipException: User is set this test case data runmode is No
	at com.hybridframework_Selenium.testcases.TC001_LoginPageTestcase.loginTestwithDifferentscenarios(TC001_LoginPageTestcase.java:32)
	at java.util.concurrent.ThreadPoolExecutor.runWorker(ThreadPoolExecutor.java:1142)
	at java.util.concurrent.ThreadPoolExecutor$Worker.run(ThreadPoolExecutor.java:617)
	at java.lang.Thread.run(Thread.java:745)
... Removed 10 stack frames</pre></div><a href='#' onClick='toggleBox("stack-trace1062259319", this, "Click to show all stack frames", "Click to hide stack frames")'>Click to show all stack frames</a>
<div class='stack-trace' id='stack-trace1062259319'><pre>org.testng.SkipException: User is set this test case data runmode is No
	at com.hybridframework_Selenium.testcases.TC001_LoginPageTestcase.loginTestwithDifferentscenarios(TC001_LoginPageTestcase.java:32)
	at sun.reflect.NativeMethodAccessorImpl.invoke0(Native Method)
	at sun.reflect.NativeMethodAccessorImpl.invoke(NativeMethodAccessorImpl.java:62)
	at sun.reflect.DelegatingMethodAccessorImpl.invoke(DelegatingMethodAccessorImpl.java:43)
	at java.lang.reflect.Method.invoke(Method.java:497)
	at org.testng.internal.MethodInvocationHelper.invokeMethod(MethodInvocationHelper.java:104)
	at org.testng.internal.Invoker.invokeMethod(Invoker.java:645)
	at org.testng.internal.Invoker.invokeTestMethod(Invoker.java:851)
	at org.testng.internal.Invoker.invokeTestMethods(Invoker.java:1177)
	at org.testng.internal.TestMethodWorker.invokeTestMethods(TestMethodWorker.java:129)
	at org.testng.internal.TestMethodWorker.run(TestMethodWorker.java:112)
	at java.util.concurrent.ThreadPoolExecutor.runWorker(ThreadPoolExecutor.java:1142)
	at java.util.concurrent.ThreadPoolExecutor$Worker.run(ThreadPoolExecutor.java:617)
	at java.lang.Thread.run(Thread.java:745)
</pre></div></td>
<td>0</td>
<td>com.hybridframework_Selenium.testcases.TC001_LoginPageTestcase@2f0a87b3</td></tr>
<tr>
<td title='com.hybridframework_Selenium.testcases.TC001_LoginPageTestcase.loginTestwithDifferentscenarios()'><b>loginTestwithDifferentscenarios</b><br>Test class: com.hybridframework_Selenium.testcases.TC001_LoginPageTestcase<br>Parameters: {Status=SKIP, Password=jakay07@, Runmode=N, Expected_Result=Hey , Email=jakay507@gmail.com}<br/>
<a href="#Output-528833227" onClick='toggleBox("Output-528833227", this, "Show output", "Hide output");'>Show output</a>

<a href="#Output-528833227" onClick="toggleAllBoxes();">Show all outputs</a>
<div class='log' id="Output-528833227">
Automation test is Start, Test name is: loginTestwithDifferentscenarios<br/>
Automation test is skipped. This Test Name is loginTestwithDifferentscenarios<br/>
</div>
</td>
<td><div><pre>org.testng.SkipException: User is set this test case data runmode is No
	at com.hybridframework_Selenium.testcases.TC001_LoginPageTestcase.loginTestwithDifferentscenarios(TC001_LoginPageTestcase.java:32)
	at java.util.concurrent.ThreadPoolExecutor.runWorker(ThreadPoolExecutor.java:1142)
	at java.util.concurrent.ThreadPoolExecutor$Worker.run(ThreadPoolExecutor.java:617)
	at java.lang.Thread.run(Thread.java:745)
... Removed 10 stack frames</pre></div><a href='#' onClick='toggleBox("stack-trace528833227", this, "Click to show all stack frames", "Click to hide stack frames")'>Click to show all stack frames</a>
<div class='stack-trace' id='stack-trace528833227'><pre>org.testng.SkipException: User is set this test case data runmode is No
	at com.hybridframework_Selenium.testcases.TC001_LoginPageTestcase.loginTestwithDifferentscenarios(TC001_LoginPageTestcase.java:32)
	at sun.reflect.NativeMethodAccessorImpl.invoke0(Native Method)
	at sun.reflect.NativeMethodAccessorImpl.invoke(NativeMethodAccessorImpl.java:62)
	at sun.reflect.DelegatingMethodAccessorImpl.invoke(DelegatingMethodAccessorImpl.java:43)
	at java.lang.reflect.Method.invoke(Method.java:497)
	at org.testng.internal.MethodInvocationHelper.invokeMethod(MethodInvocationHelper.java:104)
	at org.testng.internal.Invoker.invokeMethod(Invoker.java:645)
	at org.testng.internal.Invoker.invokeTestMethod(Invoker.java:851)
	at org.testng.internal.Invoker.invokeTestMethods(Invoker.java:1177)
	at org.testng.internal.TestMethodWorker.invokeTestMethods(TestMethodWorker.java:129)
	at org.testng.internal.TestMethodWorker.run(TestMethodWorker.java:112)
	at java.util.concurrent.ThreadPoolExecutor.runWorker(ThreadPoolExecutor.java:1142)
	at java.util.concurrent.ThreadPoolExecutor$Worker.run(ThreadPoolExecutor.java:617)
	at java.lang.Thread.run(Thread.java:745)
</pre></div></td>
<td>0</td>
<td>com.hybridframework_Selenium.testcases.TC001_LoginPageTestcase@2f0a87b3</td></tr>
<tr>
<td title='com.hybridframework_Selenium.testcases.TC001_LoginPageTestcase.loginTestwithDifferentscenarios()'><b>loginTestwithDifferentscenarios</b><br>Test class: com.hybridframework_Selenium.testcases.TC001_LoginPageTestcase<br>Parameters: {Status=SKIP, Password=12345678, Runmode=N, Expected_Result=User is not registered, Email=jakay34@gmail.com}<br/>
<a href="#Output-89770973" onClick='toggleBox("Output-89770973", this, "Show output", "Hide output");'>Show output</a>

<a href="#Output-89770973" onClick="toggleAllBoxes();">Show all outputs</a>
<div class='log' id="Output-89770973">
Automation test is Start, Test name is: loginTestwithDifferentscenarios<br/>
Automation test is skipped. This Test Name is loginTestwithDifferentscenarios<br/>
</div>
</td>
<td><div><pre>org.testng.SkipException: User is set this test case data runmode is No
	at com.hybridframework_Selenium.testcases.TC001_LoginPageTestcase.loginTestwithDifferentscenarios(TC001_LoginPageTestcase.java:32)
	at java.util.concurrent.ThreadPoolExecutor.runWorker(ThreadPoolExecutor.java:1142)
	at java.util.concurrent.ThreadPoolExecutor$Worker.run(ThreadPoolExecutor.java:617)
	at java.lang.Thread.run(Thread.java:745)
... Removed 10 stack frames</pre></div><a href='#' onClick='toggleBox("stack-trace89770973", this, "Click to show all stack frames", "Click to hide stack frames")'>Click to show all stack frames</a>
<div class='stack-trace' id='stack-trace89770973'><pre>org.testng.SkipException: User is set this test case data runmode is No
	at com.hybridframework_Selenium.testcases.TC001_LoginPageTestcase.loginTestwithDifferentscenarios(TC001_LoginPageTestcase.java:32)
	at sun.reflect.NativeMethodAccessorImpl.invoke0(Native Method)
	at sun.reflect.NativeMethodAccessorImpl.invoke(NativeMethodAccessorImpl.java:62)
	at sun.reflect.DelegatingMethodAccessorImpl.invoke(DelegatingMethodAccessorImpl.java:43)
	at java.lang.reflect.Method.invoke(Method.java:497)
	at org.testng.internal.MethodInvocationHelper.invokeMethod(MethodInvocationHelper.java:104)
	at org.testng.internal.Invoker.invokeMethod(Invoker.java:645)
	at org.testng.internal.Invoker.invokeTestMethod(Invoker.java:851)
	at org.testng.internal.Invoker.invokeTestMethods(Invoker.java:1177)
	at org.testng.internal.TestMethodWorker.invokeTestMethods(TestMethodWorker.java:129)
	at org.testng.internal.TestMethodWorker.run(TestMethodWorker.java:112)
	at java.util.concurrent.ThreadPoolExecutor.runWorker(ThreadPoolExecutor.java:1142)
	at java.util.concurrent.ThreadPoolExecutor$Worker.run(ThreadPoolExecutor.java:617)
	at java.lang.Thread.run(Thread.java:745)
</pre></div></td>
<td>0</td>
<td>com.hybridframework_Selenium.testcases.TC001_LoginPageTestcase@2f0a87b3</td></tr>
</table><p>
</body>
</html>