<html>
<head>
<title>TestNG:  Normal Login Flow Regression Test</title>
<link href="../testng.css" rel="stylesheet" type="text/css" />
<link href="../my-testng.css" rel="stylesheet" type="text/css" />

<style type="text/css">
.log { display: none;} 
.stack-trace { display: none;} 
</style>
<script type="text/javascript">
<!--
function flip(e) {
  current = e.style.display;
  if (current == 'block') {
    e.style.display = 'none';
    return 0;
  }
  else {
    e.style.display = 'block';
    return 1;
  }
}

function toggleBox(szDivId, elem, msg1, msg2)
{
  var res = -1;  if (document.getElementById) {
    res = flip(document.getElementById(szDivId));
  }
  else if (document.all) {
    // this is the way old msie versions work
    res = flip(document.all[szDivId]);
  }
  if(elem) {
    if(res == 0) elem.innerHTML = msg1; else elem.innerHTML = msg2;
  }

}

function toggleAllBoxes() {
  if (document.getElementsByTagName) {
    d = document.getElementsByTagName('div');
    for (i = 0; i < d.length; i++) {
      if (d[i].className == 'log') {
        flip(d[i]);
      }
    }
  }
}

// -->
</script>

</head>
<body>
<h2 align='center'>Normal Login Flow Regression Test</h2><table border='1' align="center">
<tr>
<td>Tests passed/Failed/Skipped:</td><td>0/1/1</td>
</tr><tr>
<td>Started on:</td><td>Sun Sep 03 13:56:54 IST 2017</td>
</tr>
<tr><td>Total time:</td><td>51 seconds (51572 ms)</td>
</tr><tr>
<td>Included groups:</td><td></td>
</tr><tr>
<td>Excluded groups:</td><td></td>
</tr>
</table><p/>
<small><i>(Hover the method name to see the test class name)</i></small><p/>
<table width='100%' border='1' class='invocation-failed'>
<tr><td colspan='4' align='center'><b>FAILED TESTS</b></td></tr>
<tr><td><b>Test method</b></td>
<td width="30%"><b>Exception</b></td>
<td width="10%"><b>Time (seconds)</b></td>
<td><b>Instance</b></td>
</tr>
<tr>
<td title='com.hybridframework_Selenium.testcases.TC003_NormalFlowLoginTest.normalFlowLoginTestcase()'><b>normalFlowLoginTestcase</b><br>Test class: com.hybridframework_Selenium.testcases.TC003_NormalFlowLoginTest<br/>
<a href="#Output-1149765404" onClick='toggleBox("Output-1149765404", this, "Show output", "Hide output");'>Show output</a>

<a href="#Output-1149765404" onClick="toggleAllBoxes();">Show all outputs</a>
<div class='log' id="Output-1149765404">
Automation test is Start, Test name is: normalFlowLoginTestcase<br/>
Executable test cases name is :normalFlowLoginTestcase<br/>
openBrowser--browserName--<br/>
Opening the chromeBrowser in Windows 7System<br/>
navigateURL--URL--<br/>
Navigating the URL. The Domain Name is https://www.makemytrip.com/<br/>
verifyTitle--homepageTitle--<br/>
Verifing the given domain Url title.And the Title is =>>MakeMyTrip - #1 Travel Website 50% OFF on Hotels, Flights & HolidayExpected Title is: <br/>
</div>
</td>
<td><div><pre>java.lang.AssertionError: expected [] but found [MakeMyTrip - #1 Travel Website 50% OFF on Hotels, Flights &amp; Holiday]
	at com.hybridframework_Selenium.testScripts.Keywords.verifyTitle(Keywords.java:260)
	at com.hybridframework_Selenium.testScripts.Keywords.executeKeywords(Keywords.java:75)
	at com.hybridframework_Selenium.testcases.TC003_NormalFlowLoginTest.normalFlowLoginTestcase(TC003_NormalFlowLoginTest.java:26)
	at java.util.concurrent.ThreadPoolExecutor.runWorker(ThreadPoolExecutor.java:1142)
	at java.util.concurrent.ThreadPoolExecutor$Worker.run(ThreadPoolExecutor.java:617)
	at java.lang.Thread.run(Thread.java:745)
... Removed 16 stack frames</pre></div><a href='#' onClick='toggleBox("stack-trace1149765404", this, "Click to show all stack frames", "Click to hide stack frames")'>Click to show all stack frames</a>
<div class='stack-trace' id='stack-trace1149765404'><pre>java.lang.AssertionError: expected [] but found [MakeMyTrip - #1 Travel Website 50% OFF on Hotels, Flights &amp; Holiday]
	at org.testng.Assert.fail(Assert.java:94)
	at org.testng.Assert.failNotEquals(Assert.java:513)
	at org.testng.Assert.assertEqualsImpl(Assert.java:135)
	at org.testng.Assert.assertEquals(Assert.java:116)
	at org.testng.Assert.assertEquals(Assert.java:190)
	at org.testng.Assert.assertEquals(Assert.java:200)
	at com.hybridframework_Selenium.testScripts.Keywords.verifyTitle(Keywords.java:260)
	at com.hybridframework_Selenium.testScripts.Keywords.executeKeywords(Keywords.java:75)
	at com.hybridframework_Selenium.testcases.TC003_NormalFlowLoginTest.normalFlowLoginTestcase(TC003_NormalFlowLoginTest.java:26)
	at sun.reflect.NativeMethodAccessorImpl.invoke0(Native Method)
	at sun.reflect.NativeMethodAccessorImpl.invoke(NativeMethodAccessorImpl.java:62)
	at sun.reflect.DelegatingMethodAccessorImpl.invoke(DelegatingMethodAccessorImpl.java:43)
	at java.lang.reflect.Method.invoke(Method.java:497)
	at org.testng.internal.MethodInvocationHelper.invokeMethod(MethodInvocationHelper.java:104)
	at org.testng.internal.Invoker.invokeMethod(Invoker.java:645)
	at org.testng.internal.Invoker.retryFailed(Invoker.java:998)
	at org.testng.internal.Invoker.invokeTestMethods(Invoker.java:1200)
	at org.testng.internal.TestMethodWorker.invokeTestMethods(TestMethodWorker.java:129)
	at org.testng.internal.TestMethodWorker.run(TestMethodWorker.java:112)
	at java.util.concurrent.ThreadPoolExecutor.runWorker(ThreadPoolExecutor.java:1142)
	at java.util.concurrent.ThreadPoolExecutor$Worker.run(ThreadPoolExecutor.java:617)
	at java.lang.Thread.run(Thread.java:745)
</pre></div></td>
<td>15</td>
<td>com.hybridframework_Selenium.testcases.TC003_NormalFlowLoginTest@543788f3</td></tr>
</table><p>
<table width='100%' border='1' class='invocation-skipped'>
<tr><td colspan='4' align='center'><b>SKIPPED TESTS</b></td></tr>
<tr><td><b>Test method</b></td>
<td width="30%"><b>Exception</b></td>
<td width="10%"><b>Time (seconds)</b></td>
<td><b>Instance</b></td>
</tr>
<tr>
<td title='com.hybridframework_Selenium.testcases.TC003_NormalFlowLoginTest.normalFlowLoginTestcase()'><b>normalFlowLoginTestcase</b><br>Test class: com.hybridframework_Selenium.testcases.TC003_NormalFlowLoginTest<br/>
<a href="#Output-1612825729" onClick='toggleBox("Output-1612825729", this, "Show output", "Hide output");'>Show output</a>

<a href="#Output-1612825729" onClick="toggleAllBoxes();">Show all outputs</a>
<div class='log' id="Output-1612825729">
Automation test is Start, Test name is: normalFlowLoginTestcase<br/>
Executable test cases name is :normalFlowLoginTestcase<br/>
openBrowser--browserName--<br/>
Opening the chromeBrowser in Windows 7System<br/>
navigateURL--URL--<br/>
Navigating the URL. The Domain Name is https://www.makemytrip.com/<br/>
verifyTitle--homepageTitle--<br/>
Verifing the given domain Url title.And the Title is =>>MakeMyTrip - #1 Travel Website 50% OFF on Hotels, Flights & HolidayExpected Title is: <br/>
Automation test is skipped. This Test Name is normalFlowLoginTestcase<br/>
</div>
</td>
<td><div><pre>java.lang.AssertionError: expected [] but found [MakeMyTrip - #1 Travel Website 50% OFF on Hotels, Flights &amp; Holiday]
	at com.hybridframework_Selenium.testScripts.Keywords.verifyTitle(Keywords.java:260)
	at com.hybridframework_Selenium.testScripts.Keywords.executeKeywords(Keywords.java:75)
	at com.hybridframework_Selenium.testcases.TC003_NormalFlowLoginTest.normalFlowLoginTestcase(TC003_NormalFlowLoginTest.java:26)
	at java.util.concurrent.ThreadPoolExecutor.runWorker(ThreadPoolExecutor.java:1142)
	at java.util.concurrent.ThreadPoolExecutor$Worker.run(ThreadPoolExecutor.java:617)
	at java.lang.Thread.run(Thread.java:745)
... Removed 16 stack frames</pre></div><a href='#' onClick='toggleBox("stack-trace1612825729", this, "Click to show all stack frames", "Click to hide stack frames")'>Click to show all stack frames</a>
<div class='stack-trace' id='stack-trace1612825729'><pre>java.lang.AssertionError: expected [] but found [MakeMyTrip - #1 Travel Website 50% OFF on Hotels, Flights &amp; Holiday]
	at org.testng.Assert.fail(Assert.java:94)
	at org.testng.Assert.failNotEquals(Assert.java:513)
	at org.testng.Assert.assertEqualsImpl(Assert.java:135)
	at org.testng.Assert.assertEquals(Assert.java:116)
	at org.testng.Assert.assertEquals(Assert.java:190)
	at org.testng.Assert.assertEquals(Assert.java:200)
	at com.hybridframework_Selenium.testScripts.Keywords.verifyTitle(Keywords.java:260)
	at com.hybridframework_Selenium.testScripts.Keywords.executeKeywords(Keywords.java:75)
	at com.hybridframework_Selenium.testcases.TC003_NormalFlowLoginTest.normalFlowLoginTestcase(TC003_NormalFlowLoginTest.java:26)
	at sun.reflect.NativeMethodAccessorImpl.invoke0(Native Method)
	at sun.reflect.NativeMethodAccessorImpl.invoke(NativeMethodAccessorImpl.java:62)
	at sun.reflect.DelegatingMethodAccessorImpl.invoke(DelegatingMethodAccessorImpl.java:43)
	at java.lang.reflect.Method.invoke(Method.java:497)
	at org.testng.internal.MethodInvocationHelper.invokeMethod(MethodInvocationHelper.java:104)
	at org.testng.internal.Invoker.invokeMethod(Invoker.java:645)
	at org.testng.internal.Invoker.invokeTestMethod(Invoker.java:851)
	at org.testng.internal.Invoker.invokeTestMethods(Invoker.java:1177)
	at org.testng.internal.TestMethodWorker.invokeTestMethods(TestMethodWorker.java:129)
	at org.testng.internal.TestMethodWorker.run(TestMethodWorker.java:112)
	at java.util.concurrent.ThreadPoolExecutor.runWorker(ThreadPoolExecutor.java:1142)
	at java.util.concurrent.ThreadPoolExecutor$Worker.run(ThreadPoolExecutor.java:617)
	at java.lang.Thread.run(Thread.java:745)
</pre></div></td>
<td>25</td>
<td>com.hybridframework_Selenium.testcases.TC003_NormalFlowLoginTest@543788f3</td></tr>
</table><p>
</body>
</html>