<?xml version="1.0" encoding="UTF-8"?>
<!-- Generated by org.testng.reporters.JUnitXMLReporter -->
<testsuite hostname="admin-PC" ignored="0" name="Normal Login Flow Regression Test" tests="2" failures="1" timestamp="03 Sep 2017 08:27:46 GMT" time="51.572" errors="0">
  <testcase name="normalFlowLoginTestcase" time="25.579" classname="com.hybridframework_Selenium.testcases.TC003_NormalFlowLoginTest">
    <skipped/>
  </testcase> <!-- normalFlowLoginTestcase -->
  <testcase name="normalFlowLoginTestcase" time="15.934" classname="com.hybridframework_Selenium.testcases.TC003_NormalFlowLoginTest">
    <failure type="java.lang.AssertionError" message="expected [] but found [MakeMyTrip - #1 Travel Website 50% OFF on Hotels, Flights &amp;amp; Holiday]">
      <![CDATA[java.lang.AssertionError: expected [] but found [MakeMyTrip - #1 Travel Website 50% OFF on Hotels, Flights & Holiday]
	at com.hybridframework_Selenium.testScripts.Keywords.verifyTitle(Keywords.java:260)
	at com.hybridframework_Selenium.testScripts.Keywords.executeKeywords(Keywords.java:75)
	at com.hybridframework_Selenium.testcases.TC003_NormalFlowLoginTest.normalFlowLoginTestcase(TC003_NormalFlowLoginTest.java:26)
	at java.util.concurrent.ThreadPoolExecutor.runWorker(ThreadPoolExecutor.java:1142)
	at java.util.concurrent.ThreadPoolExecutor$Worker.run(ThreadPoolExecutor.java:617)
	at java.lang.Thread.run(Thread.java:745)
... Removed 16 stack frames]]>
    </failure>
  </testcase> <!-- normalFlowLoginTestcase -->
</testsuite> <!-- Normal Login Flow Regression Test -->
